==============================

Optimize Allocations for Interval: indexingRewardDay and Max Allocation Percentage: 0.1
  PoolTogether: 232200 allocations


  Allocations Total = 232200 GRT
  Reward = GRT 77.09969876958584

Optimize Allocations for Interval: indexingRewardWeek and Max Allocation Percentage: 0.1
  PoolTogether: 232200 allocations


  Allocations Total = 232200 GRT
  Reward = GRT 539.6974478001576

Optimize Allocations for Interval: indexingRewardYear and Max Allocation Percentage: 0.1
  PoolTogether: 232200 allocations


  Allocations Total = 232200 GRT
  Reward = GRT 28141.39005089884
==============================

Optimize Allocations for Interval: indexingRewardDay and Max Allocation Percentage: 0.2
  PoolTogether: 464400 allocations


  Allocations Total = 464400 GRT
  Reward = GRT 154.19939753917168

Optimize Allocations for Interval: indexingRewardWeek and Max Allocation Percentage: 0.2
  PoolTogether: 464400 allocations


  Allocations Total = 464400 GRT
  Reward = GRT 1079.3948956003153

Optimize Allocations for Interval: indexingRewardYear and Max Allocation Percentage: 0.2
  PoolTogether: 464400 allocations


  Allocations Total = 464400 GRT
  Reward = GRT 56282.78010179768
==============================

Optimize Allocations for Interval: indexingRewardDay and Max Allocation Percentage: 0.3
  PoolTogether: 696600 allocations


  Allocations Total = 696600 GRT
  Reward = GRT 231.29909630875756

Optimize Allocations for Interval: indexingRewardWeek and Max Allocation Percentage: 0.3
  PoolTogether: 696600 allocations


  Allocations Total = 696600 GRT
  Reward = GRT 1619.092343400473

Optimize Allocations for Interval: indexingRewardYear and Max Allocation Percentage: 0.3
  PoolTogether: 696600 allocations


  Allocations Total = 696600 GRT
  Reward = GRT 84424.17015269652
==============================

Optimize Allocations for Interval: indexingRewardDay and Max Allocation Percentage: 0.4
  PoolTogether: 928800 allocations


  Allocations Total = 928800 GRT
  Reward = GRT 308.39879507834337

Optimize Allocations for Interval: indexingRewardWeek and Max Allocation Percentage: 0.4
  PoolTogether: 928800 allocations


  Allocations Total = 928800 GRT
  Reward = GRT 2158.7897912006306

Optimize Allocations for Interval: indexingRewardYear and Max Allocation Percentage: 0.4
  PoolTogether: 928800 allocations


  Allocations Total = 928800 GRT
  Reward = GRT 112565.56020359536
==============================

Optimize Allocations for Interval: indexingRewardDay and Max Allocation Percentage: 0.5
  PoolTogether: 1161000.0 allocations


  Allocations Total = 1161000.0 GRT
  Reward = GRT 385.4984938479293

Optimize Allocations for Interval: indexingRewardWeek and Max Allocation Percentage: 0.5
  PoolTogether: 1161000.0 allocations


  Allocations Total = 1161000.0 GRT
  Reward = GRT 2698.4872390007886

Optimize Allocations for Interval: indexingRewardYear and Max Allocation Percentage: 0.5
  PoolTogether: 1161000.0 allocations


  Allocations Total = 1161000.0 GRT
  Reward = GRT 140706.9502544942
==============================

Optimize Allocations for Interval: indexingRewardDay and Max Allocation Percentage: 0.6
  PoolTogether: 1393200.0 allocations


  Allocations Total = 1393200.0 GRT
  Reward = GRT 462.5981926175151

Optimize Allocations for Interval: indexingRewardWeek and Max Allocation Percentage: 0.6
  PoolTogether: 1393200.0 allocations


  Allocations Total = 1393200.0 GRT
  Reward = GRT 3238.184686800946

Optimize Allocations for Interval: indexingRewardYear and Max Allocation Percentage: 0.6
  PoolTogether: 1393200.0 allocations


  Allocations Total = 1393200.0 GRT
  Reward = GRT 168848.34030539304
==============================

Optimize Allocations for Interval: indexingRewardDay and Max Allocation Percentage: 0.7
  PoolTogether: 1625400.0 allocations


  Allocations Total = 1625400.0 GRT
  Reward = GRT 539.697891387101

Optimize Allocations for Interval: indexingRewardWeek and Max Allocation Percentage: 0.7
  PoolTogether: 1625400.0 allocations


  Allocations Total = 1625400.0 GRT
  Reward = GRT 3777.8821346011036

Optimize Allocations for Interval: indexingRewardYear and Max Allocation Percentage: 0.7
  PoolTogether: 1625400.0 allocations


  Allocations Total = 1625400.0 GRT
  Reward = GRT 196989.73035629187
==============================

Optimize Allocations for Interval: indexingRewardDay and Max Allocation Percentage: 0.8
  PoolTogether: 1857600.0 allocations


  Allocations Total = 1857600.0 GRT
  Reward = GRT 616.7975901566867

Optimize Allocations for Interval: indexingRewardWeek and Max Allocation Percentage: 0.8
  PoolTogether: 1857600.0 allocations


  Allocations Total = 1857600.0 GRT
  Reward = GRT 4317.579582401261

Optimize Allocations for Interval: indexingRewardYear and Max Allocation Percentage: 0.8
  PoolTogether: 1857600.0 allocations


  Allocations Total = 1857600.0 GRT
  Reward = GRT 225131.12040719073
==============================

Optimize Allocations for Interval: indexingRewardDay and Max Allocation Percentage: 0.9
  PoolTogether: 2089800.0 allocations


  Allocations Total = 2089800.0 GRT
  Reward = GRT 693.8972889262727

Optimize Allocations for Interval: indexingRewardWeek and Max Allocation Percentage: 0.9
  PoolTogether: 2089800.0 allocations


  Allocations Total = 2089800.0 GRT
  Reward = GRT 4857.277030201419

Optimize Allocations for Interval: indexingRewardYear and Max Allocation Percentage: 0.9
  PoolTogether: 2089800.0 allocations


  Allocations Total = 2089800.0 GRT
  Reward = GRT 253272.51045808953
==============================

Optimize Allocations for Interval: indexingRewardDay and Max Allocation Percentage: 1
  PoolTogether: 2322000.0 allocations


  Allocations Total = 2322000.0 GRT
  Reward = GRT 770.9969876958586

Optimize Allocations for Interval: indexingRewardWeek and Max Allocation Percentage: 1
  PoolTogether: 2322000.0 allocations


  Allocations Total = 2322000.0 GRT
  Reward = GRT 5396.974478001577

Optimize Allocations for Interval: indexingRewardYear and Max Allocation Percentage: 1
  PoolTogether: 2322000.0 allocations


  Allocations Total = 2322000.0 GRT
  Reward = GRT 281413.9005089884
