==============================

Optimize Allocations for Interval: indexingRewardDay and Max Allocation Percentage: 0.1
  PoolTogether: 232200 allocations


  Allocations Total = 232200 GRT
  Reward = GRT 77.0700657710043

Optimize Allocations for Interval: indexingRewardWeek and Max Allocation Percentage: 0.1
  PoolTogether: 232200 allocations


  Allocations Total = 232200 GRT
  Reward = GRT 539.4900169805778

Optimize Allocations for Interval: indexingRewardYear and Max Allocation Percentage: 0.1
  PoolTogether: 232200 allocations


  Allocations Total = 232200 GRT
  Reward = GRT 28130.574006416566
==============================

Optimize Allocations for Interval: indexingRewardDay and Max Allocation Percentage: 0.2
  PoolTogether: 464400 allocations


  Allocations Total = 464400 GRT
  Reward = GRT 154.1401315420086

Optimize Allocations for Interval: indexingRewardWeek and Max Allocation Percentage: 0.2
  PoolTogether: 464400 allocations


  Allocations Total = 464400 GRT
  Reward = GRT 1078.9800339611556

Optimize Allocations for Interval: indexingRewardYear and Max Allocation Percentage: 0.2
  PoolTogether: 464400 allocations


  Allocations Total = 464400 GRT
  Reward = GRT 56261.14801283313
==============================

Optimize Allocations for Interval: indexingRewardDay and Max Allocation Percentage: 0.3
  PoolTogether: 696600 allocations


  Allocations Total = 696600 GRT
  Reward = GRT 231.21019731301288

Optimize Allocations for Interval: indexingRewardWeek and Max Allocation Percentage: 0.3
  PoolTogether: 696600 allocations


  Allocations Total = 696600 GRT
  Reward = GRT 1618.4700509417335

Optimize Allocations for Interval: indexingRewardYear and Max Allocation Percentage: 0.3
  PoolTogether: 696600 allocations


  Allocations Total = 696600 GRT
  Reward = GRT 84391.72201924969
==============================

Optimize Allocations for Interval: indexingRewardDay and Max Allocation Percentage: 0.4
  PoolTogether: 928800 allocations


  Allocations Total = 928800 GRT
  Reward = GRT 308.2802630840172

Optimize Allocations for Interval: indexingRewardWeek and Max Allocation Percentage: 0.4
  PoolTogether: 928800 allocations


  Allocations Total = 928800 GRT
  Reward = GRT 2157.9600679223113

Optimize Allocations for Interval: indexingRewardYear and Max Allocation Percentage: 0.4
  PoolTogether: 928800 allocations


  Allocations Total = 928800 GRT
  Reward = GRT 112522.29602566626
==============================

Optimize Allocations for Interval: indexingRewardDay and Max Allocation Percentage: 0.5
  PoolTogether: 1161000.0 allocations


  Allocations Total = 1161000.0 GRT
  Reward = GRT 385.3503288550215

Optimize Allocations for Interval: indexingRewardWeek and Max Allocation Percentage: 0.5
  PoolTogether: 1161000.0 allocations


  Allocations Total = 1161000.0 GRT
  Reward = GRT 2697.4500849028886

Optimize Allocations for Interval: indexingRewardYear and Max Allocation Percentage: 0.5
  PoolTogether: 1161000.0 allocations


  Allocations Total = 1161000.0 GRT
  Reward = GRT 140652.87003208284
==============================

Optimize Allocations for Interval: indexingRewardDay and Max Allocation Percentage: 0.6
  PoolTogether: 1393200.0 allocations


  Allocations Total = 1393200.0 GRT
  Reward = GRT 462.42039462602577

Optimize Allocations for Interval: indexingRewardWeek and Max Allocation Percentage: 0.6
  PoolTogether: 1393200.0 allocations


  Allocations Total = 1393200.0 GRT
  Reward = GRT 3236.940101883467

Optimize Allocations for Interval: indexingRewardYear and Max Allocation Percentage: 0.6
  PoolTogether: 1393200.0 allocations


  Allocations Total = 1393200.0 GRT
  Reward = GRT 168783.44403849938
==============================

Optimize Allocations for Interval: indexingRewardDay and Max Allocation Percentage: 0.7
  PoolTogether: 1625400.0 allocations


  Allocations Total = 1625400.0 GRT
  Reward = GRT 539.4904603970301

Optimize Allocations for Interval: indexingRewardWeek and Max Allocation Percentage: 0.7
  PoolTogether: 1625400.0 allocations


  Allocations Total = 1625400.0 GRT
  Reward = GRT 3776.4301188640443

Optimize Allocations for Interval: indexingRewardYear and Max Allocation Percentage: 0.7
  PoolTogether: 1625400.0 allocations


  Allocations Total = 1625400.0 GRT
  Reward = GRT 196914.01804491598
==============================

Optimize Allocations for Interval: indexingRewardDay and Max Allocation Percentage: 0.8
  PoolTogether: 1857600.0 allocations


  Allocations Total = 1857600.0 GRT
  Reward = GRT 616.5605261680344

Optimize Allocations for Interval: indexingRewardWeek and Max Allocation Percentage: 0.8
  PoolTogether: 1857600.0 allocations


  Allocations Total = 1857600.0 GRT
  Reward = GRT 4315.920135844623

Optimize Allocations for Interval: indexingRewardYear and Max Allocation Percentage: 0.8
  PoolTogether: 1857600.0 allocations


  Allocations Total = 1857600.0 GRT
  Reward = GRT 225044.59205133253
==============================

Optimize Allocations for Interval: indexingRewardDay and Max Allocation Percentage: 0.9
  PoolTogether: 2089800.0 allocations


  Allocations Total = 2089800.0 GRT
  Reward = GRT 693.6305919390387

Optimize Allocations for Interval: indexingRewardWeek and Max Allocation Percentage: 0.9
  PoolTogether: 2089800.0 allocations


  Allocations Total = 2089800.0 GRT
  Reward = GRT 4855.4101528252

Optimize Allocations for Interval: indexingRewardYear and Max Allocation Percentage: 0.9
  PoolTogether: 2089800.0 allocations


  Allocations Total = 2089800.0 GRT
  Reward = GRT 253175.1660577491
==============================

Optimize Allocations for Interval: indexingRewardDay and Max Allocation Percentage: 1
  PoolTogether: 2322000.0 allocations


  Allocations Total = 2322000.0 GRT
  Reward = GRT 770.700657710043

Optimize Allocations for Interval: indexingRewardWeek and Max Allocation Percentage: 1
  PoolTogether: 2322000.0 allocations


  Allocations Total = 2322000.0 GRT
  Reward = GRT 5394.900169805777

Optimize Allocations for Interval: indexingRewardYear and Max Allocation Percentage: 1
  PoolTogether: 2322000.0 allocations


  Allocations Total = 2322000.0 GRT
  Reward = GRT 281305.7400641657
