==============================

Optimize Allocations for Interval: indexingRewardDay and Max Allocation Percentage: 0.1
  ('Opyn Gamma Mainnet', '0x014e8a3184d5fad198123419a7b54d5f7c9f8a981116462591fbb1a922c39811'): 238854.803238069 allocations
  ('UMA Mainnet Voting', '0x2aaeb45afa62af1cc8f6d61decd5249429e0aaed67996238adc2bfd396b5f715'): 238854.803238069 allocations
  ('PoolTogether', '0x31edcacc9a53bc8ab4be2eeb0d873409da4c4228cb2d60e4243bd3b4e8af7500'): 238854.803238069 allocations
  ('Omen', '0x31f6fb67c823a07a93bae6b022798eebdf86210033c0e97a1402795c0c2fa99b'): 238854.803238069 allocations
  ('PoolTogether v3_1_0', '0x4a008334f8e7ea21be223d15462084f51abcc0e6625f61de806b8456e67e603e'): 238854.803238069 allocations
  ('Audius Network Mainnet', '0x500a8e47cbdeca7386448ae9e7d52578871b9942ebbef4892469da293bb661f9'): 238854.803238069 allocations
  ('DODOEX V2', '0x5e48ee6773576d45a38934cb19780b5c8c75f8c36e653e234ba5b803746d8f78'): 238854.803238069 allocations
  ('mStable Protocol', '0xa7d9d3a173d3d62ce3d05c2d29f3447b04edc248cbcfdb49b205e14247374947'): 238854.803238069 allocations
  ('PoolTogether', '0xbbde25a2c85f55b53b7698b9476610c3d1202d88870e66502ab0076b7218f98a'): 238854.803238069 allocations
  ('RAI Mainnet', '0xc420d79a888eb0e34203bfeca1048d35f9763b9880a94922249096e4c9a191c7'): 238854.803238069 allocations


  Allocations Total = 2388548.03238069 GRT
  Reward = GRT 771.8201731631652

Optimize Allocations for Interval: indexingRewardWeek and Max Allocation Percentage: 0.1
  ('Opyn Gamma Mainnet', '0x014e8a3184d5fad198123419a7b54d5f7c9f8a981116462591fbb1a922c39811'): 238854.803238069 allocations
  ('UMA Mainnet Voting', '0x2aaeb45afa62af1cc8f6d61decd5249429e0aaed67996238adc2bfd396b5f715'): 238854.803238069 allocations
  ('PoolTogether', '0x31edcacc9a53bc8ab4be2eeb0d873409da4c4228cb2d60e4243bd3b4e8af7500'): 238854.803238069 allocations
  ('Omen', '0x31f6fb67c823a07a93bae6b022798eebdf86210033c0e97a1402795c0c2fa99b'): 238854.803238069 allocations
  ('PoolTogether v3_1_0', '0x4a008334f8e7ea21be223d15462084f51abcc0e6625f61de806b8456e67e603e'): 238854.803238069 allocations
  ('Audius Network Mainnet', '0x500a8e47cbdeca7386448ae9e7d52578871b9942ebbef4892469da293bb661f9'): 238854.803238069 allocations
  ('DODOEX V2', '0x5e48ee6773576d45a38934cb19780b5c8c75f8c36e653e234ba5b803746d8f78'): 238854.803238069 allocations
  ('mStable Protocol', '0xa7d9d3a173d3d62ce3d05c2d29f3447b04edc248cbcfdb49b205e14247374947'): 238854.803238069 allocations
  ('PoolTogether', '0xbbde25a2c85f55b53b7698b9476610c3d1202d88870e66502ab0076b7218f98a'): 238854.803238069 allocations
  ('RAI Mainnet', '0xc420d79a888eb0e34203bfeca1048d35f9763b9880a94922249096e4c9a191c7'): 238854.803238069 allocations


  Allocations Total = 2388548.03238069 GRT
  Reward = GRT 5402.736771536591

Optimize Allocations for Interval: indexingRewardYear and Max Allocation Percentage: 0.1
  ('Opyn Gamma Mainnet', '0x014e8a3184d5fad198123419a7b54d5f7c9f8a981116462591fbb1a922c39811'): 238854.803238069 allocations
  ('UMA Mainnet Voting', '0x2aaeb45afa62af1cc8f6d61decd5249429e0aaed67996238adc2bfd396b5f715'): 238854.803238069 allocations
  ('PoolTogether', '0x31edcacc9a53bc8ab4be2eeb0d873409da4c4228cb2d60e4243bd3b4e8af7500'): 238854.803238069 allocations
  ('Omen', '0x31f6fb67c823a07a93bae6b022798eebdf86210033c0e97a1402795c0c2fa99b'): 238854.803238069 allocations
  ('PoolTogether v3_1_0', '0x4a008334f8e7ea21be223d15462084f51abcc0e6625f61de806b8456e67e603e'): 238854.803238069 allocations
  ('Audius Network Mainnet', '0x500a8e47cbdeca7386448ae9e7d52578871b9942ebbef4892469da293bb661f9'): 238854.803238069 allocations
  ('DODOEX V2', '0x5e48ee6773576d45a38934cb19780b5c8c75f8c36e653e234ba5b803746d8f78'): 238854.803238069 allocations
  ('mStable Protocol', '0xa7d9d3a173d3d62ce3d05c2d29f3447b04edc248cbcfdb49b205e14247374947'): 238854.803238069 allocations
  ('PoolTogether', '0xbbde25a2c85f55b53b7698b9476610c3d1202d88870e66502ab0076b7218f98a'): 238854.803238069 allocations
  ('RAI Mainnet', '0xc420d79a888eb0e34203bfeca1048d35f9763b9880a94922249096e4c9a191c7'): 238854.803238069 allocations


  Allocations Total = 2388548.03238069 GRT
  Reward = GRT 281714.3632045553
==============================

Optimize Allocations for Interval: indexingRewardDay and Max Allocation Percentage: 0.2
  ('Opyn Gamma Mainnet', '0x014e8a3184d5fad198123419a7b54d5f7c9f8a981116462591fbb1a922c39811'): 477709.606476137 allocations
  ('UMA Mainnet Voting', '0x2aaeb45afa62af1cc8f6d61decd5249429e0aaed67996238adc2bfd396b5f715'): 477709.606476137 allocations
  ('PoolTogether', '0x31edcacc9a53bc8ab4be2eeb0d873409da4c4228cb2d60e4243bd3b4e8af7500'): 477709.606476137 allocations
  ('Omen', '0x31f6fb67c823a07a93bae6b022798eebdf86210033c0e97a1402795c0c2fa99b'): 0.0 allocations
  ('PoolTogether v3_1_0', '0x4a008334f8e7ea21be223d15462084f51abcc0e6625f61de806b8456e67e603e'): 0.0 allocations
  ('Audius Network Mainnet', '0x500a8e47cbdeca7386448ae9e7d52578871b9942ebbef4892469da293bb661f9'): 0.0 allocations
  ('DODOEX V2', '0x5e48ee6773576d45a38934cb19780b5c8c75f8c36e653e234ba5b803746d8f78'): 477709.606476137 allocations
  ('mStable Protocol', '0xa7d9d3a173d3d62ce3d05c2d29f3447b04edc248cbcfdb49b205e14247374947'): 0.0 allocations
  ('PoolTogether', '0xbbde25a2c85f55b53b7698b9476610c3d1202d88870e66502ab0076b7218f98a'): 477709.606476137 allocations
  ('RAI Mainnet', '0xc420d79a888eb0e34203bfeca1048d35f9763b9880a94922249096e4c9a191c7'): 0.0 allocations


  Allocations Total = 2388548.032380685 GRT
  Reward = GRT 932.4332894233355

Optimize Allocations for Interval: indexingRewardWeek and Max Allocation Percentage: 0.2
  ('Opyn Gamma Mainnet', '0x014e8a3184d5fad198123419a7b54d5f7c9f8a981116462591fbb1a922c39811'): 477709.606476137 allocations
  ('UMA Mainnet Voting', '0x2aaeb45afa62af1cc8f6d61decd5249429e0aaed67996238adc2bfd396b5f715'): 477709.606476137 allocations
  ('PoolTogether', '0x31edcacc9a53bc8ab4be2eeb0d873409da4c4228cb2d60e4243bd3b4e8af7500'): 477709.606476137 allocations
  ('Omen', '0x31f6fb67c823a07a93bae6b022798eebdf86210033c0e97a1402795c0c2fa99b'): 0.0 allocations
  ('PoolTogether v3_1_0', '0x4a008334f8e7ea21be223d15462084f51abcc0e6625f61de806b8456e67e603e'): 0.0 allocations
  ('Audius Network Mainnet', '0x500a8e47cbdeca7386448ae9e7d52578871b9942ebbef4892469da293bb661f9'): 0.0 allocations
  ('DODOEX V2', '0x5e48ee6773576d45a38934cb19780b5c8c75f8c36e653e234ba5b803746d8f78'): 477709.606476137 allocations
  ('mStable Protocol', '0xa7d9d3a173d3d62ce3d05c2d29f3447b04edc248cbcfdb49b205e14247374947'): 0.0 allocations
  ('PoolTogether', '0xbbde25a2c85f55b53b7698b9476610c3d1202d88870e66502ab0076b7218f98a'): 477709.606476137 allocations
  ('RAI Mainnet', '0xc420d79a888eb0e34203bfeca1048d35f9763b9880a94922249096e4c9a191c7'): 0.0 allocations


  Allocations Total = 2388548.032380685 GRT
  Reward = GRT 6527.027661283078

Optimize Allocations for Interval: indexingRewardYear and Max Allocation Percentage: 0.2
  ('Opyn Gamma Mainnet', '0x014e8a3184d5fad198123419a7b54d5f7c9f8a981116462591fbb1a922c39811'): 477709.606476137 allocations
  ('UMA Mainnet Voting', '0x2aaeb45afa62af1cc8f6d61decd5249429e0aaed67996238adc2bfd396b5f715'): 477709.606476137 allocations
  ('PoolTogether', '0x31edcacc9a53bc8ab4be2eeb0d873409da4c4228cb2d60e4243bd3b4e8af7500'): 477709.606476137 allocations
  ('Omen', '0x31f6fb67c823a07a93bae6b022798eebdf86210033c0e97a1402795c0c2fa99b'): 0.0 allocations
  ('PoolTogether v3_1_0', '0x4a008334f8e7ea21be223d15462084f51abcc0e6625f61de806b8456e67e603e'): 0.0 allocations
  ('Audius Network Mainnet', '0x500a8e47cbdeca7386448ae9e7d52578871b9942ebbef4892469da293bb661f9'): 0.0 allocations
  ('DODOEX V2', '0x5e48ee6773576d45a38934cb19780b5c8c75f8c36e653e234ba5b803746d8f78'): 477709.606476137 allocations
  ('mStable Protocol', '0xa7d9d3a173d3d62ce3d05c2d29f3447b04edc248cbcfdb49b205e14247374947'): 0.0 allocations
  ('PoolTogether', '0xbbde25a2c85f55b53b7698b9476610c3d1202d88870e66502ab0076b7218f98a'): 477709.606476137 allocations
  ('RAI Mainnet', '0xc420d79a888eb0e34203bfeca1048d35f9763b9880a94922249096e4c9a191c7'): 0.0 allocations


  Allocations Total = 2388548.032380685 GRT
  Reward = GRT 340338.1506395174
==============================

Optimize Allocations for Interval: indexingRewardDay and Max Allocation Percentage: 0.3
  ('Opyn Gamma Mainnet', '0x014e8a3184d5fad198123419a7b54d5f7c9f8a981116462591fbb1a922c39811'): 716564.409714206 allocations
  ('UMA Mainnet Voting', '0x2aaeb45afa62af1cc8f6d61decd5249429e0aaed67996238adc2bfd396b5f715'): 716564.409714206 allocations
  ('PoolTogether', '0x31edcacc9a53bc8ab4be2eeb0d873409da4c4228cb2d60e4243bd3b4e8af7500'): 716564.409714206 allocations
  ('Omen', '0x31f6fb67c823a07a93bae6b022798eebdf86210033c0e97a1402795c0c2fa99b'): 0.0 allocations
  ('PoolTogether v3_1_0', '0x4a008334f8e7ea21be223d15462084f51abcc0e6625f61de806b8456e67e603e'): 0.0 allocations
  ('Audius Network Mainnet', '0x500a8e47cbdeca7386448ae9e7d52578871b9942ebbef4892469da293bb661f9'): 0.0 allocations
  ('DODOEX V2', '0x5e48ee6773576d45a38934cb19780b5c8c75f8c36e653e234ba5b803746d8f78'): 0.0 allocations
  ('mStable Protocol', '0xa7d9d3a173d3d62ce3d05c2d29f3447b04edc248cbcfdb49b205e14247374947'): 0.0 allocations
  ('PoolTogether', '0xbbde25a2c85f55b53b7698b9476610c3d1202d88870e66502ab0076b7218f98a'): 238854.803238069 allocations
  ('RAI Mainnet', '0xc420d79a888eb0e34203bfeca1048d35f9763b9880a94922249096e4c9a191c7'): 0.0 allocations


  Allocations Total = 2388548.032380687 GRT
  Reward = GRT 984.6326934438782

Optimize Allocations for Interval: indexingRewardWeek and Max Allocation Percentage: 0.3
  ('Opyn Gamma Mainnet', '0x014e8a3184d5fad198123419a7b54d5f7c9f8a981116462591fbb1a922c39811'): 716564.409714206 allocations
  ('UMA Mainnet Voting', '0x2aaeb45afa62af1cc8f6d61decd5249429e0aaed67996238adc2bfd396b5f715'): 716564.409714206 allocations
  ('PoolTogether', '0x31edcacc9a53bc8ab4be2eeb0d873409da4c4228cb2d60e4243bd3b4e8af7500'): 716564.409714206 allocations
  ('Omen', '0x31f6fb67c823a07a93bae6b022798eebdf86210033c0e97a1402795c0c2fa99b'): 0.0 allocations
  ('PoolTogether v3_1_0', '0x4a008334f8e7ea21be223d15462084f51abcc0e6625f61de806b8456e67e603e'): 0.0 allocations
  ('Audius Network Mainnet', '0x500a8e47cbdeca7386448ae9e7d52578871b9942ebbef4892469da293bb661f9'): 0.0 allocations
  ('DODOEX V2', '0x5e48ee6773576d45a38934cb19780b5c8c75f8c36e653e234ba5b803746d8f78'): 0.0 allocations
  ('mStable Protocol', '0xa7d9d3a173d3d62ce3d05c2d29f3447b04edc248cbcfdb49b205e14247374947'): 0.0 allocations
  ('PoolTogether', '0xbbde25a2c85f55b53b7698b9476610c3d1202d88870e66502ab0076b7218f98a'): 238854.803238069 allocations
  ('RAI Mainnet', '0xc420d79a888eb0e34203bfeca1048d35f9763b9880a94922249096e4c9a191c7'): 0.0 allocations


  Allocations Total = 2388548.032380687 GRT
  Reward = GRT 6892.423189101785

Optimize Allocations for Interval: indexingRewardYear and Max Allocation Percentage: 0.3
  ('Opyn Gamma Mainnet', '0x014e8a3184d5fad198123419a7b54d5f7c9f8a981116462591fbb1a922c39811'): 716564.409714206 allocations
  ('UMA Mainnet Voting', '0x2aaeb45afa62af1cc8f6d61decd5249429e0aaed67996238adc2bfd396b5f715'): 716564.409714206 allocations
  ('PoolTogether', '0x31edcacc9a53bc8ab4be2eeb0d873409da4c4228cb2d60e4243bd3b4e8af7500'): 716564.409714206 allocations
  ('Omen', '0x31f6fb67c823a07a93bae6b022798eebdf86210033c0e97a1402795c0c2fa99b'): 0.0 allocations
  ('PoolTogether v3_1_0', '0x4a008334f8e7ea21be223d15462084f51abcc0e6625f61de806b8456e67e603e'): 0.0 allocations
  ('Audius Network Mainnet', '0x500a8e47cbdeca7386448ae9e7d52578871b9942ebbef4892469da293bb661f9'): 0.0 allocations
  ('DODOEX V2', '0x5e48ee6773576d45a38934cb19780b5c8c75f8c36e653e234ba5b803746d8f78'): 0.0 allocations
  ('mStable Protocol', '0xa7d9d3a173d3d62ce3d05c2d29f3447b04edc248cbcfdb49b205e14247374947'): 0.0 allocations
  ('PoolTogether', '0xbbde25a2c85f55b53b7698b9476610c3d1202d88870e66502ab0076b7218f98a'): 238854.803238069 allocations
  ('RAI Mainnet', '0xc420d79a888eb0e34203bfeca1048d35f9763b9880a94922249096e4c9a191c7'): 0.0 allocations


  Allocations Total = 2388548.032380687 GRT
  Reward = GRT 359390.93310701556
==============================

Optimize Allocations for Interval: indexingRewardDay and Max Allocation Percentage: 0.4
  ('Opyn Gamma Mainnet', '0x014e8a3184d5fad198123419a7b54d5f7c9f8a981116462591fbb1a922c39811'): 955419.212952275 allocations
  ('UMA Mainnet Voting', '0x2aaeb45afa62af1cc8f6d61decd5249429e0aaed67996238adc2bfd396b5f715'): 955419.212952275 allocations
  ('PoolTogether', '0x31edcacc9a53bc8ab4be2eeb0d873409da4c4228cb2d60e4243bd3b4e8af7500'): 477709.606476137 allocations
  ('Omen', '0x31f6fb67c823a07a93bae6b022798eebdf86210033c0e97a1402795c0c2fa99b'): 0.0 allocations
  ('PoolTogether v3_1_0', '0x4a008334f8e7ea21be223d15462084f51abcc0e6625f61de806b8456e67e603e'): 0.0 allocations
  ('Audius Network Mainnet', '0x500a8e47cbdeca7386448ae9e7d52578871b9942ebbef4892469da293bb661f9'): 0.0 allocations
  ('DODOEX V2', '0x5e48ee6773576d45a38934cb19780b5c8c75f8c36e653e234ba5b803746d8f78'): 0.0 allocations
  ('mStable Protocol', '0xa7d9d3a173d3d62ce3d05c2d29f3447b04edc248cbcfdb49b205e14247374947'): 0.0 allocations
  ('PoolTogether', '0xbbde25a2c85f55b53b7698b9476610c3d1202d88870e66502ab0076b7218f98a'): 0.0 allocations
  ('RAI Mainnet', '0xc420d79a888eb0e34203bfeca1048d35f9763b9880a94922249096e4c9a191c7'): 0.0 allocations


  Allocations Total = 2388548.032380687 GRT
  Reward = GRT 1007.7456674503816

Optimize Allocations for Interval: indexingRewardWeek and Max Allocation Percentage: 0.4
  ('Opyn Gamma Mainnet', '0x014e8a3184d5fad198123419a7b54d5f7c9f8a981116462591fbb1a922c39811'): 955419.212952275 allocations
  ('UMA Mainnet Voting', '0x2aaeb45afa62af1cc8f6d61decd5249429e0aaed67996238adc2bfd396b5f715'): 955419.212952275 allocations
  ('PoolTogether', '0x31edcacc9a53bc8ab4be2eeb0d873409da4c4228cb2d60e4243bd3b4e8af7500'): 477709.606476137 allocations
  ('Omen', '0x31f6fb67c823a07a93bae6b022798eebdf86210033c0e97a1402795c0c2fa99b'): 0.0 allocations
  ('PoolTogether v3_1_0', '0x4a008334f8e7ea21be223d15462084f51abcc0e6625f61de806b8456e67e603e'): 0.0 allocations
  ('Audius Network Mainnet', '0x500a8e47cbdeca7386448ae9e7d52578871b9942ebbef4892469da293bb661f9'): 0.0 allocations
  ('DODOEX V2', '0x5e48ee6773576d45a38934cb19780b5c8c75f8c36e653e234ba5b803746d8f78'): 0.0 allocations
  ('mStable Protocol', '0xa7d9d3a173d3d62ce3d05c2d29f3447b04edc248cbcfdb49b205e14247374947'): 0.0 allocations
  ('PoolTogether', '0xbbde25a2c85f55b53b7698b9476610c3d1202d88870e66502ab0076b7218f98a'): 0.0 allocations
  ('RAI Mainnet', '0xc420d79a888eb0e34203bfeca1048d35f9763b9880a94922249096e4c9a191c7'): 0.0 allocations


  Allocations Total = 2388548.032380687 GRT
  Reward = GRT 7054.213874168664

Optimize Allocations for Interval: indexingRewardYear and Max Allocation Percentage: 0.4
  ('Opyn Gamma Mainnet', '0x014e8a3184d5fad198123419a7b54d5f7c9f8a981116462591fbb1a922c39811'): 955419.212952275 allocations
  ('UMA Mainnet Voting', '0x2aaeb45afa62af1cc8f6d61decd5249429e0aaed67996238adc2bfd396b5f715'): 955419.212952275 allocations
  ('PoolTogether', '0x31edcacc9a53bc8ab4be2eeb0d873409da4c4228cb2d60e4243bd3b4e8af7500'): 477709.606476137 allocations
  ('Omen', '0x31f6fb67c823a07a93bae6b022798eebdf86210033c0e97a1402795c0c2fa99b'): 0.0 allocations
  ('PoolTogether v3_1_0', '0x4a008334f8e7ea21be223d15462084f51abcc0e6625f61de806b8456e67e603e'): 0.0 allocations
  ('Audius Network Mainnet', '0x500a8e47cbdeca7386448ae9e7d52578871b9942ebbef4892469da293bb661f9'): 0.0 allocations
  ('DODOEX V2', '0x5e48ee6773576d45a38934cb19780b5c8c75f8c36e653e234ba5b803746d8f78'): 0.0 allocations
  ('mStable Protocol', '0xa7d9d3a173d3d62ce3d05c2d29f3447b04edc248cbcfdb49b205e14247374947'): 0.0 allocations
  ('PoolTogether', '0xbbde25a2c85f55b53b7698b9476610c3d1202d88870e66502ab0076b7218f98a'): 0.0 allocations
  ('RAI Mainnet', '0xc420d79a888eb0e34203bfeca1048d35f9763b9880a94922249096e4c9a191c7'): 0.0 allocations


  Allocations Total = 2388548.032380687 GRT
  Reward = GRT 367827.1686193891
==============================

Optimize Allocations for Interval: indexingRewardDay and Max Allocation Percentage: 0.5
  ('Opyn Gamma Mainnet', '0x014e8a3184d5fad198123419a7b54d5f7c9f8a981116462591fbb1a922c39811'): 1194274.01619034 allocations
  ('UMA Mainnet Voting', '0x2aaeb45afa62af1cc8f6d61decd5249429e0aaed67996238adc2bfd396b5f715'): 1194274.01619034 allocations
  ('PoolTogether', '0x31edcacc9a53bc8ab4be2eeb0d873409da4c4228cb2d60e4243bd3b4e8af7500'): 0.0 allocations
  ('Omen', '0x31f6fb67c823a07a93bae6b022798eebdf86210033c0e97a1402795c0c2fa99b'): 0.0 allocations
  ('PoolTogether v3_1_0', '0x4a008334f8e7ea21be223d15462084f51abcc0e6625f61de806b8456e67e603e'): 0.0 allocations
  ('Audius Network Mainnet', '0x500a8e47cbdeca7386448ae9e7d52578871b9942ebbef4892469da293bb661f9'): 0.0 allocations
  ('DODOEX V2', '0x5e48ee6773576d45a38934cb19780b5c8c75f8c36e653e234ba5b803746d8f78'): 0.0 allocations
  ('mStable Protocol', '0xa7d9d3a173d3d62ce3d05c2d29f3447b04edc248cbcfdb49b205e14247374947'): 0.0 allocations
  ('PoolTogether', '0xbbde25a2c85f55b53b7698b9476610c3d1202d88870e66502ab0076b7218f98a'): 0.0 allocations
  ('RAI Mainnet', '0xc420d79a888eb0e34203bfeca1048d35f9763b9880a94922249096e4c9a191c7'): 0.0 allocations


  Allocations Total = 2388548.03238068 GRT
  Reward = GRT 1021.5122872959876

Optimize Allocations for Interval: indexingRewardWeek and Max Allocation Percentage: 0.5
  ('Opyn Gamma Mainnet', '0x014e8a3184d5fad198123419a7b54d5f7c9f8a981116462591fbb1a922c39811'): 1194274.01619034 allocations
  ('UMA Mainnet Voting', '0x2aaeb45afa62af1cc8f6d61decd5249429e0aaed67996238adc2bfd396b5f715'): 1194274.01619034 allocations
  ('PoolTogether', '0x31edcacc9a53bc8ab4be2eeb0d873409da4c4228cb2d60e4243bd3b4e8af7500'): 0.0 allocations
  ('Omen', '0x31f6fb67c823a07a93bae6b022798eebdf86210033c0e97a1402795c0c2fa99b'): 0.0 allocations
  ('PoolTogether v3_1_0', '0x4a008334f8e7ea21be223d15462084f51abcc0e6625f61de806b8456e67e603e'): 0.0 allocations
  ('Audius Network Mainnet', '0x500a8e47cbdeca7386448ae9e7d52578871b9942ebbef4892469da293bb661f9'): 0.0 allocations
  ('DODOEX V2', '0x5e48ee6773576d45a38934cb19780b5c8c75f8c36e653e234ba5b803746d8f78'): 0.0 allocations
  ('mStable Protocol', '0xa7d9d3a173d3d62ce3d05c2d29f3447b04edc248cbcfdb49b205e14247374947'): 0.0 allocations
  ('PoolTogether', '0xbbde25a2c85f55b53b7698b9476610c3d1202d88870e66502ab0076b7218f98a'): 0.0 allocations
  ('RAI Mainnet', '0xc420d79a888eb0e34203bfeca1048d35f9763b9880a94922249096e4c9a191c7'): 0.0 allocations


  Allocations Total = 2388548.03238068 GRT
  Reward = GRT 7150.580133882761

Optimize Allocations for Interval: indexingRewardYear and Max Allocation Percentage: 0.5
  ('Opyn Gamma Mainnet', '0x014e8a3184d5fad198123419a7b54d5f7c9f8a981116462591fbb1a922c39811'): 1194274.01619034 allocations
  ('UMA Mainnet Voting', '0x2aaeb45afa62af1cc8f6d61decd5249429e0aaed67996238adc2bfd396b5f715'): 1194274.01619034 allocations
  ('PoolTogether', '0x31edcacc9a53bc8ab4be2eeb0d873409da4c4228cb2d60e4243bd3b4e8af7500'): 0.0 allocations
  ('Omen', '0x31f6fb67c823a07a93bae6b022798eebdf86210033c0e97a1402795c0c2fa99b'): 0.0 allocations
  ('PoolTogether v3_1_0', '0x4a008334f8e7ea21be223d15462084f51abcc0e6625f61de806b8456e67e603e'): 0.0 allocations
  ('Audius Network Mainnet', '0x500a8e47cbdeca7386448ae9e7d52578871b9942ebbef4892469da293bb661f9'): 0.0 allocations
  ('DODOEX V2', '0x5e48ee6773576d45a38934cb19780b5c8c75f8c36e653e234ba5b803746d8f78'): 0.0 allocations
  ('mStable Protocol', '0xa7d9d3a173d3d62ce3d05c2d29f3447b04edc248cbcfdb49b205e14247374947'): 0.0 allocations
  ('PoolTogether', '0xbbde25a2c85f55b53b7698b9476610c3d1202d88870e66502ab0076b7218f98a'): 0.0 allocations
  ('RAI Mainnet', '0xc420d79a888eb0e34203bfeca1048d35f9763b9880a94922249096e4c9a191c7'): 0.0 allocations


  Allocations Total = 2388548.03238068 GRT
  Reward = GRT 372851.98486303544
==============================

Optimize Allocations for Interval: indexingRewardDay and Max Allocation Percentage: 0.6
  ('Opyn Gamma Mainnet', '0x014e8a3184d5fad198123419a7b54d5f7c9f8a981116462591fbb1a922c39811'): 1433128.81942841 allocations
  ('UMA Mainnet Voting', '0x2aaeb45afa62af1cc8f6d61decd5249429e0aaed67996238adc2bfd396b5f715'): 955419.212952275 allocations
  ('PoolTogether', '0x31edcacc9a53bc8ab4be2eeb0d873409da4c4228cb2d60e4243bd3b4e8af7500'): 0.0 allocations
  ('Omen', '0x31f6fb67c823a07a93bae6b022798eebdf86210033c0e97a1402795c0c2fa99b'): 0.0 allocations
  ('PoolTogether v3_1_0', '0x4a008334f8e7ea21be223d15462084f51abcc0e6625f61de806b8456e67e603e'): 0.0 allocations
  ('Audius Network Mainnet', '0x500a8e47cbdeca7386448ae9e7d52578871b9942ebbef4892469da293bb661f9'): 0.0 allocations
  ('DODOEX V2', '0x5e48ee6773576d45a38934cb19780b5c8c75f8c36e653e234ba5b803746d8f78'): 0.0 allocations
  ('mStable Protocol', '0xa7d9d3a173d3d62ce3d05c2d29f3447b04edc248cbcfdb49b205e14247374947'): 0.0 allocations
  ('PoolTogether', '0xbbde25a2c85f55b53b7698b9476610c3d1202d88870e66502ab0076b7218f98a'): 0.0 allocations
  ('RAI Mainnet', '0xc420d79a888eb0e34203bfeca1048d35f9763b9880a94922249096e4c9a191c7'): 0.0 allocations


  Allocations Total = 2388548.0323806847 GRT
  Reward = GRT 1029.0273370246575

Optimize Allocations for Interval: indexingRewardWeek and Max Allocation Percentage: 0.6
  ('Opyn Gamma Mainnet', '0x014e8a3184d5fad198123419a7b54d5f7c9f8a981116462591fbb1a922c39811'): 1433128.81942841 allocations
  ('UMA Mainnet Voting', '0x2aaeb45afa62af1cc8f6d61decd5249429e0aaed67996238adc2bfd396b5f715'): 955419.212952275 allocations
  ('PoolTogether', '0x31edcacc9a53bc8ab4be2eeb0d873409da4c4228cb2d60e4243bd3b4e8af7500'): 0.0 allocations
  ('Omen', '0x31f6fb67c823a07a93bae6b022798eebdf86210033c0e97a1402795c0c2fa99b'): 0.0 allocations
  ('PoolTogether v3_1_0', '0x4a008334f8e7ea21be223d15462084f51abcc0e6625f61de806b8456e67e603e'): 0.0 allocations
  ('Audius Network Mainnet', '0x500a8e47cbdeca7386448ae9e7d52578871b9942ebbef4892469da293bb661f9'): 0.0 allocations
  ('DODOEX V2', '0x5e48ee6773576d45a38934cb19780b5c8c75f8c36e653e234ba5b803746d8f78'): 0.0 allocations
  ('mStable Protocol', '0xa7d9d3a173d3d62ce3d05c2d29f3447b04edc248cbcfdb49b205e14247374947'): 0.0 allocations
  ('PoolTogether', '0xbbde25a2c85f55b53b7698b9476610c3d1202d88870e66502ab0076b7218f98a'): 0.0 allocations
  ('RAI Mainnet', '0xc420d79a888eb0e34203bfeca1048d35f9763b9880a94922249096e4c9a191c7'): 0.0 allocations


  Allocations Total = 2388548.0323806847 GRT
  Reward = GRT 7203.1854387462145

Optimize Allocations for Interval: indexingRewardYear and Max Allocation Percentage: 0.6
  ('Opyn Gamma Mainnet', '0x014e8a3184d5fad198123419a7b54d5f7c9f8a981116462591fbb1a922c39811'): 1433128.81942841 allocations
  ('UMA Mainnet Voting', '0x2aaeb45afa62af1cc8f6d61decd5249429e0aaed67996238adc2bfd396b5f715'): 955419.212952275 allocations
  ('PoolTogether', '0x31edcacc9a53bc8ab4be2eeb0d873409da4c4228cb2d60e4243bd3b4e8af7500'): 0.0 allocations
  ('Omen', '0x31f6fb67c823a07a93bae6b022798eebdf86210033c0e97a1402795c0c2fa99b'): 0.0 allocations
  ('PoolTogether v3_1_0', '0x4a008334f8e7ea21be223d15462084f51abcc0e6625f61de806b8456e67e603e'): 0.0 allocations
  ('Audius Network Mainnet', '0x500a8e47cbdeca7386448ae9e7d52578871b9942ebbef4892469da293bb661f9'): 0.0 allocations
  ('DODOEX V2', '0x5e48ee6773576d45a38934cb19780b5c8c75f8c36e653e234ba5b803746d8f78'): 0.0 allocations
  ('mStable Protocol', '0xa7d9d3a173d3d62ce3d05c2d29f3447b04edc248cbcfdb49b205e14247374947'): 0.0 allocations
  ('PoolTogether', '0xbbde25a2c85f55b53b7698b9476610c3d1202d88870e66502ab0076b7218f98a'): 0.0 allocations
  ('RAI Mainnet', '0xc420d79a888eb0e34203bfeca1048d35f9763b9880a94922249096e4c9a191c7'): 0.0 allocations


  Allocations Total = 2388548.0323806847 GRT
  Reward = GRT 375594.978014
==============================

Optimize Allocations for Interval: indexingRewardDay and Max Allocation Percentage: 0.7
  ('Opyn Gamma Mainnet', '0x014e8a3184d5fad198123419a7b54d5f7c9f8a981116462591fbb1a922c39811'): 1671983.62266648 allocations
  ('UMA Mainnet Voting', '0x2aaeb45afa62af1cc8f6d61decd5249429e0aaed67996238adc2bfd396b5f715'): 716564.409714206 allocations
  ('PoolTogether', '0x31edcacc9a53bc8ab4be2eeb0d873409da4c4228cb2d60e4243bd3b4e8af7500'): 0.0 allocations
  ('Omen', '0x31f6fb67c823a07a93bae6b022798eebdf86210033c0e97a1402795c0c2fa99b'): 0.0 allocations
  ('PoolTogether v3_1_0', '0x4a008334f8e7ea21be223d15462084f51abcc0e6625f61de806b8456e67e603e'): 0.0 allocations
  ('Audius Network Mainnet', '0x500a8e47cbdeca7386448ae9e7d52578871b9942ebbef4892469da293bb661f9'): 0.0 allocations
  ('DODOEX V2', '0x5e48ee6773576d45a38934cb19780b5c8c75f8c36e653e234ba5b803746d8f78'): 0.0 allocations
  ('mStable Protocol', '0xa7d9d3a173d3d62ce3d05c2d29f3447b04edc248cbcfdb49b205e14247374947'): 0.0 allocations
  ('PoolTogether', '0xbbde25a2c85f55b53b7698b9476610c3d1202d88870e66502ab0076b7218f98a'): 0.0 allocations
  ('RAI Mainnet', '0xc420d79a888eb0e34203bfeca1048d35f9763b9880a94922249096e4c9a191c7'): 0.0 allocations


  Allocations Total = 2388548.032380686 GRT
  Reward = GRT 1036.5423867533261

Optimize Allocations for Interval: indexingRewardWeek and Max Allocation Percentage: 0.7
  ('Opyn Gamma Mainnet', '0x014e8a3184d5fad198123419a7b54d5f7c9f8a981116462591fbb1a922c39811'): 1671983.62266648 allocations
  ('UMA Mainnet Voting', '0x2aaeb45afa62af1cc8f6d61decd5249429e0aaed67996238adc2bfd396b5f715'): 716564.409714206 allocations
  ('PoolTogether', '0x31edcacc9a53bc8ab4be2eeb0d873409da4c4228cb2d60e4243bd3b4e8af7500'): 0.0 allocations
  ('Omen', '0x31f6fb67c823a07a93bae6b022798eebdf86210033c0e97a1402795c0c2fa99b'): 0.0 allocations
  ('PoolTogether v3_1_0', '0x4a008334f8e7ea21be223d15462084f51abcc0e6625f61de806b8456e67e603e'): 0.0 allocations
  ('Audius Network Mainnet', '0x500a8e47cbdeca7386448ae9e7d52578871b9942ebbef4892469da293bb661f9'): 0.0 allocations
  ('DODOEX V2', '0x5e48ee6773576d45a38934cb19780b5c8c75f8c36e653e234ba5b803746d8f78'): 0.0 allocations
  ('mStable Protocol', '0xa7d9d3a173d3d62ce3d05c2d29f3447b04edc248cbcfdb49b205e14247374947'): 0.0 allocations
  ('PoolTogether', '0xbbde25a2c85f55b53b7698b9476610c3d1202d88870e66502ab0076b7218f98a'): 0.0 allocations
  ('RAI Mainnet', '0xc420d79a888eb0e34203bfeca1048d35f9763b9880a94922249096e4c9a191c7'): 0.0 allocations


  Allocations Total = 2388548.032380686 GRT
  Reward = GRT 7255.790743609657

Optimize Allocations for Interval: indexingRewardYear and Max Allocation Percentage: 0.7
  ('Opyn Gamma Mainnet', '0x014e8a3184d5fad198123419a7b54d5f7c9f8a981116462591fbb1a922c39811'): 1671983.62266648 allocations
  ('UMA Mainnet Voting', '0x2aaeb45afa62af1cc8f6d61decd5249429e0aaed67996238adc2bfd396b5f715'): 716564.409714206 allocations
  ('PoolTogether', '0x31edcacc9a53bc8ab4be2eeb0d873409da4c4228cb2d60e4243bd3b4e8af7500'): 0.0 allocations
  ('Omen', '0x31f6fb67c823a07a93bae6b022798eebdf86210033c0e97a1402795c0c2fa99b'): 0.0 allocations
  ('PoolTogether v3_1_0', '0x4a008334f8e7ea21be223d15462084f51abcc0e6625f61de806b8456e67e603e'): 0.0 allocations
  ('Audius Network Mainnet', '0x500a8e47cbdeca7386448ae9e7d52578871b9942ebbef4892469da293bb661f9'): 0.0 allocations
  ('DODOEX V2', '0x5e48ee6773576d45a38934cb19780b5c8c75f8c36e653e234ba5b803746d8f78'): 0.0 allocations
  ('mStable Protocol', '0xa7d9d3a173d3d62ce3d05c2d29f3447b04edc248cbcfdb49b205e14247374947'): 0.0 allocations
  ('PoolTogether', '0xbbde25a2c85f55b53b7698b9476610c3d1202d88870e66502ab0076b7218f98a'): 0.0 allocations
  ('RAI Mainnet', '0xc420d79a888eb0e34203bfeca1048d35f9763b9880a94922249096e4c9a191c7'): 0.0 allocations


  Allocations Total = 2388548.032380686 GRT
  Reward = GRT 378337.9711649639
==============================

Optimize Allocations for Interval: indexingRewardDay and Max Allocation Percentage: 0.8
  ('Opyn Gamma Mainnet', '0x014e8a3184d5fad198123419a7b54d5f7c9f8a981116462591fbb1a922c39811'): 1910838.42590455 allocations
  ('UMA Mainnet Voting', '0x2aaeb45afa62af1cc8f6d61decd5249429e0aaed67996238adc2bfd396b5f715'): 477709.606476137 allocations
  ('PoolTogether', '0x31edcacc9a53bc8ab4be2eeb0d873409da4c4228cb2d60e4243bd3b4e8af7500'): 0.0 allocations
  ('Omen', '0x31f6fb67c823a07a93bae6b022798eebdf86210033c0e97a1402795c0c2fa99b'): 0.0 allocations
  ('PoolTogether v3_1_0', '0x4a008334f8e7ea21be223d15462084f51abcc0e6625f61de806b8456e67e603e'): 0.0 allocations
  ('Audius Network Mainnet', '0x500a8e47cbdeca7386448ae9e7d52578871b9942ebbef4892469da293bb661f9'): 0.0 allocations
  ('DODOEX V2', '0x5e48ee6773576d45a38934cb19780b5c8c75f8c36e653e234ba5b803746d8f78'): 0.0 allocations
  ('mStable Protocol', '0xa7d9d3a173d3d62ce3d05c2d29f3447b04edc248cbcfdb49b205e14247374947'): 0.0 allocations
  ('PoolTogether', '0xbbde25a2c85f55b53b7698b9476610c3d1202d88870e66502ab0076b7218f98a'): 0.0 allocations
  ('RAI Mainnet', '0xc420d79a888eb0e34203bfeca1048d35f9763b9880a94922249096e4c9a191c7'): 0.0 allocations


  Allocations Total = 2388548.032380687 GRT
  Reward = GRT 1044.0574364819943

Optimize Allocations for Interval: indexingRewardWeek and Max Allocation Percentage: 0.8
  ('Opyn Gamma Mainnet', '0x014e8a3184d5fad198123419a7b54d5f7c9f8a981116462591fbb1a922c39811'): 1910838.42590455 allocations
  ('UMA Mainnet Voting', '0x2aaeb45afa62af1cc8f6d61decd5249429e0aaed67996238adc2bfd396b5f715'): 477709.606476137 allocations
  ('PoolTogether', '0x31edcacc9a53bc8ab4be2eeb0d873409da4c4228cb2d60e4243bd3b4e8af7500'): 0.0 allocations
  ('Omen', '0x31f6fb67c823a07a93bae6b022798eebdf86210033c0e97a1402795c0c2fa99b'): 0.0 allocations
  ('PoolTogether v3_1_0', '0x4a008334f8e7ea21be223d15462084f51abcc0e6625f61de806b8456e67e603e'): 0.0 allocations
  ('Audius Network Mainnet', '0x500a8e47cbdeca7386448ae9e7d52578871b9942ebbef4892469da293bb661f9'): 0.0 allocations
  ('DODOEX V2', '0x5e48ee6773576d45a38934cb19780b5c8c75f8c36e653e234ba5b803746d8f78'): 0.0 allocations
  ('mStable Protocol', '0xa7d9d3a173d3d62ce3d05c2d29f3447b04edc248cbcfdb49b205e14247374947'): 0.0 allocations
  ('PoolTogether', '0xbbde25a2c85f55b53b7698b9476610c3d1202d88870e66502ab0076b7218f98a'): 0.0 allocations
  ('RAI Mainnet', '0xc420d79a888eb0e34203bfeca1048d35f9763b9880a94922249096e4c9a191c7'): 0.0 allocations


  Allocations Total = 2388548.032380687 GRT
  Reward = GRT 7308.396048473099

Optimize Allocations for Interval: indexingRewardYear and Max Allocation Percentage: 0.8
  ('Opyn Gamma Mainnet', '0x014e8a3184d5fad198123419a7b54d5f7c9f8a981116462591fbb1a922c39811'): 1910838.42590455 allocations
  ('UMA Mainnet Voting', '0x2aaeb45afa62af1cc8f6d61decd5249429e0aaed67996238adc2bfd396b5f715'): 477709.606476137 allocations
  ('PoolTogether', '0x31edcacc9a53bc8ab4be2eeb0d873409da4c4228cb2d60e4243bd3b4e8af7500'): 0.0 allocations
  ('Omen', '0x31f6fb67c823a07a93bae6b022798eebdf86210033c0e97a1402795c0c2fa99b'): 0.0 allocations
  ('PoolTogether v3_1_0', '0x4a008334f8e7ea21be223d15462084f51abcc0e6625f61de806b8456e67e603e'): 0.0 allocations
  ('Audius Network Mainnet', '0x500a8e47cbdeca7386448ae9e7d52578871b9942ebbef4892469da293bb661f9'): 0.0 allocations
  ('DODOEX V2', '0x5e48ee6773576d45a38934cb19780b5c8c75f8c36e653e234ba5b803746d8f78'): 0.0 allocations
  ('mStable Protocol', '0xa7d9d3a173d3d62ce3d05c2d29f3447b04edc248cbcfdb49b205e14247374947'): 0.0 allocations
  ('PoolTogether', '0xbbde25a2c85f55b53b7698b9476610c3d1202d88870e66502ab0076b7218f98a'): 0.0 allocations
  ('RAI Mainnet', '0xc420d79a888eb0e34203bfeca1048d35f9763b9880a94922249096e4c9a191c7'): 0.0 allocations


  Allocations Total = 2388548.032380687 GRT
  Reward = GRT 381080.96431592794
==============================

Optimize Allocations for Interval: indexingRewardDay and Max Allocation Percentage: 0.9
  ('Opyn Gamma Mainnet', '0x014e8a3184d5fad198123419a7b54d5f7c9f8a981116462591fbb1a922c39811'): 2149693.22914262 allocations
  ('UMA Mainnet Voting', '0x2aaeb45afa62af1cc8f6d61decd5249429e0aaed67996238adc2bfd396b5f715'): 238854.803238069 allocations
  ('PoolTogether', '0x31edcacc9a53bc8ab4be2eeb0d873409da4c4228cb2d60e4243bd3b4e8af7500'): 0.0 allocations
  ('Omen', '0x31f6fb67c823a07a93bae6b022798eebdf86210033c0e97a1402795c0c2fa99b'): 0.0 allocations
  ('PoolTogether v3_1_0', '0x4a008334f8e7ea21be223d15462084f51abcc0e6625f61de806b8456e67e603e'): 0.0 allocations
  ('Audius Network Mainnet', '0x500a8e47cbdeca7386448ae9e7d52578871b9942ebbef4892469da293bb661f9'): 0.0 allocations
  ('DODOEX V2', '0x5e48ee6773576d45a38934cb19780b5c8c75f8c36e653e234ba5b803746d8f78'): 0.0 allocations
  ('mStable Protocol', '0xa7d9d3a173d3d62ce3d05c2d29f3447b04edc248cbcfdb49b205e14247374947'): 0.0 allocations
  ('PoolTogether', '0xbbde25a2c85f55b53b7698b9476610c3d1202d88870e66502ab0076b7218f98a'): 0.0 allocations
  ('RAI Mainnet', '0xc420d79a888eb0e34203bfeca1048d35f9763b9880a94922249096e4c9a191c7'): 0.0 allocations


  Allocations Total = 2388548.0323806894 GRT
  Reward = GRT 1051.5724862106633

Optimize Allocations for Interval: indexingRewardWeek and Max Allocation Percentage: 0.9
  ('Opyn Gamma Mainnet', '0x014e8a3184d5fad198123419a7b54d5f7c9f8a981116462591fbb1a922c39811'): 2149693.22914262 allocations
  ('UMA Mainnet Voting', '0x2aaeb45afa62af1cc8f6d61decd5249429e0aaed67996238adc2bfd396b5f715'): 238854.803238069 allocations
  ('PoolTogether', '0x31edcacc9a53bc8ab4be2eeb0d873409da4c4228cb2d60e4243bd3b4e8af7500'): 0.0 allocations
  ('Omen', '0x31f6fb67c823a07a93bae6b022798eebdf86210033c0e97a1402795c0c2fa99b'): 0.0 allocations
  ('PoolTogether v3_1_0', '0x4a008334f8e7ea21be223d15462084f51abcc0e6625f61de806b8456e67e603e'): 0.0 allocations
  ('Audius Network Mainnet', '0x500a8e47cbdeca7386448ae9e7d52578871b9942ebbef4892469da293bb661f9'): 0.0 allocations
  ('DODOEX V2', '0x5e48ee6773576d45a38934cb19780b5c8c75f8c36e653e234ba5b803746d8f78'): 0.0 allocations
  ('mStable Protocol', '0xa7d9d3a173d3d62ce3d05c2d29f3447b04edc248cbcfdb49b205e14247374947'): 0.0 allocations
  ('PoolTogether', '0xbbde25a2c85f55b53b7698b9476610c3d1202d88870e66502ab0076b7218f98a'): 0.0 allocations
  ('RAI Mainnet', '0xc420d79a888eb0e34203bfeca1048d35f9763b9880a94922249096e4c9a191c7'): 0.0 allocations


  Allocations Total = 2388548.0323806894 GRT
  Reward = GRT 7361.0013533365445

Optimize Allocations for Interval: indexingRewardYear and Max Allocation Percentage: 0.9
  ('Opyn Gamma Mainnet', '0x014e8a3184d5fad198123419a7b54d5f7c9f8a981116462591fbb1a922c39811'): 2149693.22914262 allocations
  ('UMA Mainnet Voting', '0x2aaeb45afa62af1cc8f6d61decd5249429e0aaed67996238adc2bfd396b5f715'): 238854.803238069 allocations
  ('PoolTogether', '0x31edcacc9a53bc8ab4be2eeb0d873409da4c4228cb2d60e4243bd3b4e8af7500'): 0.0 allocations
  ('Omen', '0x31f6fb67c823a07a93bae6b022798eebdf86210033c0e97a1402795c0c2fa99b'): 0.0 allocations
  ('PoolTogether v3_1_0', '0x4a008334f8e7ea21be223d15462084f51abcc0e6625f61de806b8456e67e603e'): 0.0 allocations
  ('Audius Network Mainnet', '0x500a8e47cbdeca7386448ae9e7d52578871b9942ebbef4892469da293bb661f9'): 0.0 allocations
  ('DODOEX V2', '0x5e48ee6773576d45a38934cb19780b5c8c75f8c36e653e234ba5b803746d8f78'): 0.0 allocations
  ('mStable Protocol', '0xa7d9d3a173d3d62ce3d05c2d29f3447b04edc248cbcfdb49b205e14247374947'): 0.0 allocations
  ('PoolTogether', '0xbbde25a2c85f55b53b7698b9476610c3d1202d88870e66502ab0076b7218f98a'): 0.0 allocations
  ('RAI Mainnet', '0xc420d79a888eb0e34203bfeca1048d35f9763b9880a94922249096e4c9a191c7'): 0.0 allocations


  Allocations Total = 2388548.0323806894 GRT
  Reward = GRT 383823.9574668921
==============================

Optimize Allocations for Interval: indexingRewardDay and Max Allocation Percentage: 1
  ('Opyn Gamma Mainnet', '0x014e8a3184d5fad198123419a7b54d5f7c9f8a981116462591fbb1a922c39811'): 2388548.03238069 allocations
  ('UMA Mainnet Voting', '0x2aaeb45afa62af1cc8f6d61decd5249429e0aaed67996238adc2bfd396b5f715'): 0.0 allocations
  ('PoolTogether', '0x31edcacc9a53bc8ab4be2eeb0d873409da4c4228cb2d60e4243bd3b4e8af7500'): 0.0 allocations
  ('Omen', '0x31f6fb67c823a07a93bae6b022798eebdf86210033c0e97a1402795c0c2fa99b'): 0.0 allocations
  ('PoolTogether v3_1_0', '0x4a008334f8e7ea21be223d15462084f51abcc0e6625f61de806b8456e67e603e'): 0.0 allocations
  ('Audius Network Mainnet', '0x500a8e47cbdeca7386448ae9e7d52578871b9942ebbef4892469da293bb661f9'): 0.0 allocations
  ('DODOEX V2', '0x5e48ee6773576d45a38934cb19780b5c8c75f8c36e653e234ba5b803746d8f78'): 0.0 allocations
  ('mStable Protocol', '0xa7d9d3a173d3d62ce3d05c2d29f3447b04edc248cbcfdb49b205e14247374947'): 0.0 allocations
  ('PoolTogether', '0xbbde25a2c85f55b53b7698b9476610c3d1202d88870e66502ab0076b7218f98a'): 0.0 allocations
  ('RAI Mainnet', '0xc420d79a888eb0e34203bfeca1048d35f9763b9880a94922249096e4c9a191c7'): 0.0 allocations


  Allocations Total = 2388548.03238069 GRT
  Reward = GRT 1059.0875359393315

Optimize Allocations for Interval: indexingRewardWeek and Max Allocation Percentage: 1
  ('Opyn Gamma Mainnet', '0x014e8a3184d5fad198123419a7b54d5f7c9f8a981116462591fbb1a922c39811'): 2388548.03238069 allocations
  ('UMA Mainnet Voting', '0x2aaeb45afa62af1cc8f6d61decd5249429e0aaed67996238adc2bfd396b5f715'): 0.0 allocations
  ('PoolTogether', '0x31edcacc9a53bc8ab4be2eeb0d873409da4c4228cb2d60e4243bd3b4e8af7500'): 0.0 allocations
  ('Omen', '0x31f6fb67c823a07a93bae6b022798eebdf86210033c0e97a1402795c0c2fa99b'): 0.0 allocations
  ('PoolTogether v3_1_0', '0x4a008334f8e7ea21be223d15462084f51abcc0e6625f61de806b8456e67e603e'): 0.0 allocations
  ('Audius Network Mainnet', '0x500a8e47cbdeca7386448ae9e7d52578871b9942ebbef4892469da293bb661f9'): 0.0 allocations
  ('DODOEX V2', '0x5e48ee6773576d45a38934cb19780b5c8c75f8c36e653e234ba5b803746d8f78'): 0.0 allocations
  ('mStable Protocol', '0xa7d9d3a173d3d62ce3d05c2d29f3447b04edc248cbcfdb49b205e14247374947'): 0.0 allocations
  ('PoolTogether', '0xbbde25a2c85f55b53b7698b9476610c3d1202d88870e66502ab0076b7218f98a'): 0.0 allocations
  ('RAI Mainnet', '0xc420d79a888eb0e34203bfeca1048d35f9763b9880a94922249096e4c9a191c7'): 0.0 allocations


  Allocations Total = 2388548.03238069 GRT
  Reward = GRT 7413.606658199986

Optimize Allocations for Interval: indexingRewardYear and Max Allocation Percentage: 1
  ('Opyn Gamma Mainnet', '0x014e8a3184d5fad198123419a7b54d5f7c9f8a981116462591fbb1a922c39811'): 2388548.03238069 allocations
  ('UMA Mainnet Voting', '0x2aaeb45afa62af1cc8f6d61decd5249429e0aaed67996238adc2bfd396b5f715'): 0.0 allocations
  ('PoolTogether', '0x31edcacc9a53bc8ab4be2eeb0d873409da4c4228cb2d60e4243bd3b4e8af7500'): 0.0 allocations
  ('Omen', '0x31f6fb67c823a07a93bae6b022798eebdf86210033c0e97a1402795c0c2fa99b'): 0.0 allocations
  ('PoolTogether v3_1_0', '0x4a008334f8e7ea21be223d15462084f51abcc0e6625f61de806b8456e67e603e'): 0.0 allocations
  ('Audius Network Mainnet', '0x500a8e47cbdeca7386448ae9e7d52578871b9942ebbef4892469da293bb661f9'): 0.0 allocations
  ('DODOEX V2', '0x5e48ee6773576d45a38934cb19780b5c8c75f8c36e653e234ba5b803746d8f78'): 0.0 allocations
  ('mStable Protocol', '0xa7d9d3a173d3d62ce3d05c2d29f3447b04edc248cbcfdb49b205e14247374947'): 0.0 allocations
  ('PoolTogether', '0xbbde25a2c85f55b53b7698b9476610c3d1202d88870e66502ab0076b7218f98a'): 0.0 allocations
  ('RAI Mainnet', '0xc420d79a888eb0e34203bfeca1048d35f9763b9880a94922249096e4c9a191c7'): 0.0 allocations


  Allocations Total = 2388548.03238069 GRT
  Reward = GRT 386566.950617856
