==============================

Optimize Allocations for Interval: indexingRewardDay and Max Allocation Percentage: 0.1
  ('Opyn Gamma Mainnet', '0x014e8a3184d5fad198123419a7b54d5f7c9f8a981116462591fbb1a922c39811'): 233872.250434768 allocations
  ('UMA Mainnet Voting', '0x2aaeb45afa62af1cc8f6d61decd5249429e0aaed67996238adc2bfd396b5f715'): 238872.250434768 allocations
  ('PoolTogether', '0x31edcacc9a53bc8ab4be2eeb0d873409da4c4228cb2d60e4243bd3b4e8af7500'): 238872.250434768 allocations
  ('PoolTogether v3_1_0', '0x4a008334f8e7ea21be223d15462084f51abcc0e6625f61de806b8456e67e603e'): 238872.250434768 allocations
  ('DODOEX V2', '0x5e48ee6773576d45a38934cb19780b5c8c75f8c36e653e234ba5b803746d8f78'): 238872.250434768 allocations
  ('PoolTogether', '0x666d78959706d7e1ed20befeb1d2c9a4e512a22931d8e22928b1f63ce48fcb40'): 5000.0 allocations
  ('mStable Protocol', '0xa7d9d3a173d3d62ce3d05c2d29f3447b04edc248cbcfdb49b205e14247374947'): 238872.250434768 allocations
  ('PoolTogether', '0xbbde25a2c85f55b53b7698b9476610c3d1202d88870e66502ab0076b7218f98a'): 238872.250434768 allocations
  ('RAI Mainnet', '0xc420d79a888eb0e34203bfeca1048d35f9763b9880a94922249096e4c9a191c7'): 0.0 allocations
  ('Invalid name v1', '0x4810cc7741423cec7e44fc7ec7a479e521453cbf090e74b6186d3a2264588fe5'): 238872.250434768 allocations
  ('Invalid name v2', '0xc064c354bc21dd958b1d41b67b8ef161b75d2246b425f68ed4c74964ae705cbd'): 238872.250434768 allocations
  ('Invalid name v3', '0xf8481d0118ec6098d00629414d600f5d87a1c8a94e2720933643d2eacf648311'): 238872.250434768 allocations


  Allocations Total = 2388722.5043476797 GRT
  Reward = GRT 2465.1272261936197

Optimize Allocations for Interval: indexingRewardWeek and Max Allocation Percentage: 0.1
  ('Opyn Gamma Mainnet', '0x014e8a3184d5fad198123419a7b54d5f7c9f8a981116462591fbb1a922c39811'): 233872.250434768 allocations
  ('UMA Mainnet Voting', '0x2aaeb45afa62af1cc8f6d61decd5249429e0aaed67996238adc2bfd396b5f715'): 238872.250434768 allocations
  ('PoolTogether', '0x31edcacc9a53bc8ab4be2eeb0d873409da4c4228cb2d60e4243bd3b4e8af7500'): 238872.250434768 allocations
  ('PoolTogether v3_1_0', '0x4a008334f8e7ea21be223d15462084f51abcc0e6625f61de806b8456e67e603e'): 238872.250434768 allocations
  ('DODOEX V2', '0x5e48ee6773576d45a38934cb19780b5c8c75f8c36e653e234ba5b803746d8f78'): 238872.250434768 allocations
  ('PoolTogether', '0x666d78959706d7e1ed20befeb1d2c9a4e512a22931d8e22928b1f63ce48fcb40'): 5000.0 allocations
  ('mStable Protocol', '0xa7d9d3a173d3d62ce3d05c2d29f3447b04edc248cbcfdb49b205e14247374947'): 238872.250434768 allocations
  ('PoolTogether', '0xbbde25a2c85f55b53b7698b9476610c3d1202d88870e66502ab0076b7218f98a'): 238872.250434768 allocations
  ('RAI Mainnet', '0xc420d79a888eb0e34203bfeca1048d35f9763b9880a94922249096e4c9a191c7'): 0.0 allocations
  ('Invalid name v1', '0x4810cc7741423cec7e44fc7ec7a479e521453cbf090e74b6186d3a2264588fe5'): 238872.250434768 allocations
  ('Invalid name v2', '0xc064c354bc21dd958b1d41b67b8ef161b75d2246b425f68ed4c74964ae705cbd'): 238872.250434768 allocations
  ('Invalid name v3', '0xf8481d0118ec6098d00629414d600f5d87a1c8a94e2720933643d2eacf648311'): 238872.250434768 allocations


  Allocations Total = 2388722.5043476797 GRT
  Reward = GRT 17255.87640044323

Optimize Allocations for Interval: indexingRewardYear and Max Allocation Percentage: 0.1
  ('Opyn Gamma Mainnet', '0x014e8a3184d5fad198123419a7b54d5f7c9f8a981116462591fbb1a922c39811'): 233872.250434768 allocations
  ('UMA Mainnet Voting', '0x2aaeb45afa62af1cc8f6d61decd5249429e0aaed67996238adc2bfd396b5f715'): 238872.250434768 allocations
  ('PoolTogether', '0x31edcacc9a53bc8ab4be2eeb0d873409da4c4228cb2d60e4243bd3b4e8af7500'): 238872.250434768 allocations
  ('PoolTogether v3_1_0', '0x4a008334f8e7ea21be223d15462084f51abcc0e6625f61de806b8456e67e603e'): 238872.250434768 allocations
  ('DODOEX V2', '0x5e48ee6773576d45a38934cb19780b5c8c75f8c36e653e234ba5b803746d8f78'): 238872.250434768 allocations
  ('PoolTogether', '0x666d78959706d7e1ed20befeb1d2c9a4e512a22931d8e22928b1f63ce48fcb40'): 5000.0 allocations
  ('mStable Protocol', '0xa7d9d3a173d3d62ce3d05c2d29f3447b04edc248cbcfdb49b205e14247374947'): 238872.250434768 allocations
  ('PoolTogether', '0xbbde25a2c85f55b53b7698b9476610c3d1202d88870e66502ab0076b7218f98a'): 238872.250434768 allocations
  ('RAI Mainnet', '0xc420d79a888eb0e34203bfeca1048d35f9763b9880a94922249096e4c9a191c7'): 0.0 allocations
  ('Invalid name v1', '0x4810cc7741423cec7e44fc7ec7a479e521453cbf090e74b6186d3a2264588fe5'): 238872.250434768 allocations
  ('Invalid name v2', '0xc064c354bc21dd958b1d41b67b8ef161b75d2246b425f68ed4c74964ae705cbd'): 238872.250434768 allocations
  ('Invalid name v3', '0xf8481d0118ec6098d00629414d600f5d87a1c8a94e2720933643d2eacf648311'): 238872.250434768 allocations


  Allocations Total = 2388722.5043476797 GRT
  Reward = GRT 899771.4375606711
==============================

Optimize Allocations for Interval: indexingRewardDay and Max Allocation Percentage: 0.2
  ('Opyn Gamma Mainnet', '0x014e8a3184d5fad198123419a7b54d5f7c9f8a981116462591fbb1a922c39811'): 0.0 allocations
  ('UMA Mainnet Voting', '0x2aaeb45afa62af1cc8f6d61decd5249429e0aaed67996238adc2bfd396b5f715'): 0.0 allocations
  ('PoolTogether', '0x31edcacc9a53bc8ab4be2eeb0d873409da4c4228cb2d60e4243bd3b4e8af7500'): 0.0 allocations
  ('PoolTogether v3_1_0', '0x4a008334f8e7ea21be223d15462084f51abcc0e6625f61de806b8456e67e603e'): 0.0 allocations
  ('DODOEX V2', '0x5e48ee6773576d45a38934cb19780b5c8c75f8c36e653e234ba5b803746d8f78'): 477744.500869536 allocations
  ('PoolTogether', '0x666d78959706d7e1ed20befeb1d2c9a4e512a22931d8e22928b1f63ce48fcb40'): 5000.0 allocations
  ('mStable Protocol', '0xa7d9d3a173d3d62ce3d05c2d29f3447b04edc248cbcfdb49b205e14247374947'): 472744.500869536 allocations
  ('PoolTogether', '0xbbde25a2c85f55b53b7698b9476610c3d1202d88870e66502ab0076b7218f98a'): 0.0 allocations
  ('RAI Mainnet', '0xc420d79a888eb0e34203bfeca1048d35f9763b9880a94922249096e4c9a191c7'): 0.0 allocations
  ('Invalid name v1', '0x4810cc7741423cec7e44fc7ec7a479e521453cbf090e74b6186d3a2264588fe5'): 477744.500869536 allocations
  ('Invalid name v2', '0xc064c354bc21dd958b1d41b67b8ef161b75d2246b425f68ed4c74964ae705cbd'): 477744.500869536 allocations
  ('Invalid name v3', '0xf8481d0118ec6098d00629414d600f5d87a1c8a94e2720933643d2eacf648311'): 477744.500869536 allocations


  Allocations Total = 2388722.50434768 GRT
  Reward = GRT 2473.127786141943

Optimize Allocations for Interval: indexingRewardWeek and Max Allocation Percentage: 0.2
  ('Opyn Gamma Mainnet', '0x014e8a3184d5fad198123419a7b54d5f7c9f8a981116462591fbb1a922c39811'): 0.0 allocations
  ('UMA Mainnet Voting', '0x2aaeb45afa62af1cc8f6d61decd5249429e0aaed67996238adc2bfd396b5f715'): 0.0 allocations
  ('PoolTogether', '0x31edcacc9a53bc8ab4be2eeb0d873409da4c4228cb2d60e4243bd3b4e8af7500'): 0.0 allocations
  ('PoolTogether v3_1_0', '0x4a008334f8e7ea21be223d15462084f51abcc0e6625f61de806b8456e67e603e'): 0.0 allocations
  ('DODOEX V2', '0x5e48ee6773576d45a38934cb19780b5c8c75f8c36e653e234ba5b803746d8f78'): 477744.500869536 allocations
  ('PoolTogether', '0x666d78959706d7e1ed20befeb1d2c9a4e512a22931d8e22928b1f63ce48fcb40'): 5000.0 allocations
  ('mStable Protocol', '0xa7d9d3a173d3d62ce3d05c2d29f3447b04edc248cbcfdb49b205e14247374947'): 472744.500869536 allocations
  ('PoolTogether', '0xbbde25a2c85f55b53b7698b9476610c3d1202d88870e66502ab0076b7218f98a'): 0.0 allocations
  ('RAI Mainnet', '0xc420d79a888eb0e34203bfeca1048d35f9763b9880a94922249096e4c9a191c7'): 0.0 allocations
  ('Invalid name v1', '0x4810cc7741423cec7e44fc7ec7a479e521453cbf090e74b6186d3a2264588fe5'): 477744.500869536 allocations
  ('Invalid name v2', '0xc064c354bc21dd958b1d41b67b8ef161b75d2246b425f68ed4c74964ae705cbd'): 477744.500869536 allocations
  ('Invalid name v3', '0xf8481d0118ec6098d00629414d600f5d87a1c8a94e2720933643d2eacf648311'): 477744.500869536 allocations


  Allocations Total = 2388722.50434768 GRT
  Reward = GRT 17311.880274050913

Optimize Allocations for Interval: indexingRewardYear and Max Allocation Percentage: 0.2
  ('Opyn Gamma Mainnet', '0x014e8a3184d5fad198123419a7b54d5f7c9f8a981116462591fbb1a922c39811'): 0.0 allocations
  ('UMA Mainnet Voting', '0x2aaeb45afa62af1cc8f6d61decd5249429e0aaed67996238adc2bfd396b5f715'): 0.0 allocations
  ('PoolTogether', '0x31edcacc9a53bc8ab4be2eeb0d873409da4c4228cb2d60e4243bd3b4e8af7500'): 0.0 allocations
  ('PoolTogether v3_1_0', '0x4a008334f8e7ea21be223d15462084f51abcc0e6625f61de806b8456e67e603e'): 0.0 allocations
  ('DODOEX V2', '0x5e48ee6773576d45a38934cb19780b5c8c75f8c36e653e234ba5b803746d8f78'): 477744.500869536 allocations
  ('PoolTogether', '0x666d78959706d7e1ed20befeb1d2c9a4e512a22931d8e22928b1f63ce48fcb40'): 5000.0 allocations
  ('mStable Protocol', '0xa7d9d3a173d3d62ce3d05c2d29f3447b04edc248cbcfdb49b205e14247374947'): 472744.500869536 allocations
  ('PoolTogether', '0xbbde25a2c85f55b53b7698b9476610c3d1202d88870e66502ab0076b7218f98a'): 0.0 allocations
  ('RAI Mainnet', '0xc420d79a888eb0e34203bfeca1048d35f9763b9880a94922249096e4c9a191c7'): 0.0 allocations
  ('Invalid name v1', '0x4810cc7741423cec7e44fc7ec7a479e521453cbf090e74b6186d3a2264588fe5'): 477744.500869536 allocations
  ('Invalid name v2', '0xc064c354bc21dd958b1d41b67b8ef161b75d2246b425f68ed4c74964ae705cbd'): 477744.500869536 allocations
  ('Invalid name v3', '0xf8481d0118ec6098d00629414d600f5d87a1c8a94e2720933643d2eacf648311'): 477744.500869536 allocations


  Allocations Total = 2388722.50434768 GRT
  Reward = GRT 902691.6419418092
==============================

Optimize Allocations for Interval: indexingRewardDay and Max Allocation Percentage: 0.3
  ('Opyn Gamma Mainnet', '0x014e8a3184d5fad198123419a7b54d5f7c9f8a981116462591fbb1a922c39811'): 0.0 allocations
  ('UMA Mainnet Voting', '0x2aaeb45afa62af1cc8f6d61decd5249429e0aaed67996238adc2bfd396b5f715'): 0.0 allocations
  ('PoolTogether', '0x31edcacc9a53bc8ab4be2eeb0d873409da4c4228cb2d60e4243bd3b4e8af7500'): 0.0 allocations
  ('PoolTogether v3_1_0', '0x4a008334f8e7ea21be223d15462084f51abcc0e6625f61de806b8456e67e603e'): 0.0 allocations
  ('DODOEX V2', '0x5e48ee6773576d45a38934cb19780b5c8c75f8c36e653e234ba5b803746d8f78'): 716616.751304304 allocations
  ('PoolTogether', '0x666d78959706d7e1ed20befeb1d2c9a4e512a22931d8e22928b1f63ce48fcb40'): 5000.0 allocations
  ('mStable Protocol', '0xa7d9d3a173d3d62ce3d05c2d29f3447b04edc248cbcfdb49b205e14247374947'): 0.0 allocations
  ('PoolTogether', '0xbbde25a2c85f55b53b7698b9476610c3d1202d88870e66502ab0076b7218f98a'): 0.0 allocations
  ('RAI Mainnet', '0xc420d79a888eb0e34203bfeca1048d35f9763b9880a94922249096e4c9a191c7'): 0.0 allocations
  ('Invalid name v1', '0x4810cc7741423cec7e44fc7ec7a479e521453cbf090e74b6186d3a2264588fe5'): 716616.751304304 allocations
  ('Invalid name v2', '0xc064c354bc21dd958b1d41b67b8ef161b75d2246b425f68ed4c74964ae705cbd'): 716616.751304304 allocations
  ('Invalid name v3', '0xf8481d0118ec6098d00629414d600f5d87a1c8a94e2720933643d2eacf648311'): 233872.250434768 allocations


  Allocations Total = 2388722.5043476797 GRT
  Reward = GRT 2478.030891148775

Optimize Allocations for Interval: indexingRewardWeek and Max Allocation Percentage: 0.3
  ('Opyn Gamma Mainnet', '0x014e8a3184d5fad198123419a7b54d5f7c9f8a981116462591fbb1a922c39811'): 0.0 allocations
  ('UMA Mainnet Voting', '0x2aaeb45afa62af1cc8f6d61decd5249429e0aaed67996238adc2bfd396b5f715'): 0.0 allocations
  ('PoolTogether', '0x31edcacc9a53bc8ab4be2eeb0d873409da4c4228cb2d60e4243bd3b4e8af7500'): 0.0 allocations
  ('PoolTogether v3_1_0', '0x4a008334f8e7ea21be223d15462084f51abcc0e6625f61de806b8456e67e603e'): 0.0 allocations
  ('DODOEX V2', '0x5e48ee6773576d45a38934cb19780b5c8c75f8c36e653e234ba5b803746d8f78'): 716616.751304304 allocations
  ('PoolTogether', '0x666d78959706d7e1ed20befeb1d2c9a4e512a22931d8e22928b1f63ce48fcb40'): 5000.0 allocations
  ('mStable Protocol', '0xa7d9d3a173d3d62ce3d05c2d29f3447b04edc248cbcfdb49b205e14247374947'): 0.0 allocations
  ('PoolTogether', '0xbbde25a2c85f55b53b7698b9476610c3d1202d88870e66502ab0076b7218f98a'): 0.0 allocations
  ('RAI Mainnet', '0xc420d79a888eb0e34203bfeca1048d35f9763b9880a94922249096e4c9a191c7'): 0.0 allocations
  ('Invalid name v1', '0x4810cc7741423cec7e44fc7ec7a479e521453cbf090e74b6186d3a2264588fe5'): 716616.751304304 allocations
  ('Invalid name v2', '0xc064c354bc21dd958b1d41b67b8ef161b75d2246b425f68ed4c74964ae705cbd'): 716616.751304304 allocations
  ('Invalid name v3', '0xf8481d0118ec6098d00629414d600f5d87a1c8a94e2720933643d2eacf648311'): 233872.250434768 allocations


  Allocations Total = 2388722.5043476797 GRT
  Reward = GRT 17346.201980889116

Optimize Allocations for Interval: indexingRewardYear and Max Allocation Percentage: 0.3
  ('Opyn Gamma Mainnet', '0x014e8a3184d5fad198123419a7b54d5f7c9f8a981116462591fbb1a922c39811'): 0.0 allocations
  ('UMA Mainnet Voting', '0x2aaeb45afa62af1cc8f6d61decd5249429e0aaed67996238adc2bfd396b5f715'): 0.0 allocations
  ('PoolTogether', '0x31edcacc9a53bc8ab4be2eeb0d873409da4c4228cb2d60e4243bd3b4e8af7500'): 0.0 allocations
  ('PoolTogether v3_1_0', '0x4a008334f8e7ea21be223d15462084f51abcc0e6625f61de806b8456e67e603e'): 0.0 allocations
  ('DODOEX V2', '0x5e48ee6773576d45a38934cb19780b5c8c75f8c36e653e234ba5b803746d8f78'): 716616.751304304 allocations
  ('PoolTogether', '0x666d78959706d7e1ed20befeb1d2c9a4e512a22931d8e22928b1f63ce48fcb40'): 5000.0 allocations
  ('mStable Protocol', '0xa7d9d3a173d3d62ce3d05c2d29f3447b04edc248cbcfdb49b205e14247374947'): 0.0 allocations
  ('PoolTogether', '0xbbde25a2c85f55b53b7698b9476610c3d1202d88870e66502ab0076b7218f98a'): 0.0 allocations
  ('RAI Mainnet', '0xc420d79a888eb0e34203bfeca1048d35f9763b9880a94922249096e4c9a191c7'): 0.0 allocations
  ('Invalid name v1', '0x4810cc7741423cec7e44fc7ec7a479e521453cbf090e74b6186d3a2264588fe5'): 716616.751304304 allocations
  ('Invalid name v2', '0xc064c354bc21dd958b1d41b67b8ef161b75d2246b425f68ed4c74964ae705cbd'): 716616.751304304 allocations
  ('Invalid name v3', '0xf8481d0118ec6098d00629414d600f5d87a1c8a94e2720933643d2eacf648311'): 233872.250434768 allocations


  Allocations Total = 2388722.5043476797 GRT
  Reward = GRT 904481.2752693028
==============================

Optimize Allocations for Interval: indexingRewardDay and Max Allocation Percentage: 0.4
  ('Opyn Gamma Mainnet', '0x014e8a3184d5fad198123419a7b54d5f7c9f8a981116462591fbb1a922c39811'): 0.0 allocations
  ('UMA Mainnet Voting', '0x2aaeb45afa62af1cc8f6d61decd5249429e0aaed67996238adc2bfd396b5f715'): 0.0 allocations
  ('PoolTogether', '0x31edcacc9a53bc8ab4be2eeb0d873409da4c4228cb2d60e4243bd3b4e8af7500'): 0.0 allocations
  ('PoolTogether v3_1_0', '0x4a008334f8e7ea21be223d15462084f51abcc0e6625f61de806b8456e67e603e'): 0.0 allocations
  ('DODOEX V2', '0x5e48ee6773576d45a38934cb19780b5c8c75f8c36e653e234ba5b803746d8f78'): 472744.500869536 allocations
  ('PoolTogether', '0x666d78959706d7e1ed20befeb1d2c9a4e512a22931d8e22928b1f63ce48fcb40'): 5000.0 allocations
  ('mStable Protocol', '0xa7d9d3a173d3d62ce3d05c2d29f3447b04edc248cbcfdb49b205e14247374947'): 0.0 allocations
  ('PoolTogether', '0xbbde25a2c85f55b53b7698b9476610c3d1202d88870e66502ab0076b7218f98a'): 0.0 allocations
  ('RAI Mainnet', '0xc420d79a888eb0e34203bfeca1048d35f9763b9880a94922249096e4c9a191c7'): 0.0 allocations
  ('Invalid name v1', '0x4810cc7741423cec7e44fc7ec7a479e521453cbf090e74b6186d3a2264588fe5'): 955489.001739072 allocations
  ('Invalid name v2', '0xc064c354bc21dd958b1d41b67b8ef161b75d2246b425f68ed4c74964ae705cbd'): 955489.001739072 allocations
  ('Invalid name v3', '0xf8481d0118ec6098d00629414d600f5d87a1c8a94e2720933643d2eacf648311'): 0.0 allocations


  Allocations Total = 2388722.50434768 GRT
  Reward = GRT 2482.200861360087

Optimize Allocations for Interval: indexingRewardWeek and Max Allocation Percentage: 0.4
  ('Opyn Gamma Mainnet', '0x014e8a3184d5fad198123419a7b54d5f7c9f8a981116462591fbb1a922c39811'): 0.0 allocations
  ('UMA Mainnet Voting', '0x2aaeb45afa62af1cc8f6d61decd5249429e0aaed67996238adc2bfd396b5f715'): 0.0 allocations
  ('PoolTogether', '0x31edcacc9a53bc8ab4be2eeb0d873409da4c4228cb2d60e4243bd3b4e8af7500'): 0.0 allocations
  ('PoolTogether v3_1_0', '0x4a008334f8e7ea21be223d15462084f51abcc0e6625f61de806b8456e67e603e'): 0.0 allocations
  ('DODOEX V2', '0x5e48ee6773576d45a38934cb19780b5c8c75f8c36e653e234ba5b803746d8f78'): 472744.500869536 allocations
  ('PoolTogether', '0x666d78959706d7e1ed20befeb1d2c9a4e512a22931d8e22928b1f63ce48fcb40'): 5000.0 allocations
  ('mStable Protocol', '0xa7d9d3a173d3d62ce3d05c2d29f3447b04edc248cbcfdb49b205e14247374947'): 0.0 allocations
  ('PoolTogether', '0xbbde25a2c85f55b53b7698b9476610c3d1202d88870e66502ab0076b7218f98a'): 0.0 allocations
  ('RAI Mainnet', '0xc420d79a888eb0e34203bfeca1048d35f9763b9880a94922249096e4c9a191c7'): 0.0 allocations
  ('Invalid name v1', '0x4810cc7741423cec7e44fc7ec7a479e521453cbf090e74b6186d3a2264588fe5'): 955489.001739072 allocations
  ('Invalid name v2', '0xc064c354bc21dd958b1d41b67b8ef161b75d2246b425f68ed4c74964ae705cbd'): 955489.001739072 allocations
  ('Invalid name v3', '0xf8481d0118ec6098d00629414d600f5d87a1c8a94e2720933643d2eacf648311'): 0.0 allocations


  Allocations Total = 2388722.50434768 GRT
  Reward = GRT 17375.39174837671

Optimize Allocations for Interval: indexingRewardYear and Max Allocation Percentage: 0.4
  ('Opyn Gamma Mainnet', '0x014e8a3184d5fad198123419a7b54d5f7c9f8a981116462591fbb1a922c39811'): 0.0 allocations
  ('UMA Mainnet Voting', '0x2aaeb45afa62af1cc8f6d61decd5249429e0aaed67996238adc2bfd396b5f715'): 0.0 allocations
  ('PoolTogether', '0x31edcacc9a53bc8ab4be2eeb0d873409da4c4228cb2d60e4243bd3b4e8af7500'): 0.0 allocations
  ('PoolTogether v3_1_0', '0x4a008334f8e7ea21be223d15462084f51abcc0e6625f61de806b8456e67e603e'): 0.0 allocations
  ('DODOEX V2', '0x5e48ee6773576d45a38934cb19780b5c8c75f8c36e653e234ba5b803746d8f78'): 472744.500869536 allocations
  ('PoolTogether', '0x666d78959706d7e1ed20befeb1d2c9a4e512a22931d8e22928b1f63ce48fcb40'): 5000.0 allocations
  ('mStable Protocol', '0xa7d9d3a173d3d62ce3d05c2d29f3447b04edc248cbcfdb49b205e14247374947'): 0.0 allocations
  ('PoolTogether', '0xbbde25a2c85f55b53b7698b9476610c3d1202d88870e66502ab0076b7218f98a'): 0.0 allocations
  ('RAI Mainnet', '0xc420d79a888eb0e34203bfeca1048d35f9763b9880a94922249096e4c9a191c7'): 0.0 allocations
  ('Invalid name v1', '0x4810cc7741423cec7e44fc7ec7a479e521453cbf090e74b6186d3a2264588fe5'): 955489.001739072 allocations
  ('Invalid name v2', '0xc064c354bc21dd958b1d41b67b8ef161b75d2246b425f68ed4c74964ae705cbd'): 955489.001739072 allocations
  ('Invalid name v3', '0xf8481d0118ec6098d00629414d600f5d87a1c8a94e2720933643d2eacf648311'): 0.0 allocations


  Allocations Total = 2388722.50434768 GRT
  Reward = GRT 906003.3143964319
==============================

Optimize Allocations for Interval: indexingRewardDay and Max Allocation Percentage: 0.5
  ('Opyn Gamma Mainnet', '0x014e8a3184d5fad198123419a7b54d5f7c9f8a981116462591fbb1a922c39811'): 0.0 allocations
  ('UMA Mainnet Voting', '0x2aaeb45afa62af1cc8f6d61decd5249429e0aaed67996238adc2bfd396b5f715'): 0.0 allocations
  ('PoolTogether', '0x31edcacc9a53bc8ab4be2eeb0d873409da4c4228cb2d60e4243bd3b4e8af7500'): 0.0 allocations
  ('PoolTogether v3_1_0', '0x4a008334f8e7ea21be223d15462084f51abcc0e6625f61de806b8456e67e603e'): 0.0 allocations
  ('DODOEX V2', '0x5e48ee6773576d45a38934cb19780b5c8c75f8c36e653e234ba5b803746d8f78'): 0.0 allocations
  ('PoolTogether', '0x666d78959706d7e1ed20befeb1d2c9a4e512a22931d8e22928b1f63ce48fcb40'): 5000.0 allocations
  ('mStable Protocol', '0xa7d9d3a173d3d62ce3d05c2d29f3447b04edc248cbcfdb49b205e14247374947'): 0.0 allocations
  ('PoolTogether', '0xbbde25a2c85f55b53b7698b9476610c3d1202d88870e66502ab0076b7218f98a'): 0.0 allocations
  ('RAI Mainnet', '0xc420d79a888eb0e34203bfeca1048d35f9763b9880a94922249096e4c9a191c7'): 0.0 allocations
  ('Invalid name v1', '0x4810cc7741423cec7e44fc7ec7a479e521453cbf090e74b6186d3a2264588fe5'): 1194361.25217384 allocations
  ('Invalid name v2', '0xc064c354bc21dd958b1d41b67b8ef161b75d2246b425f68ed4c74964ae705cbd'): 1189361.25217384 allocations
  ('Invalid name v3', '0xf8481d0118ec6098d00629414d600f5d87a1c8a94e2720933643d2eacf648311'): 0.0 allocations


  Allocations Total = 2388722.50434768 GRT
  Reward = GRT 2486.1133299167636

Optimize Allocations for Interval: indexingRewardWeek and Max Allocation Percentage: 0.5
  ('Opyn Gamma Mainnet', '0x014e8a3184d5fad198123419a7b54d5f7c9f8a981116462591fbb1a922c39811'): 0.0 allocations
  ('UMA Mainnet Voting', '0x2aaeb45afa62af1cc8f6d61decd5249429e0aaed67996238adc2bfd396b5f715'): 0.0 allocations
  ('PoolTogether', '0x31edcacc9a53bc8ab4be2eeb0d873409da4c4228cb2d60e4243bd3b4e8af7500'): 0.0 allocations
  ('PoolTogether v3_1_0', '0x4a008334f8e7ea21be223d15462084f51abcc0e6625f61de806b8456e67e603e'): 0.0 allocations
  ('DODOEX V2', '0x5e48ee6773576d45a38934cb19780b5c8c75f8c36e653e234ba5b803746d8f78'): 0.0 allocations
  ('PoolTogether', '0x666d78959706d7e1ed20befeb1d2c9a4e512a22931d8e22928b1f63ce48fcb40'): 5000.0 allocations
  ('mStable Protocol', '0xa7d9d3a173d3d62ce3d05c2d29f3447b04edc248cbcfdb49b205e14247374947'): 0.0 allocations
  ('PoolTogether', '0xbbde25a2c85f55b53b7698b9476610c3d1202d88870e66502ab0076b7218f98a'): 0.0 allocations
  ('RAI Mainnet', '0xc420d79a888eb0e34203bfeca1048d35f9763b9880a94922249096e4c9a191c7'): 0.0 allocations
  ('Invalid name v1', '0x4810cc7741423cec7e44fc7ec7a479e521453cbf090e74b6186d3a2264588fe5'): 1194361.25217384 allocations
  ('Invalid name v2', '0xc064c354bc21dd958b1d41b67b8ef161b75d2246b425f68ed4c74964ae705cbd'): 1189361.25217384 allocations
  ('Invalid name v3', '0xf8481d0118ec6098d00629414d600f5d87a1c8a94e2720933643d2eacf648311'): 0.0 allocations


  Allocations Total = 2388722.50434768 GRT
  Reward = GRT 17402.779005763372

Optimize Allocations for Interval: indexingRewardYear and Max Allocation Percentage: 0.5
  ('Opyn Gamma Mainnet', '0x014e8a3184d5fad198123419a7b54d5f7c9f8a981116462591fbb1a922c39811'): 0.0 allocations
  ('UMA Mainnet Voting', '0x2aaeb45afa62af1cc8f6d61decd5249429e0aaed67996238adc2bfd396b5f715'): 0.0 allocations
  ('PoolTogether', '0x31edcacc9a53bc8ab4be2eeb0d873409da4c4228cb2d60e4243bd3b4e8af7500'): 0.0 allocations
  ('PoolTogether v3_1_0', '0x4a008334f8e7ea21be223d15462084f51abcc0e6625f61de806b8456e67e603e'): 0.0 allocations
  ('DODOEX V2', '0x5e48ee6773576d45a38934cb19780b5c8c75f8c36e653e234ba5b803746d8f78'): 0.0 allocations
  ('PoolTogether', '0x666d78959706d7e1ed20befeb1d2c9a4e512a22931d8e22928b1f63ce48fcb40'): 5000.0 allocations
  ('mStable Protocol', '0xa7d9d3a173d3d62ce3d05c2d29f3447b04edc248cbcfdb49b205e14247374947'): 0.0 allocations
  ('PoolTogether', '0xbbde25a2c85f55b53b7698b9476610c3d1202d88870e66502ab0076b7218f98a'): 0.0 allocations
  ('RAI Mainnet', '0xc420d79a888eb0e34203bfeca1048d35f9763b9880a94922249096e4c9a191c7'): 0.0 allocations
  ('Invalid name v1', '0x4810cc7741423cec7e44fc7ec7a479e521453cbf090e74b6186d3a2264588fe5'): 1194361.25217384 allocations
  ('Invalid name v2', '0xc064c354bc21dd958b1d41b67b8ef161b75d2246b425f68ed4c74964ae705cbd'): 1189361.25217384 allocations
  ('Invalid name v3', '0xf8481d0118ec6098d00629414d600f5d87a1c8a94e2720933643d2eacf648311'): 0.0 allocations


  Allocations Total = 2388722.50434768 GRT
  Reward = GRT 907431.3654196186
==============================

Optimize Allocations for Interval: indexingRewardDay and Max Allocation Percentage: 0.6
  ('Opyn Gamma Mainnet', '0x014e8a3184d5fad198123419a7b54d5f7c9f8a981116462591fbb1a922c39811'): 0.0 allocations
  ('UMA Mainnet Voting', '0x2aaeb45afa62af1cc8f6d61decd5249429e0aaed67996238adc2bfd396b5f715'): 0.0 allocations
  ('PoolTogether', '0x31edcacc9a53bc8ab4be2eeb0d873409da4c4228cb2d60e4243bd3b4e8af7500'): 0.0 allocations
  ('PoolTogether v3_1_0', '0x4a008334f8e7ea21be223d15462084f51abcc0e6625f61de806b8456e67e603e'): 0.0 allocations
  ('DODOEX V2', '0x5e48ee6773576d45a38934cb19780b5c8c75f8c36e653e234ba5b803746d8f78'): 0.0 allocations
  ('PoolTogether', '0x666d78959706d7e1ed20befeb1d2c9a4e512a22931d8e22928b1f63ce48fcb40'): 5000.0 allocations
  ('mStable Protocol', '0xa7d9d3a173d3d62ce3d05c2d29f3447b04edc248cbcfdb49b205e14247374947'): 0.0 allocations
  ('PoolTogether', '0xbbde25a2c85f55b53b7698b9476610c3d1202d88870e66502ab0076b7218f98a'): 0.0 allocations
  ('RAI Mainnet', '0xc420d79a888eb0e34203bfeca1048d35f9763b9880a94922249096e4c9a191c7'): 0.0 allocations
  ('Invalid name v1', '0x4810cc7741423cec7e44fc7ec7a479e521453cbf090e74b6186d3a2264588fe5'): 1433233.50260861 allocations
  ('Invalid name v2', '0xc064c354bc21dd958b1d41b67b8ef161b75d2246b425f68ed4c74964ae705cbd'): 950489.001739072 allocations
  ('Invalid name v3', '0xf8481d0118ec6098d00629414d600f5d87a1c8a94e2720933643d2eacf648311'): 0.0 allocations


  Allocations Total = 2388722.504347682 GRT
  Reward = GRT 2487.2898534017713

Optimize Allocations for Interval: indexingRewardWeek and Max Allocation Percentage: 0.6
  ('Opyn Gamma Mainnet', '0x014e8a3184d5fad198123419a7b54d5f7c9f8a981116462591fbb1a922c39811'): 0.0 allocations
  ('UMA Mainnet Voting', '0x2aaeb45afa62af1cc8f6d61decd5249429e0aaed67996238adc2bfd396b5f715'): 0.0 allocations
  ('PoolTogether', '0x31edcacc9a53bc8ab4be2eeb0d873409da4c4228cb2d60e4243bd3b4e8af7500'): 0.0 allocations
  ('PoolTogether v3_1_0', '0x4a008334f8e7ea21be223d15462084f51abcc0e6625f61de806b8456e67e603e'): 0.0 allocations
  ('DODOEX V2', '0x5e48ee6773576d45a38934cb19780b5c8c75f8c36e653e234ba5b803746d8f78'): 0.0 allocations
  ('PoolTogether', '0x666d78959706d7e1ed20befeb1d2c9a4e512a22931d8e22928b1f63ce48fcb40'): 5000.0 allocations
  ('mStable Protocol', '0xa7d9d3a173d3d62ce3d05c2d29f3447b04edc248cbcfdb49b205e14247374947'): 0.0 allocations
  ('PoolTogether', '0xbbde25a2c85f55b53b7698b9476610c3d1202d88870e66502ab0076b7218f98a'): 0.0 allocations
  ('RAI Mainnet', '0xc420d79a888eb0e34203bfeca1048d35f9763b9880a94922249096e4c9a191c7'): 0.0 allocations
  ('Invalid name v1', '0x4810cc7741423cec7e44fc7ec7a479e521453cbf090e74b6186d3a2264588fe5'): 1433233.50260861 allocations
  ('Invalid name v2', '0xc064c354bc21dd958b1d41b67b8ef161b75d2246b425f68ed4c74964ae705cbd'): 950489.001739072 allocations
  ('Invalid name v3', '0xf8481d0118ec6098d00629414d600f5d87a1c8a94e2720933643d2eacf648311'): 0.0 allocations


  Allocations Total = 2388722.504347682 GRT
  Reward = GRT 17411.01466338939

Optimize Allocations for Interval: indexingRewardYear and Max Allocation Percentage: 0.6
  ('Opyn Gamma Mainnet', '0x014e8a3184d5fad198123419a7b54d5f7c9f8a981116462591fbb1a922c39811'): 0.0 allocations
  ('UMA Mainnet Voting', '0x2aaeb45afa62af1cc8f6d61decd5249429e0aaed67996238adc2bfd396b5f715'): 0.0 allocations
  ('PoolTogether', '0x31edcacc9a53bc8ab4be2eeb0d873409da4c4228cb2d60e4243bd3b4e8af7500'): 0.0 allocations
  ('PoolTogether v3_1_0', '0x4a008334f8e7ea21be223d15462084f51abcc0e6625f61de806b8456e67e603e'): 0.0 allocations
  ('DODOEX V2', '0x5e48ee6773576d45a38934cb19780b5c8c75f8c36e653e234ba5b803746d8f78'): 0.0 allocations
  ('PoolTogether', '0x666d78959706d7e1ed20befeb1d2c9a4e512a22931d8e22928b1f63ce48fcb40'): 5000.0 allocations
  ('mStable Protocol', '0xa7d9d3a173d3d62ce3d05c2d29f3447b04edc248cbcfdb49b205e14247374947'): 0.0 allocations
  ('PoolTogether', '0xbbde25a2c85f55b53b7698b9476610c3d1202d88870e66502ab0076b7218f98a'): 0.0 allocations
  ('RAI Mainnet', '0xc420d79a888eb0e34203bfeca1048d35f9763b9880a94922249096e4c9a191c7'): 0.0 allocations
  ('Invalid name v1', '0x4810cc7741423cec7e44fc7ec7a479e521453cbf090e74b6186d3a2264588fe5'): 1433233.50260861 allocations
  ('Invalid name v2', '0xc064c354bc21dd958b1d41b67b8ef161b75d2246b425f68ed4c74964ae705cbd'): 950489.001739072 allocations
  ('Invalid name v3', '0xf8481d0118ec6098d00629414d600f5d87a1c8a94e2720933643d2eacf648311'): 0.0 allocations


  Allocations Total = 2388722.504347682 GRT
  Reward = GRT 907860.7964916464
==============================

Optimize Allocations for Interval: indexingRewardDay and Max Allocation Percentage: 0.7
  ('Opyn Gamma Mainnet', '0x014e8a3184d5fad198123419a7b54d5f7c9f8a981116462591fbb1a922c39811'): 0.0 allocations
  ('UMA Mainnet Voting', '0x2aaeb45afa62af1cc8f6d61decd5249429e0aaed67996238adc2bfd396b5f715'): 0.0 allocations
  ('PoolTogether', '0x31edcacc9a53bc8ab4be2eeb0d873409da4c4228cb2d60e4243bd3b4e8af7500'): 0.0 allocations
  ('PoolTogether v3_1_0', '0x4a008334f8e7ea21be223d15462084f51abcc0e6625f61de806b8456e67e603e'): 0.0 allocations
  ('DODOEX V2', '0x5e48ee6773576d45a38934cb19780b5c8c75f8c36e653e234ba5b803746d8f78'): 0.0 allocations
  ('PoolTogether', '0x666d78959706d7e1ed20befeb1d2c9a4e512a22931d8e22928b1f63ce48fcb40'): 5000.0 allocations
  ('mStable Protocol', '0xa7d9d3a173d3d62ce3d05c2d29f3447b04edc248cbcfdb49b205e14247374947'): 0.0 allocations
  ('PoolTogether', '0xbbde25a2c85f55b53b7698b9476610c3d1202d88870e66502ab0076b7218f98a'): 0.0 allocations
  ('RAI Mainnet', '0xc420d79a888eb0e34203bfeca1048d35f9763b9880a94922249096e4c9a191c7'): 0.0 allocations
  ('Invalid name v1', '0x4810cc7741423cec7e44fc7ec7a479e521453cbf090e74b6186d3a2264588fe5'): 1672105.75304338 allocations
  ('Invalid name v2', '0xc064c354bc21dd958b1d41b67b8ef161b75d2246b425f68ed4c74964ae705cbd'): 711616.751304304 allocations
  ('Invalid name v3', '0xf8481d0118ec6098d00629414d600f5d87a1c8a94e2720933643d2eacf648311'): 0.0 allocations


  Allocations Total = 2388722.504347684 GRT
  Reward = GRT 2488.466376886778

Optimize Allocations for Interval: indexingRewardWeek and Max Allocation Percentage: 0.7
  ('Opyn Gamma Mainnet', '0x014e8a3184d5fad198123419a7b54d5f7c9f8a981116462591fbb1a922c39811'): 0.0 allocations
  ('UMA Mainnet Voting', '0x2aaeb45afa62af1cc8f6d61decd5249429e0aaed67996238adc2bfd396b5f715'): 0.0 allocations
  ('PoolTogether', '0x31edcacc9a53bc8ab4be2eeb0d873409da4c4228cb2d60e4243bd3b4e8af7500'): 0.0 allocations
  ('PoolTogether v3_1_0', '0x4a008334f8e7ea21be223d15462084f51abcc0e6625f61de806b8456e67e603e'): 0.0 allocations
  ('DODOEX V2', '0x5e48ee6773576d45a38934cb19780b5c8c75f8c36e653e234ba5b803746d8f78'): 0.0 allocations
  ('PoolTogether', '0x666d78959706d7e1ed20befeb1d2c9a4e512a22931d8e22928b1f63ce48fcb40'): 5000.0 allocations
  ('mStable Protocol', '0xa7d9d3a173d3d62ce3d05c2d29f3447b04edc248cbcfdb49b205e14247374947'): 0.0 allocations
  ('PoolTogether', '0xbbde25a2c85f55b53b7698b9476610c3d1202d88870e66502ab0076b7218f98a'): 0.0 allocations
  ('RAI Mainnet', '0xc420d79a888eb0e34203bfeca1048d35f9763b9880a94922249096e4c9a191c7'): 0.0 allocations
  ('Invalid name v1', '0x4810cc7741423cec7e44fc7ec7a479e521453cbf090e74b6186d3a2264588fe5'): 1672105.75304338 allocations
  ('Invalid name v2', '0xc064c354bc21dd958b1d41b67b8ef161b75d2246b425f68ed4c74964ae705cbd'): 711616.751304304 allocations
  ('Invalid name v3', '0xf8481d0118ec6098d00629414d600f5d87a1c8a94e2720933643d2eacf648311'): 0.0 allocations


  Allocations Total = 2388722.504347684 GRT
  Reward = GRT 17419.25032101541

Optimize Allocations for Interval: indexingRewardYear and Max Allocation Percentage: 0.7
  ('Opyn Gamma Mainnet', '0x014e8a3184d5fad198123419a7b54d5f7c9f8a981116462591fbb1a922c39811'): 0.0 allocations
  ('UMA Mainnet Voting', '0x2aaeb45afa62af1cc8f6d61decd5249429e0aaed67996238adc2bfd396b5f715'): 0.0 allocations
  ('PoolTogether', '0x31edcacc9a53bc8ab4be2eeb0d873409da4c4228cb2d60e4243bd3b4e8af7500'): 0.0 allocations
  ('PoolTogether v3_1_0', '0x4a008334f8e7ea21be223d15462084f51abcc0e6625f61de806b8456e67e603e'): 0.0 allocations
  ('DODOEX V2', '0x5e48ee6773576d45a38934cb19780b5c8c75f8c36e653e234ba5b803746d8f78'): 0.0 allocations
  ('PoolTogether', '0x666d78959706d7e1ed20befeb1d2c9a4e512a22931d8e22928b1f63ce48fcb40'): 5000.0 allocations
  ('mStable Protocol', '0xa7d9d3a173d3d62ce3d05c2d29f3447b04edc248cbcfdb49b205e14247374947'): 0.0 allocations
  ('PoolTogether', '0xbbde25a2c85f55b53b7698b9476610c3d1202d88870e66502ab0076b7218f98a'): 0.0 allocations
  ('RAI Mainnet', '0xc420d79a888eb0e34203bfeca1048d35f9763b9880a94922249096e4c9a191c7'): 0.0 allocations
  ('Invalid name v1', '0x4810cc7741423cec7e44fc7ec7a479e521453cbf090e74b6186d3a2264588fe5'): 1672105.75304338 allocations
  ('Invalid name v2', '0xc064c354bc21dd958b1d41b67b8ef161b75d2246b425f68ed4c74964ae705cbd'): 711616.751304304 allocations
  ('Invalid name v3', '0xf8481d0118ec6098d00629414d600f5d87a1c8a94e2720933643d2eacf648311'): 0.0 allocations


  Allocations Total = 2388722.504347684 GRT
  Reward = GRT 908290.2275636743
==============================

Optimize Allocations for Interval: indexingRewardDay and Max Allocation Percentage: 0.8
  ('Opyn Gamma Mainnet', '0x014e8a3184d5fad198123419a7b54d5f7c9f8a981116462591fbb1a922c39811'): 0.0 allocations
  ('UMA Mainnet Voting', '0x2aaeb45afa62af1cc8f6d61decd5249429e0aaed67996238adc2bfd396b5f715'): 0.0 allocations
  ('PoolTogether', '0x31edcacc9a53bc8ab4be2eeb0d873409da4c4228cb2d60e4243bd3b4e8af7500'): 0.0 allocations
  ('PoolTogether v3_1_0', '0x4a008334f8e7ea21be223d15462084f51abcc0e6625f61de806b8456e67e603e'): 0.0 allocations
  ('DODOEX V2', '0x5e48ee6773576d45a38934cb19780b5c8c75f8c36e653e234ba5b803746d8f78'): 0.0 allocations
  ('PoolTogether', '0x666d78959706d7e1ed20befeb1d2c9a4e512a22931d8e22928b1f63ce48fcb40'): 5000.0 allocations
  ('mStable Protocol', '0xa7d9d3a173d3d62ce3d05c2d29f3447b04edc248cbcfdb49b205e14247374947'): 0.0 allocations
  ('PoolTogether', '0xbbde25a2c85f55b53b7698b9476610c3d1202d88870e66502ab0076b7218f98a'): 0.0 allocations
  ('RAI Mainnet', '0xc420d79a888eb0e34203bfeca1048d35f9763b9880a94922249096e4c9a191c7'): 0.0 allocations
  ('Invalid name v1', '0x4810cc7741423cec7e44fc7ec7a479e521453cbf090e74b6186d3a2264588fe5'): 1910978.00347814 allocations
  ('Invalid name v2', '0xc064c354bc21dd958b1d41b67b8ef161b75d2246b425f68ed4c74964ae705cbd'): 472744.500869536 allocations
  ('Invalid name v3', '0xf8481d0118ec6098d00629414d600f5d87a1c8a94e2720933643d2eacf648311'): 0.0 allocations


  Allocations Total = 2388722.504347676 GRT
  Reward = GRT 2489.642900371783

Optimize Allocations for Interval: indexingRewardWeek and Max Allocation Percentage: 0.8
  ('Opyn Gamma Mainnet', '0x014e8a3184d5fad198123419a7b54d5f7c9f8a981116462591fbb1a922c39811'): 0.0 allocations
  ('UMA Mainnet Voting', '0x2aaeb45afa62af1cc8f6d61decd5249429e0aaed67996238adc2bfd396b5f715'): 0.0 allocations
  ('PoolTogether', '0x31edcacc9a53bc8ab4be2eeb0d873409da4c4228cb2d60e4243bd3b4e8af7500'): 0.0 allocations
  ('PoolTogether v3_1_0', '0x4a008334f8e7ea21be223d15462084f51abcc0e6625f61de806b8456e67e603e'): 0.0 allocations
  ('DODOEX V2', '0x5e48ee6773576d45a38934cb19780b5c8c75f8c36e653e234ba5b803746d8f78'): 0.0 allocations
  ('PoolTogether', '0x666d78959706d7e1ed20befeb1d2c9a4e512a22931d8e22928b1f63ce48fcb40'): 5000.0 allocations
  ('mStable Protocol', '0xa7d9d3a173d3d62ce3d05c2d29f3447b04edc248cbcfdb49b205e14247374947'): 0.0 allocations
  ('PoolTogether', '0xbbde25a2c85f55b53b7698b9476610c3d1202d88870e66502ab0076b7218f98a'): 0.0 allocations
  ('RAI Mainnet', '0xc420d79a888eb0e34203bfeca1048d35f9763b9880a94922249096e4c9a191c7'): 0.0 allocations
  ('Invalid name v1', '0x4810cc7741423cec7e44fc7ec7a479e521453cbf090e74b6186d3a2264588fe5'): 1910978.00347814 allocations
  ('Invalid name v2', '0xc064c354bc21dd958b1d41b67b8ef161b75d2246b425f68ed4c74964ae705cbd'): 472744.500869536 allocations
  ('Invalid name v3', '0xf8481d0118ec6098d00629414d600f5d87a1c8a94e2720933643d2eacf648311'): 0.0 allocations


  Allocations Total = 2388722.504347676 GRT
  Reward = GRT 17427.485978641405

Optimize Allocations for Interval: indexingRewardYear and Max Allocation Percentage: 0.8
  ('Opyn Gamma Mainnet', '0x014e8a3184d5fad198123419a7b54d5f7c9f8a981116462591fbb1a922c39811'): 0.0 allocations
  ('UMA Mainnet Voting', '0x2aaeb45afa62af1cc8f6d61decd5249429e0aaed67996238adc2bfd396b5f715'): 0.0 allocations
  ('PoolTogether', '0x31edcacc9a53bc8ab4be2eeb0d873409da4c4228cb2d60e4243bd3b4e8af7500'): 0.0 allocations
  ('PoolTogether v3_1_0', '0x4a008334f8e7ea21be223d15462084f51abcc0e6625f61de806b8456e67e603e'): 0.0 allocations
  ('DODOEX V2', '0x5e48ee6773576d45a38934cb19780b5c8c75f8c36e653e234ba5b803746d8f78'): 0.0 allocations
  ('PoolTogether', '0x666d78959706d7e1ed20befeb1d2c9a4e512a22931d8e22928b1f63ce48fcb40'): 5000.0 allocations
  ('mStable Protocol', '0xa7d9d3a173d3d62ce3d05c2d29f3447b04edc248cbcfdb49b205e14247374947'): 0.0 allocations
  ('PoolTogether', '0xbbde25a2c85f55b53b7698b9476610c3d1202d88870e66502ab0076b7218f98a'): 0.0 allocations
  ('RAI Mainnet', '0xc420d79a888eb0e34203bfeca1048d35f9763b9880a94922249096e4c9a191c7'): 0.0 allocations
  ('Invalid name v1', '0x4810cc7741423cec7e44fc7ec7a479e521453cbf090e74b6186d3a2264588fe5'): 1910978.00347814 allocations
  ('Invalid name v2', '0xc064c354bc21dd958b1d41b67b8ef161b75d2246b425f68ed4c74964ae705cbd'): 472744.500869536 allocations
  ('Invalid name v3', '0xf8481d0118ec6098d00629414d600f5d87a1c8a94e2720933643d2eacf648311'): 0.0 allocations


  Allocations Total = 2388722.504347676 GRT
  Reward = GRT 908719.6586357008
==============================

Optimize Allocations for Interval: indexingRewardDay and Max Allocation Percentage: 0.9
  ('Opyn Gamma Mainnet', '0x014e8a3184d5fad198123419a7b54d5f7c9f8a981116462591fbb1a922c39811'): 0.0 allocations
  ('UMA Mainnet Voting', '0x2aaeb45afa62af1cc8f6d61decd5249429e0aaed67996238adc2bfd396b5f715'): 0.0 allocations
  ('PoolTogether', '0x31edcacc9a53bc8ab4be2eeb0d873409da4c4228cb2d60e4243bd3b4e8af7500'): 0.0 allocations
  ('PoolTogether v3_1_0', '0x4a008334f8e7ea21be223d15462084f51abcc0e6625f61de806b8456e67e603e'): 0.0 allocations
  ('DODOEX V2', '0x5e48ee6773576d45a38934cb19780b5c8c75f8c36e653e234ba5b803746d8f78'): 0.0 allocations
  ('PoolTogether', '0x666d78959706d7e1ed20befeb1d2c9a4e512a22931d8e22928b1f63ce48fcb40'): 5000.0 allocations
  ('mStable Protocol', '0xa7d9d3a173d3d62ce3d05c2d29f3447b04edc248cbcfdb49b205e14247374947'): 0.0 allocations
  ('PoolTogether', '0xbbde25a2c85f55b53b7698b9476610c3d1202d88870e66502ab0076b7218f98a'): 0.0 allocations
  ('RAI Mainnet', '0xc420d79a888eb0e34203bfeca1048d35f9763b9880a94922249096e4c9a191c7'): 0.0 allocations
  ('Invalid name v1', '0x4810cc7741423cec7e44fc7ec7a479e521453cbf090e74b6186d3a2264588fe5'): 2149850.25391291 allocations
  ('Invalid name v2', '0xc064c354bc21dd958b1d41b67b8ef161b75d2246b425f68ed4c74964ae705cbd'): 233872.250434768 allocations
  ('Invalid name v3', '0xf8481d0118ec6098d00629414d600f5d87a1c8a94e2720933643d2eacf648311'): 0.0 allocations


  Allocations Total = 2388722.504347678 GRT
  Reward = GRT 2490.8194238567908

Optimize Allocations for Interval: indexingRewardWeek and Max Allocation Percentage: 0.9
  ('Opyn Gamma Mainnet', '0x014e8a3184d5fad198123419a7b54d5f7c9f8a981116462591fbb1a922c39811'): 0.0 allocations
  ('UMA Mainnet Voting', '0x2aaeb45afa62af1cc8f6d61decd5249429e0aaed67996238adc2bfd396b5f715'): 0.0 allocations
  ('PoolTogether', '0x31edcacc9a53bc8ab4be2eeb0d873409da4c4228cb2d60e4243bd3b4e8af7500'): 0.0 allocations
  ('PoolTogether v3_1_0', '0x4a008334f8e7ea21be223d15462084f51abcc0e6625f61de806b8456e67e603e'): 0.0 allocations
  ('DODOEX V2', '0x5e48ee6773576d45a38934cb19780b5c8c75f8c36e653e234ba5b803746d8f78'): 0.0 allocations
  ('PoolTogether', '0x666d78959706d7e1ed20befeb1d2c9a4e512a22931d8e22928b1f63ce48fcb40'): 5000.0 allocations
  ('mStable Protocol', '0xa7d9d3a173d3d62ce3d05c2d29f3447b04edc248cbcfdb49b205e14247374947'): 0.0 allocations
  ('PoolTogether', '0xbbde25a2c85f55b53b7698b9476610c3d1202d88870e66502ab0076b7218f98a'): 0.0 allocations
  ('RAI Mainnet', '0xc420d79a888eb0e34203bfeca1048d35f9763b9880a94922249096e4c9a191c7'): 0.0 allocations
  ('Invalid name v1', '0x4810cc7741423cec7e44fc7ec7a479e521453cbf090e74b6186d3a2264588fe5'): 2149850.25391291 allocations
  ('Invalid name v2', '0xc064c354bc21dd958b1d41b67b8ef161b75d2246b425f68ed4c74964ae705cbd'): 233872.250434768 allocations
  ('Invalid name v3', '0xf8481d0118ec6098d00629414d600f5d87a1c8a94e2720933643d2eacf648311'): 0.0 allocations


  Allocations Total = 2388722.504347678 GRT
  Reward = GRT 17435.721636267426

Optimize Allocations for Interval: indexingRewardYear and Max Allocation Percentage: 0.9
  ('Opyn Gamma Mainnet', '0x014e8a3184d5fad198123419a7b54d5f7c9f8a981116462591fbb1a922c39811'): 0.0 allocations
  ('UMA Mainnet Voting', '0x2aaeb45afa62af1cc8f6d61decd5249429e0aaed67996238adc2bfd396b5f715'): 0.0 allocations
  ('PoolTogether', '0x31edcacc9a53bc8ab4be2eeb0d873409da4c4228cb2d60e4243bd3b4e8af7500'): 0.0 allocations
  ('PoolTogether v3_1_0', '0x4a008334f8e7ea21be223d15462084f51abcc0e6625f61de806b8456e67e603e'): 0.0 allocations
  ('DODOEX V2', '0x5e48ee6773576d45a38934cb19780b5c8c75f8c36e653e234ba5b803746d8f78'): 0.0 allocations
  ('PoolTogether', '0x666d78959706d7e1ed20befeb1d2c9a4e512a22931d8e22928b1f63ce48fcb40'): 5000.0 allocations
  ('mStable Protocol', '0xa7d9d3a173d3d62ce3d05c2d29f3447b04edc248cbcfdb49b205e14247374947'): 0.0 allocations
  ('PoolTogether', '0xbbde25a2c85f55b53b7698b9476610c3d1202d88870e66502ab0076b7218f98a'): 0.0 allocations
  ('RAI Mainnet', '0xc420d79a888eb0e34203bfeca1048d35f9763b9880a94922249096e4c9a191c7'): 0.0 allocations
  ('Invalid name v1', '0x4810cc7741423cec7e44fc7ec7a479e521453cbf090e74b6186d3a2264588fe5'): 2149850.25391291 allocations
  ('Invalid name v2', '0xc064c354bc21dd958b1d41b67b8ef161b75d2246b425f68ed4c74964ae705cbd'): 233872.250434768 allocations
  ('Invalid name v3', '0xf8481d0118ec6098d00629414d600f5d87a1c8a94e2720933643d2eacf648311'): 0.0 allocations


  Allocations Total = 2388722.504347678 GRT
  Reward = GRT 909149.0897077287
==============================

Optimize Allocations for Interval: indexingRewardDay and Max Allocation Percentage: 1
  ('Opyn Gamma Mainnet', '0x014e8a3184d5fad198123419a7b54d5f7c9f8a981116462591fbb1a922c39811'): 0.0 allocations
  ('UMA Mainnet Voting', '0x2aaeb45afa62af1cc8f6d61decd5249429e0aaed67996238adc2bfd396b5f715'): 0.0 allocations
  ('PoolTogether', '0x31edcacc9a53bc8ab4be2eeb0d873409da4c4228cb2d60e4243bd3b4e8af7500'): 0.0 allocations
  ('PoolTogether v3_1_0', '0x4a008334f8e7ea21be223d15462084f51abcc0e6625f61de806b8456e67e603e'): 0.0 allocations
  ('DODOEX V2', '0x5e48ee6773576d45a38934cb19780b5c8c75f8c36e653e234ba5b803746d8f78'): 0.0 allocations
  ('PoolTogether', '0x666d78959706d7e1ed20befeb1d2c9a4e512a22931d8e22928b1f63ce48fcb40'): 5000.0 allocations
  ('mStable Protocol', '0xa7d9d3a173d3d62ce3d05c2d29f3447b04edc248cbcfdb49b205e14247374947'): 0.0 allocations
  ('PoolTogether', '0xbbde25a2c85f55b53b7698b9476610c3d1202d88870e66502ab0076b7218f98a'): 0.0 allocations
  ('RAI Mainnet', '0xc420d79a888eb0e34203bfeca1048d35f9763b9880a94922249096e4c9a191c7'): 0.0 allocations
  ('Invalid name v1', '0x4810cc7741423cec7e44fc7ec7a479e521453cbf090e74b6186d3a2264588fe5'): 2383722.50434768 allocations
  ('Invalid name v2', '0xc064c354bc21dd958b1d41b67b8ef161b75d2246b425f68ed4c74964ae705cbd'): 0.0 allocations
  ('Invalid name v3', '0xf8481d0118ec6098d00629414d600f5d87a1c8a94e2720933643d2eacf648311'): 0.0 allocations


  Allocations Total = 2388722.50434768 GRT
  Reward = GRT 2491.971320716419

Optimize Allocations for Interval: indexingRewardWeek and Max Allocation Percentage: 1
  ('Opyn Gamma Mainnet', '0x014e8a3184d5fad198123419a7b54d5f7c9f8a981116462591fbb1a922c39811'): 0.0 allocations
  ('UMA Mainnet Voting', '0x2aaeb45afa62af1cc8f6d61decd5249429e0aaed67996238adc2bfd396b5f715'): 0.0 allocations
  ('PoolTogether', '0x31edcacc9a53bc8ab4be2eeb0d873409da4c4228cb2d60e4243bd3b4e8af7500'): 0.0 allocations
  ('PoolTogether v3_1_0', '0x4a008334f8e7ea21be223d15462084f51abcc0e6625f61de806b8456e67e603e'): 0.0 allocations
  ('DODOEX V2', '0x5e48ee6773576d45a38934cb19780b5c8c75f8c36e653e234ba5b803746d8f78'): 0.0 allocations
  ('PoolTogether', '0x666d78959706d7e1ed20befeb1d2c9a4e512a22931d8e22928b1f63ce48fcb40'): 5000.0 allocations
  ('mStable Protocol', '0xa7d9d3a173d3d62ce3d05c2d29f3447b04edc248cbcfdb49b205e14247374947'): 0.0 allocations
  ('PoolTogether', '0xbbde25a2c85f55b53b7698b9476610c3d1202d88870e66502ab0076b7218f98a'): 0.0 allocations
  ('RAI Mainnet', '0xc420d79a888eb0e34203bfeca1048d35f9763b9880a94922249096e4c9a191c7'): 0.0 allocations
  ('Invalid name v1', '0x4810cc7741423cec7e44fc7ec7a479e521453cbf090e74b6186d3a2264588fe5'): 2383722.50434768 allocations
  ('Invalid name v2', '0xc064c354bc21dd958b1d41b67b8ef161b75d2246b425f68ed4c74964ae705cbd'): 0.0 allocations
  ('Invalid name v3', '0xf8481d0118ec6098d00629414d600f5d87a1c8a94e2720933643d2eacf648311'): 0.0 allocations


  Allocations Total = 2388722.50434768 GRT
  Reward = GRT 17443.784907657475

Optimize Allocations for Interval: indexingRewardYear and Max Allocation Percentage: 1
  ('Opyn Gamma Mainnet', '0x014e8a3184d5fad198123419a7b54d5f7c9f8a981116462591fbb1a922c39811'): 0.0 allocations
  ('UMA Mainnet Voting', '0x2aaeb45afa62af1cc8f6d61decd5249429e0aaed67996238adc2bfd396b5f715'): 0.0 allocations
  ('PoolTogether', '0x31edcacc9a53bc8ab4be2eeb0d873409da4c4228cb2d60e4243bd3b4e8af7500'): 0.0 allocations
  ('PoolTogether v3_1_0', '0x4a008334f8e7ea21be223d15462084f51abcc0e6625f61de806b8456e67e603e'): 0.0 allocations
  ('DODOEX V2', '0x5e48ee6773576d45a38934cb19780b5c8c75f8c36e653e234ba5b803746d8f78'): 0.0 allocations
  ('PoolTogether', '0x666d78959706d7e1ed20befeb1d2c9a4e512a22931d8e22928b1f63ce48fcb40'): 5000.0 allocations
  ('mStable Protocol', '0xa7d9d3a173d3d62ce3d05c2d29f3447b04edc248cbcfdb49b205e14247374947'): 0.0 allocations
  ('PoolTogether', '0xbbde25a2c85f55b53b7698b9476610c3d1202d88870e66502ab0076b7218f98a'): 0.0 allocations
  ('RAI Mainnet', '0xc420d79a888eb0e34203bfeca1048d35f9763b9880a94922249096e4c9a191c7'): 0.0 allocations
  ('Invalid name v1', '0x4810cc7741423cec7e44fc7ec7a479e521453cbf090e74b6186d3a2264588fe5'): 2383722.50434768 allocations
  ('Invalid name v2', '0xc064c354bc21dd958b1d41b67b8ef161b75d2246b425f68ed4c74964ae705cbd'): 0.0 allocations
  ('Invalid name v3', '0xf8481d0118ec6098d00629414d600f5d87a1c8a94e2720933643d2eacf648311'): 0.0 allocations


  Allocations Total = 2388722.50434768 GRT
  Reward = GRT 909569.5320614928
