==============================

Optimize Allocations for Interval: indexingRewardDay and Max Allocation Percentage: 0.1
  ('Opyn Gamma Mainnet', '0x014e8a3184d5fad198123419a7b54d5f7c9f8a981116462591fbb1a922c39811'): 238922.693872176 allocations
  ('UMA Mainnet Voting', '0x2aaeb45afa62af1cc8f6d61decd5249429e0aaed67996238adc2bfd396b5f715'): 238922.693872176 allocations
  ('PoolTogether', '0x31edcacc9a53bc8ab4be2eeb0d873409da4c4228cb2d60e4243bd3b4e8af7500'): 229922.693872177 allocations
  ('PoolTogether v3_1_0', '0x4a008334f8e7ea21be223d15462084f51abcc0e6625f61de806b8456e67e603e'): 238922.693872176 allocations
  ('DODOEX V2', '0x5e48ee6773576d45a38934cb19780b5c8c75f8c36e653e234ba5b803746d8f78'): 238922.693872176 allocations
  ('PoolTogether', '0x666d78959706d7e1ed20befeb1d2c9a4e512a22931d8e22928b1f63ce48fcb40'): 9000.0 allocations
  ('mStable Protocol', '0xa7d9d3a173d3d62ce3d05c2d29f3447b04edc248cbcfdb49b205e14247374947'): 0.0 allocations
  ('PoolTogether', '0xbbde25a2c85f55b53b7698b9476610c3d1202d88870e66502ab0076b7218f98a'): 238922.693872176 allocations
  ('RAI Mainnet', '0xc420d79a888eb0e34203bfeca1048d35f9763b9880a94922249096e4c9a191c7'): 238922.693872176 allocations
  ('Invalid name v1', '0x4810cc7741423cec7e44fc7ec7a479e521453cbf090e74b6186d3a2264588fe5'): 238922.693872176 allocations
  ('Invalid name v2', '0xc064c354bc21dd958b1d41b67b8ef161b75d2246b425f68ed4c74964ae705cbd'): 238922.693872176 allocations
  ('Invalid name v3', '0xf8481d0118ec6098d00629414d600f5d87a1c8a94e2720933643d2eacf648311'): 238922.693872176 allocations


  Allocations Total = 2389226.9387217616 GRT
  Reward = GRT 2613.343737785046

Optimize Allocations for Interval: indexingRewardWeek and Max Allocation Percentage: 0.1
  ('Opyn Gamma Mainnet', '0x014e8a3184d5fad198123419a7b54d5f7c9f8a981116462591fbb1a922c39811'): 238922.693872176 allocations
  ('UMA Mainnet Voting', '0x2aaeb45afa62af1cc8f6d61decd5249429e0aaed67996238adc2bfd396b5f715'): 238922.693872176 allocations
  ('PoolTogether', '0x31edcacc9a53bc8ab4be2eeb0d873409da4c4228cb2d60e4243bd3b4e8af7500'): 229922.693872177 allocations
  ('PoolTogether v3_1_0', '0x4a008334f8e7ea21be223d15462084f51abcc0e6625f61de806b8456e67e603e'): 238922.693872176 allocations
  ('DODOEX V2', '0x5e48ee6773576d45a38934cb19780b5c8c75f8c36e653e234ba5b803746d8f78'): 238922.693872176 allocations
  ('PoolTogether', '0x666d78959706d7e1ed20befeb1d2c9a4e512a22931d8e22928b1f63ce48fcb40'): 9000.0 allocations
  ('mStable Protocol', '0xa7d9d3a173d3d62ce3d05c2d29f3447b04edc248cbcfdb49b205e14247374947'): 0.0 allocations
  ('PoolTogether', '0xbbde25a2c85f55b53b7698b9476610c3d1202d88870e66502ab0076b7218f98a'): 238922.693872176 allocations
  ('RAI Mainnet', '0xc420d79a888eb0e34203bfeca1048d35f9763b9880a94922249096e4c9a191c7'): 238922.693872176 allocations
  ('Invalid name v1', '0x4810cc7741423cec7e44fc7ec7a479e521453cbf090e74b6186d3a2264588fe5'): 238922.693872176 allocations
  ('Invalid name v2', '0xc064c354bc21dd958b1d41b67b8ef161b75d2246b425f68ed4c74964ae705cbd'): 238922.693872176 allocations
  ('Invalid name v3', '0xf8481d0118ec6098d00629414d600f5d87a1c8a94e2720933643d2eacf648311'): 238922.693872176 allocations


  Allocations Total = 2389226.9387217616 GRT
  Reward = GRT 18293.391128831383

Optimize Allocations for Interval: indexingRewardYear and Max Allocation Percentage: 0.1
  ('Opyn Gamma Mainnet', '0x014e8a3184d5fad198123419a7b54d5f7c9f8a981116462591fbb1a922c39811'): 238922.693872176 allocations
  ('UMA Mainnet Voting', '0x2aaeb45afa62af1cc8f6d61decd5249429e0aaed67996238adc2bfd396b5f715'): 238922.693872176 allocations
  ('PoolTogether', '0x31edcacc9a53bc8ab4be2eeb0d873409da4c4228cb2d60e4243bd3b4e8af7500'): 229922.693872177 allocations
  ('PoolTogether v3_1_0', '0x4a008334f8e7ea21be223d15462084f51abcc0e6625f61de806b8456e67e603e'): 238922.693872176 allocations
  ('DODOEX V2', '0x5e48ee6773576d45a38934cb19780b5c8c75f8c36e653e234ba5b803746d8f78'): 238922.693872176 allocations
  ('PoolTogether', '0x666d78959706d7e1ed20befeb1d2c9a4e512a22931d8e22928b1f63ce48fcb40'): 9000.0 allocations
  ('mStable Protocol', '0xa7d9d3a173d3d62ce3d05c2d29f3447b04edc248cbcfdb49b205e14247374947'): 0.0 allocations
  ('PoolTogether', '0xbbde25a2c85f55b53b7698b9476610c3d1202d88870e66502ab0076b7218f98a'): 238922.693872176 allocations
  ('RAI Mainnet', '0xc420d79a888eb0e34203bfeca1048d35f9763b9880a94922249096e4c9a191c7'): 238922.693872176 allocations
  ('Invalid name v1', '0x4810cc7741423cec7e44fc7ec7a479e521453cbf090e74b6186d3a2264588fe5'): 238922.693872176 allocations
  ('Invalid name v2', '0xc064c354bc21dd958b1d41b67b8ef161b75d2246b425f68ed4c74964ae705cbd'): 238922.693872176 allocations
  ('Invalid name v3', '0xf8481d0118ec6098d00629414d600f5d87a1c8a94e2720933643d2eacf648311'): 238922.693872176 allocations


  Allocations Total = 2389226.9387217616 GRT
  Reward = GRT 953870.464291542
==============================

Optimize Allocations for Interval: indexingRewardDay and Max Allocation Percentage: 0.2
  ('Opyn Gamma Mainnet', '0x014e8a3184d5fad198123419a7b54d5f7c9f8a981116462591fbb1a922c39811'): 477845.387744352 allocations
  ('UMA Mainnet Voting', '0x2aaeb45afa62af1cc8f6d61decd5249429e0aaed67996238adc2bfd396b5f715'): 0.0 allocations
  ('PoolTogether', '0x31edcacc9a53bc8ab4be2eeb0d873409da4c4228cb2d60e4243bd3b4e8af7500'): 0.0 allocations
  ('PoolTogether v3_1_0', '0x4a008334f8e7ea21be223d15462084f51abcc0e6625f61de806b8456e67e603e'): 0.0 allocations
  ('DODOEX V2', '0x5e48ee6773576d45a38934cb19780b5c8c75f8c36e653e234ba5b803746d8f78'): 477845.387744352 allocations
  ('PoolTogether', '0x666d78959706d7e1ed20befeb1d2c9a4e512a22931d8e22928b1f63ce48fcb40'): 9000.0 allocations
  ('mStable Protocol', '0xa7d9d3a173d3d62ce3d05c2d29f3447b04edc248cbcfdb49b205e14247374947'): 0.0 allocations
  ('PoolTogether', '0xbbde25a2c85f55b53b7698b9476610c3d1202d88870e66502ab0076b7218f98a'): 468845.387744352 allocations
  ('RAI Mainnet', '0xc420d79a888eb0e34203bfeca1048d35f9763b9880a94922249096e4c9a191c7'): 477845.387744352 allocations
  ('Invalid name v1', '0x4810cc7741423cec7e44fc7ec7a479e521453cbf090e74b6186d3a2264588fe5'): 0.0 allocations
  ('Invalid name v2', '0xc064c354bc21dd958b1d41b67b8ef161b75d2246b425f68ed4c74964ae705cbd'): 0.0 allocations
  ('Invalid name v3', '0xf8481d0118ec6098d00629414d600f5d87a1c8a94e2720933643d2eacf648311'): 477845.387744352 allocations


  Allocations Total = 2389226.93872176 GRT
  Reward = GRT 2800.773315113495

Optimize Allocations for Interval: indexingRewardWeek and Max Allocation Percentage: 0.2
  ('Opyn Gamma Mainnet', '0x014e8a3184d5fad198123419a7b54d5f7c9f8a981116462591fbb1a922c39811'): 477845.387744352 allocations
  ('UMA Mainnet Voting', '0x2aaeb45afa62af1cc8f6d61decd5249429e0aaed67996238adc2bfd396b5f715'): 0.0 allocations
  ('PoolTogether', '0x31edcacc9a53bc8ab4be2eeb0d873409da4c4228cb2d60e4243bd3b4e8af7500'): 0.0 allocations
  ('PoolTogether v3_1_0', '0x4a008334f8e7ea21be223d15462084f51abcc0e6625f61de806b8456e67e603e'): 0.0 allocations
  ('DODOEX V2', '0x5e48ee6773576d45a38934cb19780b5c8c75f8c36e653e234ba5b803746d8f78'): 477845.387744352 allocations
  ('PoolTogether', '0x666d78959706d7e1ed20befeb1d2c9a4e512a22931d8e22928b1f63ce48fcb40'): 9000.0 allocations
  ('mStable Protocol', '0xa7d9d3a173d3d62ce3d05c2d29f3447b04edc248cbcfdb49b205e14247374947'): 0.0 allocations
  ('PoolTogether', '0xbbde25a2c85f55b53b7698b9476610c3d1202d88870e66502ab0076b7218f98a'): 468845.387744352 allocations
  ('RAI Mainnet', '0xc420d79a888eb0e34203bfeca1048d35f9763b9880a94922249096e4c9a191c7'): 477845.387744352 allocations
  ('Invalid name v1', '0x4810cc7741423cec7e44fc7ec7a479e521453cbf090e74b6186d3a2264588fe5'): 0.0 allocations
  ('Invalid name v2', '0xc064c354bc21dd958b1d41b67b8ef161b75d2246b425f68ed4c74964ae705cbd'): 0.0 allocations
  ('Invalid name v3', '0xf8481d0118ec6098d00629414d600f5d87a1c8a94e2720933643d2eacf648311'): 477845.387744352 allocations


  Allocations Total = 2389226.93872176 GRT
  Reward = GRT 19605.397091769453

Optimize Allocations for Interval: indexingRewardYear and Max Allocation Percentage: 0.2
  ('Opyn Gamma Mainnet', '0x014e8a3184d5fad198123419a7b54d5f7c9f8a981116462591fbb1a922c39811'): 477845.387744352 allocations
  ('UMA Mainnet Voting', '0x2aaeb45afa62af1cc8f6d61decd5249429e0aaed67996238adc2bfd396b5f715'): 0.0 allocations
  ('PoolTogether', '0x31edcacc9a53bc8ab4be2eeb0d873409da4c4228cb2d60e4243bd3b4e8af7500'): 0.0 allocations
  ('PoolTogether v3_1_0', '0x4a008334f8e7ea21be223d15462084f51abcc0e6625f61de806b8456e67e603e'): 0.0 allocations
  ('DODOEX V2', '0x5e48ee6773576d45a38934cb19780b5c8c75f8c36e653e234ba5b803746d8f78'): 477845.387744352 allocations
  ('PoolTogether', '0x666d78959706d7e1ed20befeb1d2c9a4e512a22931d8e22928b1f63ce48fcb40'): 9000.0 allocations
  ('mStable Protocol', '0xa7d9d3a173d3d62ce3d05c2d29f3447b04edc248cbcfdb49b205e14247374947'): 0.0 allocations
  ('PoolTogether', '0xbbde25a2c85f55b53b7698b9476610c3d1202d88870e66502ab0076b7218f98a'): 468845.387744352 allocations
  ('RAI Mainnet', '0xc420d79a888eb0e34203bfeca1048d35f9763b9880a94922249096e4c9a191c7'): 477845.387744352 allocations
  ('Invalid name v1', '0x4810cc7741423cec7e44fc7ec7a479e521453cbf090e74b6186d3a2264588fe5'): 0.0 allocations
  ('Invalid name v2', '0xc064c354bc21dd958b1d41b67b8ef161b75d2246b425f68ed4c74964ae705cbd'): 0.0 allocations
  ('Invalid name v3', '0xf8481d0118ec6098d00629414d600f5d87a1c8a94e2720933643d2eacf648311'): 477845.387744352 allocations


  Allocations Total = 2389226.93872176 GRT
  Reward = GRT 1022282.2600164255
==============================

Optimize Allocations for Interval: indexingRewardDay and Max Allocation Percentage: 0.3
  ('Opyn Gamma Mainnet', '0x014e8a3184d5fad198123419a7b54d5f7c9f8a981116462591fbb1a922c39811'): 716768.081616529 allocations
  ('UMA Mainnet Voting', '0x2aaeb45afa62af1cc8f6d61decd5249429e0aaed67996238adc2bfd396b5f715'): 0.0 allocations
  ('PoolTogether', '0x31edcacc9a53bc8ab4be2eeb0d873409da4c4228cb2d60e4243bd3b4e8af7500'): 0.0 allocations
  ('PoolTogether v3_1_0', '0x4a008334f8e7ea21be223d15462084f51abcc0e6625f61de806b8456e67e603e'): 0.0 allocations
  ('DODOEX V2', '0x5e48ee6773576d45a38934cb19780b5c8c75f8c36e653e234ba5b803746d8f78'): 229922.693872176 allocations
  ('PoolTogether', '0x666d78959706d7e1ed20befeb1d2c9a4e512a22931d8e22928b1f63ce48fcb40'): 9000.0 allocations
  ('mStable Protocol', '0xa7d9d3a173d3d62ce3d05c2d29f3447b04edc248cbcfdb49b205e14247374947'): 0.0 allocations
  ('PoolTogether', '0xbbde25a2c85f55b53b7698b9476610c3d1202d88870e66502ab0076b7218f98a'): 0.0 allocations
  ('RAI Mainnet', '0xc420d79a888eb0e34203bfeca1048d35f9763b9880a94922249096e4c9a191c7'): 716768.081616529 allocations
  ('Invalid name v1', '0x4810cc7741423cec7e44fc7ec7a479e521453cbf090e74b6186d3a2264588fe5'): 0.0 allocations
  ('Invalid name v2', '0xc064c354bc21dd958b1d41b67b8ef161b75d2246b425f68ed4c74964ae705cbd'): 0.0 allocations
  ('Invalid name v3', '0xf8481d0118ec6098d00629414d600f5d87a1c8a94e2720933643d2eacf648311'): 716768.081616529 allocations


  Allocations Total = 2389226.938721763 GRT
  Reward = GRT 2988.08785168969

Optimize Allocations for Interval: indexingRewardWeek and Max Allocation Percentage: 0.3
  ('Opyn Gamma Mainnet', '0x014e8a3184d5fad198123419a7b54d5f7c9f8a981116462591fbb1a922c39811'): 716768.081616529 allocations
  ('UMA Mainnet Voting', '0x2aaeb45afa62af1cc8f6d61decd5249429e0aaed67996238adc2bfd396b5f715'): 0.0 allocations
  ('PoolTogether', '0x31edcacc9a53bc8ab4be2eeb0d873409da4c4228cb2d60e4243bd3b4e8af7500'): 0.0 allocations
  ('PoolTogether v3_1_0', '0x4a008334f8e7ea21be223d15462084f51abcc0e6625f61de806b8456e67e603e'): 0.0 allocations
  ('DODOEX V2', '0x5e48ee6773576d45a38934cb19780b5c8c75f8c36e653e234ba5b803746d8f78'): 229922.693872176 allocations
  ('PoolTogether', '0x666d78959706d7e1ed20befeb1d2c9a4e512a22931d8e22928b1f63ce48fcb40'): 9000.0 allocations
  ('mStable Protocol', '0xa7d9d3a173d3d62ce3d05c2d29f3447b04edc248cbcfdb49b205e14247374947'): 0.0 allocations
  ('PoolTogether', '0xbbde25a2c85f55b53b7698b9476610c3d1202d88870e66502ab0076b7218f98a'): 0.0 allocations
  ('RAI Mainnet', '0xc420d79a888eb0e34203bfeca1048d35f9763b9880a94922249096e4c9a191c7'): 716768.081616529 allocations
  ('Invalid name v1', '0x4810cc7741423cec7e44fc7ec7a479e521453cbf090e74b6186d3a2264588fe5'): 0.0 allocations
  ('Invalid name v2', '0xc064c354bc21dd958b1d41b67b8ef161b75d2246b425f68ed4c74964ae705cbd'): 0.0 allocations
  ('Invalid name v3', '0xf8481d0118ec6098d00629414d600f5d87a1c8a94e2720933643d2eacf648311'): 716768.081616529 allocations


  Allocations Total = 2389226.938721763 GRT
  Reward = GRT 20916.597770103635

Optimize Allocations for Interval: indexingRewardYear and Max Allocation Percentage: 0.3
  ('Opyn Gamma Mainnet', '0x014e8a3184d5fad198123419a7b54d5f7c9f8a981116462591fbb1a922c39811'): 716768.081616529 allocations
  ('UMA Mainnet Voting', '0x2aaeb45afa62af1cc8f6d61decd5249429e0aaed67996238adc2bfd396b5f715'): 0.0 allocations
  ('PoolTogether', '0x31edcacc9a53bc8ab4be2eeb0d873409da4c4228cb2d60e4243bd3b4e8af7500'): 0.0 allocations
  ('PoolTogether v3_1_0', '0x4a008334f8e7ea21be223d15462084f51abcc0e6625f61de806b8456e67e603e'): 0.0 allocations
  ('DODOEX V2', '0x5e48ee6773576d45a38934cb19780b5c8c75f8c36e653e234ba5b803746d8f78'): 229922.693872176 allocations
  ('PoolTogether', '0x666d78959706d7e1ed20befeb1d2c9a4e512a22931d8e22928b1f63ce48fcb40'): 9000.0 allocations
  ('mStable Protocol', '0xa7d9d3a173d3d62ce3d05c2d29f3447b04edc248cbcfdb49b205e14247374947'): 0.0 allocations
  ('PoolTogether', '0xbbde25a2c85f55b53b7698b9476610c3d1202d88870e66502ab0076b7218f98a'): 0.0 allocations
  ('RAI Mainnet', '0xc420d79a888eb0e34203bfeca1048d35f9763b9880a94922249096e4c9a191c7'): 716768.081616529 allocations
  ('Invalid name v1', '0x4810cc7741423cec7e44fc7ec7a479e521453cbf090e74b6186d3a2264588fe5'): 0.0 allocations
  ('Invalid name v2', '0xc064c354bc21dd958b1d41b67b8ef161b75d2246b425f68ed4c74964ae705cbd'): 0.0 allocations
  ('Invalid name v3', '0xf8481d0118ec6098d00629414d600f5d87a1c8a94e2720933643d2eacf648311'): 716768.081616529 allocations


  Allocations Total = 2389226.938721763 GRT
  Reward = GRT 1090652.0658667372
==============================

Optimize Allocations for Interval: indexingRewardDay and Max Allocation Percentage: 0.4
  ('Opyn Gamma Mainnet', '0x014e8a3184d5fad198123419a7b54d5f7c9f8a981116462591fbb1a922c39811'): 468845.387744352 allocations
  ('UMA Mainnet Voting', '0x2aaeb45afa62af1cc8f6d61decd5249429e0aaed67996238adc2bfd396b5f715'): 0.0 allocations
  ('PoolTogether', '0x31edcacc9a53bc8ab4be2eeb0d873409da4c4228cb2d60e4243bd3b4e8af7500'): 0.0 allocations
  ('PoolTogether v3_1_0', '0x4a008334f8e7ea21be223d15462084f51abcc0e6625f61de806b8456e67e603e'): 0.0 allocations
  ('DODOEX V2', '0x5e48ee6773576d45a38934cb19780b5c8c75f8c36e653e234ba5b803746d8f78'): 0.0 allocations
  ('PoolTogether', '0x666d78959706d7e1ed20befeb1d2c9a4e512a22931d8e22928b1f63ce48fcb40'): 9000.0 allocations
  ('mStable Protocol', '0xa7d9d3a173d3d62ce3d05c2d29f3447b04edc248cbcfdb49b205e14247374947'): 0.0 allocations
  ('PoolTogether', '0xbbde25a2c85f55b53b7698b9476610c3d1202d88870e66502ab0076b7218f98a'): 0.0 allocations
  ('RAI Mainnet', '0xc420d79a888eb0e34203bfeca1048d35f9763b9880a94922249096e4c9a191c7'): 955690.775488705 allocations
  ('Invalid name v1', '0x4810cc7741423cec7e44fc7ec7a479e521453cbf090e74b6186d3a2264588fe5'): 0.0 allocations
  ('Invalid name v2', '0xc064c354bc21dd958b1d41b67b8ef161b75d2246b425f68ed4c74964ae705cbd'): 0.0 allocations
  ('Invalid name v3', '0xf8481d0118ec6098d00629414d600f5d87a1c8a94e2720933643d2eacf648311'): 955690.775488705 allocations


  Allocations Total = 2389226.938721762 GRT
  Reward = GRT 3175.3975729615254

Optimize Allocations for Interval: indexingRewardWeek and Max Allocation Percentage: 0.4
  ('Opyn Gamma Mainnet', '0x014e8a3184d5fad198123419a7b54d5f7c9f8a981116462591fbb1a922c39811'): 468845.387744352 allocations
  ('UMA Mainnet Voting', '0x2aaeb45afa62af1cc8f6d61decd5249429e0aaed67996238adc2bfd396b5f715'): 0.0 allocations
  ('PoolTogether', '0x31edcacc9a53bc8ab4be2eeb0d873409da4c4228cb2d60e4243bd3b4e8af7500'): 0.0 allocations
  ('PoolTogether v3_1_0', '0x4a008334f8e7ea21be223d15462084f51abcc0e6625f61de806b8456e67e603e'): 0.0 allocations
  ('DODOEX V2', '0x5e48ee6773576d45a38934cb19780b5c8c75f8c36e653e234ba5b803746d8f78'): 0.0 allocations
  ('PoolTogether', '0x666d78959706d7e1ed20befeb1d2c9a4e512a22931d8e22928b1f63ce48fcb40'): 9000.0 allocations
  ('mStable Protocol', '0xa7d9d3a173d3d62ce3d05c2d29f3447b04edc248cbcfdb49b205e14247374947'): 0.0 allocations
  ('PoolTogether', '0xbbde25a2c85f55b53b7698b9476610c3d1202d88870e66502ab0076b7218f98a'): 0.0 allocations
  ('RAI Mainnet', '0xc420d79a888eb0e34203bfeca1048d35f9763b9880a94922249096e4c9a191c7'): 955690.775488705 allocations
  ('Invalid name v1', '0x4810cc7741423cec7e44fc7ec7a479e521453cbf090e74b6186d3a2264588fe5'): 0.0 allocations
  ('Invalid name v2', '0xc064c354bc21dd958b1d41b67b8ef161b75d2246b425f68ed4c74964ae705cbd'): 0.0 allocations
  ('Invalid name v3', '0xf8481d0118ec6098d00629414d600f5d87a1c8a94e2720933643d2eacf648311'): 955690.775488705 allocations


  Allocations Total = 2389226.938721762 GRT
  Reward = GRT 22227.764741335

Optimize Allocations for Interval: indexingRewardYear and Max Allocation Percentage: 0.4
  ('Opyn Gamma Mainnet', '0x014e8a3184d5fad198123419a7b54d5f7c9f8a981116462591fbb1a922c39811'): 468845.387744352 allocations
  ('UMA Mainnet Voting', '0x2aaeb45afa62af1cc8f6d61decd5249429e0aaed67996238adc2bfd396b5f715'): 0.0 allocations
  ('PoolTogether', '0x31edcacc9a53bc8ab4be2eeb0d873409da4c4228cb2d60e4243bd3b4e8af7500'): 0.0 allocations
  ('PoolTogether v3_1_0', '0x4a008334f8e7ea21be223d15462084f51abcc0e6625f61de806b8456e67e603e'): 0.0 allocations
  ('DODOEX V2', '0x5e48ee6773576d45a38934cb19780b5c8c75f8c36e653e234ba5b803746d8f78'): 0.0 allocations
  ('PoolTogether', '0x666d78959706d7e1ed20befeb1d2c9a4e512a22931d8e22928b1f63ce48fcb40'): 9000.0 allocations
  ('mStable Protocol', '0xa7d9d3a173d3d62ce3d05c2d29f3447b04edc248cbcfdb49b205e14247374947'): 0.0 allocations
  ('PoolTogether', '0xbbde25a2c85f55b53b7698b9476610c3d1202d88870e66502ab0076b7218f98a'): 0.0 allocations
  ('RAI Mainnet', '0xc420d79a888eb0e34203bfeca1048d35f9763b9880a94922249096e4c9a191c7'): 955690.775488705 allocations
  ('Invalid name v1', '0x4810cc7741423cec7e44fc7ec7a479e521453cbf090e74b6186d3a2264588fe5'): 0.0 allocations
  ('Invalid name v2', '0xc064c354bc21dd958b1d41b67b8ef161b75d2246b425f68ed4c74964ae705cbd'): 0.0 allocations
  ('Invalid name v3', '0xf8481d0118ec6098d00629414d600f5d87a1c8a94e2720933643d2eacf648311'): 955690.775488705 allocations


  Allocations Total = 2389226.938721762 GRT
  Reward = GRT 1159020.1141309566
==============================

Optimize Allocations for Interval: indexingRewardDay and Max Allocation Percentage: 0.5
  ('Opyn Gamma Mainnet', '0x014e8a3184d5fad198123419a7b54d5f7c9f8a981116462591fbb1a922c39811'): 0.0 allocations
  ('UMA Mainnet Voting', '0x2aaeb45afa62af1cc8f6d61decd5249429e0aaed67996238adc2bfd396b5f715'): 0.0 allocations
  ('PoolTogether', '0x31edcacc9a53bc8ab4be2eeb0d873409da4c4228cb2d60e4243bd3b4e8af7500'): 0.0 allocations
  ('PoolTogether v3_1_0', '0x4a008334f8e7ea21be223d15462084f51abcc0e6625f61de806b8456e67e603e'): 0.0 allocations
  ('DODOEX V2', '0x5e48ee6773576d45a38934cb19780b5c8c75f8c36e653e234ba5b803746d8f78'): 0.0 allocations
  ('PoolTogether', '0x666d78959706d7e1ed20befeb1d2c9a4e512a22931d8e22928b1f63ce48fcb40'): 9000.0 allocations
  ('mStable Protocol', '0xa7d9d3a173d3d62ce3d05c2d29f3447b04edc248cbcfdb49b205e14247374947'): 0.0 allocations
  ('PoolTogether', '0xbbde25a2c85f55b53b7698b9476610c3d1202d88870e66502ab0076b7218f98a'): 0.0 allocations
  ('RAI Mainnet', '0xc420d79a888eb0e34203bfeca1048d35f9763b9880a94922249096e4c9a191c7'): 1194613.46936088 allocations
  ('Invalid name v1', '0x4810cc7741423cec7e44fc7ec7a479e521453cbf090e74b6186d3a2264588fe5'): 0.0 allocations
  ('Invalid name v2', '0xc064c354bc21dd958b1d41b67b8ef161b75d2246b425f68ed4c74964ae705cbd'): 0.0 allocations
  ('Invalid name v3', '0xf8481d0118ec6098d00629414d600f5d87a1c8a94e2720933643d2eacf648311'): 1185613.46936088 allocations


  Allocations Total = 2389226.93872176 GRT
  Reward = GRT 3361.2628360903486

Optimize Allocations for Interval: indexingRewardWeek and Max Allocation Percentage: 0.5
  ('Opyn Gamma Mainnet', '0x014e8a3184d5fad198123419a7b54d5f7c9f8a981116462591fbb1a922c39811'): 0.0 allocations
  ('UMA Mainnet Voting', '0x2aaeb45afa62af1cc8f6d61decd5249429e0aaed67996238adc2bfd396b5f715'): 0.0 allocations
  ('PoolTogether', '0x31edcacc9a53bc8ab4be2eeb0d873409da4c4228cb2d60e4243bd3b4e8af7500'): 0.0 allocations
  ('PoolTogether v3_1_0', '0x4a008334f8e7ea21be223d15462084f51abcc0e6625f61de806b8456e67e603e'): 0.0 allocations
  ('DODOEX V2', '0x5e48ee6773576d45a38934cb19780b5c8c75f8c36e653e234ba5b803746d8f78'): 0.0 allocations
  ('PoolTogether', '0x666d78959706d7e1ed20befeb1d2c9a4e512a22931d8e22928b1f63ce48fcb40'): 9000.0 allocations
  ('mStable Protocol', '0xa7d9d3a173d3d62ce3d05c2d29f3447b04edc248cbcfdb49b205e14247374947'): 0.0 allocations
  ('PoolTogether', '0xbbde25a2c85f55b53b7698b9476610c3d1202d88870e66502ab0076b7218f98a'): 0.0 allocations
  ('RAI Mainnet', '0xc420d79a888eb0e34203bfeca1048d35f9763b9880a94922249096e4c9a191c7'): 1194613.46936088 allocations
  ('Invalid name v1', '0x4810cc7741423cec7e44fc7ec7a479e521453cbf090e74b6186d3a2264588fe5'): 0.0 allocations
  ('Invalid name v2', '0xc064c354bc21dd958b1d41b67b8ef161b75d2246b425f68ed4c74964ae705cbd'): 0.0 allocations
  ('Invalid name v3', '0xf8481d0118ec6098d00629414d600f5d87a1c8a94e2720933643d2eacf648311'): 1185613.46936088 allocations


  Allocations Total = 2389226.93872176 GRT
  Reward = GRT 23528.82051387585

Optimize Allocations for Interval: indexingRewardYear and Max Allocation Percentage: 0.5
  ('Opyn Gamma Mainnet', '0x014e8a3184d5fad198123419a7b54d5f7c9f8a981116462591fbb1a922c39811'): 0.0 allocations
  ('UMA Mainnet Voting', '0x2aaeb45afa62af1cc8f6d61decd5249429e0aaed67996238adc2bfd396b5f715'): 0.0 allocations
  ('PoolTogether', '0x31edcacc9a53bc8ab4be2eeb0d873409da4c4228cb2d60e4243bd3b4e8af7500'): 0.0 allocations
  ('PoolTogether v3_1_0', '0x4a008334f8e7ea21be223d15462084f51abcc0e6625f61de806b8456e67e603e'): 0.0 allocations
  ('DODOEX V2', '0x5e48ee6773576d45a38934cb19780b5c8c75f8c36e653e234ba5b803746d8f78'): 0.0 allocations
  ('PoolTogether', '0x666d78959706d7e1ed20befeb1d2c9a4e512a22931d8e22928b1f63ce48fcb40'): 9000.0 allocations
  ('mStable Protocol', '0xa7d9d3a173d3d62ce3d05c2d29f3447b04edc248cbcfdb49b205e14247374947'): 0.0 allocations
  ('PoolTogether', '0xbbde25a2c85f55b53b7698b9476610c3d1202d88870e66502ab0076b7218f98a'): 0.0 allocations
  ('RAI Mainnet', '0xc420d79a888eb0e34203bfeca1048d35f9763b9880a94922249096e4c9a191c7'): 1194613.46936088 allocations
  ('Invalid name v1', '0x4810cc7741423cec7e44fc7ec7a479e521453cbf090e74b6186d3a2264588fe5'): 0.0 allocations
  ('Invalid name v2', '0xc064c354bc21dd958b1d41b67b8ef161b75d2246b425f68ed4c74964ae705cbd'): 0.0 allocations
  ('Invalid name v3', '0xf8481d0118ec6098d00629414d600f5d87a1c8a94e2720933643d2eacf648311'): 1185613.46936088 allocations


  Allocations Total = 2389226.93872176 GRT
  Reward = GRT 1226860.9351729772
==============================

Optimize Allocations for Interval: indexingRewardDay and Max Allocation Percentage: 0.6
  ('Opyn Gamma Mainnet', '0x014e8a3184d5fad198123419a7b54d5f7c9f8a981116462591fbb1a922c39811'): 0.0 allocations
  ('UMA Mainnet Voting', '0x2aaeb45afa62af1cc8f6d61decd5249429e0aaed67996238adc2bfd396b5f715'): 0.0 allocations
  ('PoolTogether', '0x31edcacc9a53bc8ab4be2eeb0d873409da4c4228cb2d60e4243bd3b4e8af7500'): 0.0 allocations
  ('PoolTogether v3_1_0', '0x4a008334f8e7ea21be223d15462084f51abcc0e6625f61de806b8456e67e603e'): 0.0 allocations
  ('DODOEX V2', '0x5e48ee6773576d45a38934cb19780b5c8c75f8c36e653e234ba5b803746d8f78'): 0.0 allocations
  ('PoolTogether', '0x666d78959706d7e1ed20befeb1d2c9a4e512a22931d8e22928b1f63ce48fcb40'): 9000.0 allocations
  ('mStable Protocol', '0xa7d9d3a173d3d62ce3d05c2d29f3447b04edc248cbcfdb49b205e14247374947'): 0.0 allocations
  ('PoolTogether', '0xbbde25a2c85f55b53b7698b9476610c3d1202d88870e66502ab0076b7218f98a'): 0.0 allocations
  ('RAI Mainnet', '0xc420d79a888eb0e34203bfeca1048d35f9763b9880a94922249096e4c9a191c7'): 1433536.16323306 allocations
  ('Invalid name v1', '0x4810cc7741423cec7e44fc7ec7a479e521453cbf090e74b6186d3a2264588fe5'): 0.0 allocations
  ('Invalid name v2', '0xc064c354bc21dd958b1d41b67b8ef161b75d2246b425f68ed4c74964ae705cbd'): 0.0 allocations
  ('Invalid name v3', '0xf8481d0118ec6098d00629414d600f5d87a1c8a94e2720933643d2eacf648311'): 946690.775488705 allocations


  Allocations Total = 2389226.938721765 GRT
  Reward = GRT 3471.9925199303234

Optimize Allocations for Interval: indexingRewardWeek and Max Allocation Percentage: 0.6
  ('Opyn Gamma Mainnet', '0x014e8a3184d5fad198123419a7b54d5f7c9f8a981116462591fbb1a922c39811'): 0.0 allocations
  ('UMA Mainnet Voting', '0x2aaeb45afa62af1cc8f6d61decd5249429e0aaed67996238adc2bfd396b5f715'): 0.0 allocations
  ('PoolTogether', '0x31edcacc9a53bc8ab4be2eeb0d873409da4c4228cb2d60e4243bd3b4e8af7500'): 0.0 allocations
  ('PoolTogether v3_1_0', '0x4a008334f8e7ea21be223d15462084f51abcc0e6625f61de806b8456e67e603e'): 0.0 allocations
  ('DODOEX V2', '0x5e48ee6773576d45a38934cb19780b5c8c75f8c36e653e234ba5b803746d8f78'): 0.0 allocations
  ('PoolTogether', '0x666d78959706d7e1ed20befeb1d2c9a4e512a22931d8e22928b1f63ce48fcb40'): 9000.0 allocations
  ('mStable Protocol', '0xa7d9d3a173d3d62ce3d05c2d29f3447b04edc248cbcfdb49b205e14247374947'): 0.0 allocations
  ('PoolTogether', '0xbbde25a2c85f55b53b7698b9476610c3d1202d88870e66502ab0076b7218f98a'): 0.0 allocations
  ('RAI Mainnet', '0xc420d79a888eb0e34203bfeca1048d35f9763b9880a94922249096e4c9a191c7'): 1433536.16323306 allocations
  ('Invalid name v1', '0x4810cc7741423cec7e44fc7ec7a479e521453cbf090e74b6186d3a2264588fe5'): 0.0 allocations
  ('Invalid name v2', '0xc064c354bc21dd958b1d41b67b8ef161b75d2246b425f68ed4c74964ae705cbd'): 0.0 allocations
  ('Invalid name v3', '0xf8481d0118ec6098d00629414d600f5d87a1c8a94e2720933643d2eacf648311'): 946690.775488705 allocations


  Allocations Total = 2389226.938721765 GRT
  Reward = GRT 24303.927663681305

Optimize Allocations for Interval: indexingRewardYear and Max Allocation Percentage: 0.6
  ('Opyn Gamma Mainnet', '0x014e8a3184d5fad198123419a7b54d5f7c9f8a981116462591fbb1a922c39811'): 0.0 allocations
  ('UMA Mainnet Voting', '0x2aaeb45afa62af1cc8f6d61decd5249429e0aaed67996238adc2bfd396b5f715'): 0.0 allocations
  ('PoolTogether', '0x31edcacc9a53bc8ab4be2eeb0d873409da4c4228cb2d60e4243bd3b4e8af7500'): 0.0 allocations
  ('PoolTogether v3_1_0', '0x4a008334f8e7ea21be223d15462084f51abcc0e6625f61de806b8456e67e603e'): 0.0 allocations
  ('DODOEX V2', '0x5e48ee6773576d45a38934cb19780b5c8c75f8c36e653e234ba5b803746d8f78'): 0.0 allocations
  ('PoolTogether', '0x666d78959706d7e1ed20befeb1d2c9a4e512a22931d8e22928b1f63ce48fcb40'): 9000.0 allocations
  ('mStable Protocol', '0xa7d9d3a173d3d62ce3d05c2d29f3447b04edc248cbcfdb49b205e14247374947'): 0.0 allocations
  ('PoolTogether', '0xbbde25a2c85f55b53b7698b9476610c3d1202d88870e66502ab0076b7218f98a'): 0.0 allocations
  ('RAI Mainnet', '0xc420d79a888eb0e34203bfeca1048d35f9763b9880a94922249096e4c9a191c7'): 1433536.16323306 allocations
  ('Invalid name v1', '0x4810cc7741423cec7e44fc7ec7a479e521453cbf090e74b6186d3a2264588fe5'): 0.0 allocations
  ('Invalid name v2', '0xc064c354bc21dd958b1d41b67b8ef161b75d2246b425f68ed4c74964ae705cbd'): 0.0 allocations
  ('Invalid name v3', '0xf8481d0118ec6098d00629414d600f5d87a1c8a94e2720933643d2eacf648311'): 946690.775488705 allocations


  Allocations Total = 2389226.938721765 GRT
  Reward = GRT 1267277.269774568
==============================

Optimize Allocations for Interval: indexingRewardDay and Max Allocation Percentage: 0.7
  ('Opyn Gamma Mainnet', '0x014e8a3184d5fad198123419a7b54d5f7c9f8a981116462591fbb1a922c39811'): 0.0 allocations
  ('UMA Mainnet Voting', '0x2aaeb45afa62af1cc8f6d61decd5249429e0aaed67996238adc2bfd396b5f715'): 0.0 allocations
  ('PoolTogether', '0x31edcacc9a53bc8ab4be2eeb0d873409da4c4228cb2d60e4243bd3b4e8af7500'): 0.0 allocations
  ('PoolTogether v3_1_0', '0x4a008334f8e7ea21be223d15462084f51abcc0e6625f61de806b8456e67e603e'): 0.0 allocations
  ('DODOEX V2', '0x5e48ee6773576d45a38934cb19780b5c8c75f8c36e653e234ba5b803746d8f78'): 0.0 allocations
  ('PoolTogether', '0x666d78959706d7e1ed20befeb1d2c9a4e512a22931d8e22928b1f63ce48fcb40'): 9000.0 allocations
  ('mStable Protocol', '0xa7d9d3a173d3d62ce3d05c2d29f3447b04edc248cbcfdb49b205e14247374947'): 0.0 allocations
  ('PoolTogether', '0xbbde25a2c85f55b53b7698b9476610c3d1202d88870e66502ab0076b7218f98a'): 0.0 allocations
  ('RAI Mainnet', '0xc420d79a888eb0e34203bfeca1048d35f9763b9880a94922249096e4c9a191c7'): 1672458.85710523 allocations
  ('Invalid name v1', '0x4810cc7741423cec7e44fc7ec7a479e521453cbf090e74b6186d3a2264588fe5'): 0.0 allocations
  ('Invalid name v2', '0xc064c354bc21dd958b1d41b67b8ef161b75d2246b425f68ed4c74964ae705cbd'): 0.0 allocations
  ('Invalid name v3', '0xf8481d0118ec6098d00629414d600f5d87a1c8a94e2720933643d2eacf648311'): 707768.081616529 allocations


  Allocations Total = 2389226.9387217592 GRT
  Reward = GRT 3582.722203770289

Optimize Allocations for Interval: indexingRewardWeek and Max Allocation Percentage: 0.7
  ('Opyn Gamma Mainnet', '0x014e8a3184d5fad198123419a7b54d5f7c9f8a981116462591fbb1a922c39811'): 0.0 allocations
  ('UMA Mainnet Voting', '0x2aaeb45afa62af1cc8f6d61decd5249429e0aaed67996238adc2bfd396b5f715'): 0.0 allocations
  ('PoolTogether', '0x31edcacc9a53bc8ab4be2eeb0d873409da4c4228cb2d60e4243bd3b4e8af7500'): 0.0 allocations
  ('PoolTogether v3_1_0', '0x4a008334f8e7ea21be223d15462084f51abcc0e6625f61de806b8456e67e603e'): 0.0 allocations
  ('DODOEX V2', '0x5e48ee6773576d45a38934cb19780b5c8c75f8c36e653e234ba5b803746d8f78'): 0.0 allocations
  ('PoolTogether', '0x666d78959706d7e1ed20befeb1d2c9a4e512a22931d8e22928b1f63ce48fcb40'): 9000.0 allocations
  ('mStable Protocol', '0xa7d9d3a173d3d62ce3d05c2d29f3447b04edc248cbcfdb49b205e14247374947'): 0.0 allocations
  ('PoolTogether', '0xbbde25a2c85f55b53b7698b9476610c3d1202d88870e66502ab0076b7218f98a'): 0.0 allocations
  ('RAI Mainnet', '0xc420d79a888eb0e34203bfeca1048d35f9763b9880a94922249096e4c9a191c7'): 1672458.85710523 allocations
  ('Invalid name v1', '0x4810cc7741423cec7e44fc7ec7a479e521453cbf090e74b6186d3a2264588fe5'): 0.0 allocations
  ('Invalid name v2', '0xc064c354bc21dd958b1d41b67b8ef161b75d2246b425f68ed4c74964ae705cbd'): 0.0 allocations
  ('Invalid name v3', '0xf8481d0118ec6098d00629414d600f5d87a1c8a94e2720933643d2eacf648311'): 707768.081616529 allocations


  Allocations Total = 2389226.9387217592 GRT
  Reward = GRT 25079.034813486698

Optimize Allocations for Interval: indexingRewardYear and Max Allocation Percentage: 0.7
  ('Opyn Gamma Mainnet', '0x014e8a3184d5fad198123419a7b54d5f7c9f8a981116462591fbb1a922c39811'): 0.0 allocations
  ('UMA Mainnet Voting', '0x2aaeb45afa62af1cc8f6d61decd5249429e0aaed67996238adc2bfd396b5f715'): 0.0 allocations
  ('PoolTogether', '0x31edcacc9a53bc8ab4be2eeb0d873409da4c4228cb2d60e4243bd3b4e8af7500'): 0.0 allocations
  ('PoolTogether v3_1_0', '0x4a008334f8e7ea21be223d15462084f51abcc0e6625f61de806b8456e67e603e'): 0.0 allocations
  ('DODOEX V2', '0x5e48ee6773576d45a38934cb19780b5c8c75f8c36e653e234ba5b803746d8f78'): 0.0 allocations
  ('PoolTogether', '0x666d78959706d7e1ed20befeb1d2c9a4e512a22931d8e22928b1f63ce48fcb40'): 9000.0 allocations
  ('mStable Protocol', '0xa7d9d3a173d3d62ce3d05c2d29f3447b04edc248cbcfdb49b205e14247374947'): 0.0 allocations
  ('PoolTogether', '0xbbde25a2c85f55b53b7698b9476610c3d1202d88870e66502ab0076b7218f98a'): 0.0 allocations
  ('RAI Mainnet', '0xc420d79a888eb0e34203bfeca1048d35f9763b9880a94922249096e4c9a191c7'): 1672458.85710523 allocations
  ('Invalid name v1', '0x4810cc7741423cec7e44fc7ec7a479e521453cbf090e74b6186d3a2264588fe5'): 0.0 allocations
  ('Invalid name v2', '0xc064c354bc21dd958b1d41b67b8ef161b75d2246b425f68ed4c74964ae705cbd'): 0.0 allocations
  ('Invalid name v3', '0xf8481d0118ec6098d00629414d600f5d87a1c8a94e2720933643d2eacf648311'): 707768.081616529 allocations


  Allocations Total = 2389226.9387217592 GRT
  Reward = GRT 1307693.6043761554
==============================

Optimize Allocations for Interval: indexingRewardDay and Max Allocation Percentage: 0.8
  ('Opyn Gamma Mainnet', '0x014e8a3184d5fad198123419a7b54d5f7c9f8a981116462591fbb1a922c39811'): 0.0 allocations
  ('UMA Mainnet Voting', '0x2aaeb45afa62af1cc8f6d61decd5249429e0aaed67996238adc2bfd396b5f715'): 0.0 allocations
  ('PoolTogether', '0x31edcacc9a53bc8ab4be2eeb0d873409da4c4228cb2d60e4243bd3b4e8af7500'): 0.0 allocations
  ('PoolTogether v3_1_0', '0x4a008334f8e7ea21be223d15462084f51abcc0e6625f61de806b8456e67e603e'): 0.0 allocations
  ('DODOEX V2', '0x5e48ee6773576d45a38934cb19780b5c8c75f8c36e653e234ba5b803746d8f78'): 0.0 allocations
  ('PoolTogether', '0x666d78959706d7e1ed20befeb1d2c9a4e512a22931d8e22928b1f63ce48fcb40'): 9000.0 allocations
  ('mStable Protocol', '0xa7d9d3a173d3d62ce3d05c2d29f3447b04edc248cbcfdb49b205e14247374947'): 0.0 allocations
  ('PoolTogether', '0xbbde25a2c85f55b53b7698b9476610c3d1202d88870e66502ab0076b7218f98a'): 0.0 allocations
  ('RAI Mainnet', '0xc420d79a888eb0e34203bfeca1048d35f9763b9880a94922249096e4c9a191c7'): 1911381.55097741 allocations
  ('Invalid name v1', '0x4810cc7741423cec7e44fc7ec7a479e521453cbf090e74b6186d3a2264588fe5'): 0.0 allocations
  ('Invalid name v2', '0xc064c354bc21dd958b1d41b67b8ef161b75d2246b425f68ed4c74964ae705cbd'): 0.0 allocations
  ('Invalid name v3', '0xf8481d0118ec6098d00629414d600f5d87a1c8a94e2720933643d2eacf648311'): 468845.387744352 allocations


  Allocations Total = 2389226.938721762 GRT
  Reward = GRT 3693.4518876102634

Optimize Allocations for Interval: indexingRewardWeek and Max Allocation Percentage: 0.8
  ('Opyn Gamma Mainnet', '0x014e8a3184d5fad198123419a7b54d5f7c9f8a981116462591fbb1a922c39811'): 0.0 allocations
  ('UMA Mainnet Voting', '0x2aaeb45afa62af1cc8f6d61decd5249429e0aaed67996238adc2bfd396b5f715'): 0.0 allocations
  ('PoolTogether', '0x31edcacc9a53bc8ab4be2eeb0d873409da4c4228cb2d60e4243bd3b4e8af7500'): 0.0 allocations
  ('PoolTogether v3_1_0', '0x4a008334f8e7ea21be223d15462084f51abcc0e6625f61de806b8456e67e603e'): 0.0 allocations
  ('DODOEX V2', '0x5e48ee6773576d45a38934cb19780b5c8c75f8c36e653e234ba5b803746d8f78'): 0.0 allocations
  ('PoolTogether', '0x666d78959706d7e1ed20befeb1d2c9a4e512a22931d8e22928b1f63ce48fcb40'): 9000.0 allocations
  ('mStable Protocol', '0xa7d9d3a173d3d62ce3d05c2d29f3447b04edc248cbcfdb49b205e14247374947'): 0.0 allocations
  ('PoolTogether', '0xbbde25a2c85f55b53b7698b9476610c3d1202d88870e66502ab0076b7218f98a'): 0.0 allocations
  ('RAI Mainnet', '0xc420d79a888eb0e34203bfeca1048d35f9763b9880a94922249096e4c9a191c7'): 1911381.55097741 allocations
  ('Invalid name v1', '0x4810cc7741423cec7e44fc7ec7a479e521453cbf090e74b6186d3a2264588fe5'): 0.0 allocations
  ('Invalid name v2', '0xc064c354bc21dd958b1d41b67b8ef161b75d2246b425f68ed4c74964ae705cbd'): 0.0 allocations
  ('Invalid name v3', '0xf8481d0118ec6098d00629414d600f5d87a1c8a94e2720933643d2eacf648311'): 468845.387744352 allocations


  Allocations Total = 2389226.938721762 GRT
  Reward = GRT 25854.141963292142

Optimize Allocations for Interval: indexingRewardYear and Max Allocation Percentage: 0.8
  ('Opyn Gamma Mainnet', '0x014e8a3184d5fad198123419a7b54d5f7c9f8a981116462591fbb1a922c39811'): 0.0 allocations
  ('UMA Mainnet Voting', '0x2aaeb45afa62af1cc8f6d61decd5249429e0aaed67996238adc2bfd396b5f715'): 0.0 allocations
  ('PoolTogether', '0x31edcacc9a53bc8ab4be2eeb0d873409da4c4228cb2d60e4243bd3b4e8af7500'): 0.0 allocations
  ('PoolTogether v3_1_0', '0x4a008334f8e7ea21be223d15462084f51abcc0e6625f61de806b8456e67e603e'): 0.0 allocations
  ('DODOEX V2', '0x5e48ee6773576d45a38934cb19780b5c8c75f8c36e653e234ba5b803746d8f78'): 0.0 allocations
  ('PoolTogether', '0x666d78959706d7e1ed20befeb1d2c9a4e512a22931d8e22928b1f63ce48fcb40'): 9000.0 allocations
  ('mStable Protocol', '0xa7d9d3a173d3d62ce3d05c2d29f3447b04edc248cbcfdb49b205e14247374947'): 0.0 allocations
  ('PoolTogether', '0xbbde25a2c85f55b53b7698b9476610c3d1202d88870e66502ab0076b7218f98a'): 0.0 allocations
  ('RAI Mainnet', '0xc420d79a888eb0e34203bfeca1048d35f9763b9880a94922249096e4c9a191c7'): 1911381.55097741 allocations
  ('Invalid name v1', '0x4810cc7741423cec7e44fc7ec7a479e521453cbf090e74b6186d3a2264588fe5'): 0.0 allocations
  ('Invalid name v2', '0xc064c354bc21dd958b1d41b67b8ef161b75d2246b425f68ed4c74964ae705cbd'): 0.0 allocations
  ('Invalid name v3', '0xf8481d0118ec6098d00629414d600f5d87a1c8a94e2720933643d2eacf648311'): 468845.387744352 allocations


  Allocations Total = 2389226.938721762 GRT
  Reward = GRT 1348109.938977746
==============================

Optimize Allocations for Interval: indexingRewardDay and Max Allocation Percentage: 0.9
  ('Opyn Gamma Mainnet', '0x014e8a3184d5fad198123419a7b54d5f7c9f8a981116462591fbb1a922c39811'): 0.0 allocations
  ('UMA Mainnet Voting', '0x2aaeb45afa62af1cc8f6d61decd5249429e0aaed67996238adc2bfd396b5f715'): 0.0 allocations
  ('PoolTogether', '0x31edcacc9a53bc8ab4be2eeb0d873409da4c4228cb2d60e4243bd3b4e8af7500'): 0.0 allocations
  ('PoolTogether v3_1_0', '0x4a008334f8e7ea21be223d15462084f51abcc0e6625f61de806b8456e67e603e'): 0.0 allocations
  ('DODOEX V2', '0x5e48ee6773576d45a38934cb19780b5c8c75f8c36e653e234ba5b803746d8f78'): 0.0 allocations
  ('PoolTogether', '0x666d78959706d7e1ed20befeb1d2c9a4e512a22931d8e22928b1f63ce48fcb40'): 9000.0 allocations
  ('mStable Protocol', '0xa7d9d3a173d3d62ce3d05c2d29f3447b04edc248cbcfdb49b205e14247374947'): 0.0 allocations
  ('PoolTogether', '0xbbde25a2c85f55b53b7698b9476610c3d1202d88870e66502ab0076b7218f98a'): 0.0 allocations
  ('RAI Mainnet', '0xc420d79a888eb0e34203bfeca1048d35f9763b9880a94922249096e4c9a191c7'): 2150304.24484959 allocations
  ('Invalid name v1', '0x4810cc7741423cec7e44fc7ec7a479e521453cbf090e74b6186d3a2264588fe5'): 0.0 allocations
  ('Invalid name v2', '0xc064c354bc21dd958b1d41b67b8ef161b75d2246b425f68ed4c74964ae705cbd'): 0.0 allocations
  ('Invalid name v3', '0xf8481d0118ec6098d00629414d600f5d87a1c8a94e2720933643d2eacf648311'): 229922.693872176 allocations


  Allocations Total = 2389226.938721766 GRT
  Reward = GRT 3804.1815714502386

Optimize Allocations for Interval: indexingRewardWeek and Max Allocation Percentage: 0.9
  ('Opyn Gamma Mainnet', '0x014e8a3184d5fad198123419a7b54d5f7c9f8a981116462591fbb1a922c39811'): 0.0 allocations
  ('UMA Mainnet Voting', '0x2aaeb45afa62af1cc8f6d61decd5249429e0aaed67996238adc2bfd396b5f715'): 0.0 allocations
  ('PoolTogether', '0x31edcacc9a53bc8ab4be2eeb0d873409da4c4228cb2d60e4243bd3b4e8af7500'): 0.0 allocations
  ('PoolTogether v3_1_0', '0x4a008334f8e7ea21be223d15462084f51abcc0e6625f61de806b8456e67e603e'): 0.0 allocations
  ('DODOEX V2', '0x5e48ee6773576d45a38934cb19780b5c8c75f8c36e653e234ba5b803746d8f78'): 0.0 allocations
  ('PoolTogether', '0x666d78959706d7e1ed20befeb1d2c9a4e512a22931d8e22928b1f63ce48fcb40'): 9000.0 allocations
  ('mStable Protocol', '0xa7d9d3a173d3d62ce3d05c2d29f3447b04edc248cbcfdb49b205e14247374947'): 0.0 allocations
  ('PoolTogether', '0xbbde25a2c85f55b53b7698b9476610c3d1202d88870e66502ab0076b7218f98a'): 0.0 allocations
  ('RAI Mainnet', '0xc420d79a888eb0e34203bfeca1048d35f9763b9880a94922249096e4c9a191c7'): 2150304.24484959 allocations
  ('Invalid name v1', '0x4810cc7741423cec7e44fc7ec7a479e521453cbf090e74b6186d3a2264588fe5'): 0.0 allocations
  ('Invalid name v2', '0xc064c354bc21dd958b1d41b67b8ef161b75d2246b425f68ed4c74964ae705cbd'): 0.0 allocations
  ('Invalid name v3', '0xf8481d0118ec6098d00629414d600f5d87a1c8a94e2720933643d2eacf648311'): 229922.693872176 allocations


  Allocations Total = 2389226.938721766 GRT
  Reward = GRT 26629.249113097598

Optimize Allocations for Interval: indexingRewardYear and Max Allocation Percentage: 0.9
  ('Opyn Gamma Mainnet', '0x014e8a3184d5fad198123419a7b54d5f7c9f8a981116462591fbb1a922c39811'): 0.0 allocations
  ('UMA Mainnet Voting', '0x2aaeb45afa62af1cc8f6d61decd5249429e0aaed67996238adc2bfd396b5f715'): 0.0 allocations
  ('PoolTogether', '0x31edcacc9a53bc8ab4be2eeb0d873409da4c4228cb2d60e4243bd3b4e8af7500'): 0.0 allocations
  ('PoolTogether v3_1_0', '0x4a008334f8e7ea21be223d15462084f51abcc0e6625f61de806b8456e67e603e'): 0.0 allocations
  ('DODOEX V2', '0x5e48ee6773576d45a38934cb19780b5c8c75f8c36e653e234ba5b803746d8f78'): 0.0 allocations
  ('PoolTogether', '0x666d78959706d7e1ed20befeb1d2c9a4e512a22931d8e22928b1f63ce48fcb40'): 9000.0 allocations
  ('mStable Protocol', '0xa7d9d3a173d3d62ce3d05c2d29f3447b04edc248cbcfdb49b205e14247374947'): 0.0 allocations
  ('PoolTogether', '0xbbde25a2c85f55b53b7698b9476610c3d1202d88870e66502ab0076b7218f98a'): 0.0 allocations
  ('RAI Mainnet', '0xc420d79a888eb0e34203bfeca1048d35f9763b9880a94922249096e4c9a191c7'): 2150304.24484959 allocations
  ('Invalid name v1', '0x4810cc7741423cec7e44fc7ec7a479e521453cbf090e74b6186d3a2264588fe5'): 0.0 allocations
  ('Invalid name v2', '0xc064c354bc21dd958b1d41b67b8ef161b75d2246b425f68ed4c74964ae705cbd'): 0.0 allocations
  ('Invalid name v3', '0xf8481d0118ec6098d00629414d600f5d87a1c8a94e2720933643d2eacf648311'): 229922.693872176 allocations


  Allocations Total = 2389226.938721766 GRT
  Reward = GRT 1388526.273579337
==============================

Optimize Allocations for Interval: indexingRewardDay and Max Allocation Percentage: 1
  ('Opyn Gamma Mainnet', '0x014e8a3184d5fad198123419a7b54d5f7c9f8a981116462591fbb1a922c39811'): 0.0 allocations
  ('UMA Mainnet Voting', '0x2aaeb45afa62af1cc8f6d61decd5249429e0aaed67996238adc2bfd396b5f715'): 0.0 allocations
  ('PoolTogether', '0x31edcacc9a53bc8ab4be2eeb0d873409da4c4228cb2d60e4243bd3b4e8af7500'): 0.0 allocations
  ('PoolTogether v3_1_0', '0x4a008334f8e7ea21be223d15462084f51abcc0e6625f61de806b8456e67e603e'): 0.0 allocations
  ('DODOEX V2', '0x5e48ee6773576d45a38934cb19780b5c8c75f8c36e653e234ba5b803746d8f78'): 0.0 allocations
  ('PoolTogether', '0x666d78959706d7e1ed20befeb1d2c9a4e512a22931d8e22928b1f63ce48fcb40'): 9000.0 allocations
  ('mStable Protocol', '0xa7d9d3a173d3d62ce3d05c2d29f3447b04edc248cbcfdb49b205e14247374947'): 0.0 allocations
  ('PoolTogether', '0xbbde25a2c85f55b53b7698b9476610c3d1202d88870e66502ab0076b7218f98a'): 0.0 allocations
  ('RAI Mainnet', '0xc420d79a888eb0e34203bfeca1048d35f9763b9880a94922249096e4c9a191c7'): 2380226.93872176 allocations
  ('Invalid name v1', '0x4810cc7741423cec7e44fc7ec7a479e521453cbf090e74b6186d3a2264588fe5'): 0.0 allocations
  ('Invalid name v2', '0xc064c354bc21dd958b1d41b67b8ef161b75d2246b425f68ed4c74964ae705cbd'): 0.0 allocations
  ('Invalid name v3', '0xf8481d0118ec6098d00629414d600f5d87a1c8a94e2720933643d2eacf648311'): 0.0 allocations


  Allocations Total = 2389226.93872176 GRT
  Reward = GRT 3910.740169076464

Optimize Allocations for Interval: indexingRewardWeek and Max Allocation Percentage: 1
  ('Opyn Gamma Mainnet', '0x014e8a3184d5fad198123419a7b54d5f7c9f8a981116462591fbb1a922c39811'): 0.0 allocations
  ('UMA Mainnet Voting', '0x2aaeb45afa62af1cc8f6d61decd5249429e0aaed67996238adc2bfd396b5f715'): 0.0 allocations
  ('PoolTogether', '0x31edcacc9a53bc8ab4be2eeb0d873409da4c4228cb2d60e4243bd3b4e8af7500'): 0.0 allocations
  ('PoolTogether v3_1_0', '0x4a008334f8e7ea21be223d15462084f51abcc0e6625f61de806b8456e67e603e'): 0.0 allocations
  ('DODOEX V2', '0x5e48ee6773576d45a38934cb19780b5c8c75f8c36e653e234ba5b803746d8f78'): 0.0 allocations
  ('PoolTogether', '0x666d78959706d7e1ed20befeb1d2c9a4e512a22931d8e22928b1f63ce48fcb40'): 9000.0 allocations
  ('mStable Protocol', '0xa7d9d3a173d3d62ce3d05c2d29f3447b04edc248cbcfdb49b205e14247374947'): 0.0 allocations
  ('PoolTogether', '0xbbde25a2c85f55b53b7698b9476610c3d1202d88870e66502ab0076b7218f98a'): 0.0 allocations
  ('RAI Mainnet', '0xc420d79a888eb0e34203bfeca1048d35f9763b9880a94922249096e4c9a191c7'): 2380226.93872176 allocations
  ('Invalid name v1', '0x4810cc7741423cec7e44fc7ec7a479e521453cbf090e74b6186d3a2264588fe5'): 0.0 allocations
  ('Invalid name v2', '0xc064c354bc21dd958b1d41b67b8ef161b75d2246b425f68ed4c74964ae705cbd'): 0.0 allocations
  ('Invalid name v3', '0xf8481d0118ec6098d00629414d600f5d87a1c8a94e2720933643d2eacf648311'): 0.0 allocations


  Allocations Total = 2389226.93872176 GRT
  Reward = GRT 27375.15868340482

Optimize Allocations for Interval: indexingRewardYear and Max Allocation Percentage: 1
  ('Opyn Gamma Mainnet', '0x014e8a3184d5fad198123419a7b54d5f7c9f8a981116462591fbb1a922c39811'): 0.0 allocations
  ('UMA Mainnet Voting', '0x2aaeb45afa62af1cc8f6d61decd5249429e0aaed67996238adc2bfd396b5f715'): 0.0 allocations
  ('PoolTogether', '0x31edcacc9a53bc8ab4be2eeb0d873409da4c4228cb2d60e4243bd3b4e8af7500'): 0.0 allocations
  ('PoolTogether v3_1_0', '0x4a008334f8e7ea21be223d15462084f51abcc0e6625f61de806b8456e67e603e'): 0.0 allocations
  ('DODOEX V2', '0x5e48ee6773576d45a38934cb19780b5c8c75f8c36e653e234ba5b803746d8f78'): 0.0 allocations
  ('PoolTogether', '0x666d78959706d7e1ed20befeb1d2c9a4e512a22931d8e22928b1f63ce48fcb40'): 9000.0 allocations
  ('mStable Protocol', '0xa7d9d3a173d3d62ce3d05c2d29f3447b04edc248cbcfdb49b205e14247374947'): 0.0 allocations
  ('PoolTogether', '0xbbde25a2c85f55b53b7698b9476610c3d1202d88870e66502ab0076b7218f98a'): 0.0 allocations
  ('RAI Mainnet', '0xc420d79a888eb0e34203bfeca1048d35f9763b9880a94922249096e4c9a191c7'): 2380226.93872176 allocations
  ('Invalid name v1', '0x4810cc7741423cec7e44fc7ec7a479e521453cbf090e74b6186d3a2264588fe5'): 0.0 allocations
  ('Invalid name v2', '0xc064c354bc21dd958b1d41b67b8ef161b75d2246b425f68ed4c74964ae705cbd'): 0.0 allocations
  ('Invalid name v3', '0xf8481d0118ec6098d00629414d600f5d87a1c8a94e2720933643d2eacf648311'): 0.0 allocations


  Allocations Total = 2389226.93872176 GRT
  Reward = GRT 1427420.1617129094
