Execution of Optimization Script started at: 07042021_12:04:54 

Graph Network Statistics:                 
 TOTAL SUPPLY: 10072143525.455505 
 TOTAL ALLOCATIONS: 2590638584.251068 
 TOTAL INDEXING REWARDS: 83949470.79572684 
 TOTAL TOKENS SIGNALLED: 104838.04008660032 
 GRT_ISSUANCE_YEARLY: 1.0300000002147995

 Price Statistics:                 
 GAS PRICE (GWEI): 144 
 GRT-USD: 1.7 
 ETH-USD: 2060.02 
 GAS-USAGE per Transaction: 250000
Indexer Statistics:                 
 INDEXER TOTAL ALLOCATIONS: 2322000.0 



              Allocation  signalledTokensTotal  stakedTokensTotal  \
Name                                                                
PoolTogether   2322000.0         108934.570805       2.590639e+09   

                                                          id  
Name                                                          
PoolTogether  QmRhYzT8HEZ9LziQhP6JfNfd4co9A7muUYQhPMJsMUojSF  

Indexing Reward per Subgraph (Daily/Weekly/Monthly):                 

 ['PoolTogether'] , 
 Reward (Daily): [770.99630821] 
 Reward (Weekly): [5396.97229479] 
 Reward (Yearly): [281413.7921944] 


 Total Indexing Rewards (Daily/Weekly/Yearly):                 

 Daily: 770.9963082064024 
Weekly: 5396.972294790708 
Yearly: 281413.7921943951 



Optimize Allocations:
==============================

Optimize Allocations for Interval: indexingRewardDay and Percentage per Allocation: 1.0
  PoolTogether: 2322000.0 allocations
  Allocations Total = 2322000.0 GRT
  Reward = GRT 770.9969876958586

Optimize Allocations for Interval: indexingRewardWeek and Percentage per Allocation: 1.0
  PoolTogether: 2322000.0 allocations
  Allocations Total = 2322000.0 GRT
  Reward = GRT 5396.974478001577

Optimize Allocations for Interval: indexingRewardYear and Percentage per Allocation: 1.0
  PoolTogether: 2322000.0 allocations
  Allocations Total = 2322000.0 GRT
  Reward = GRT 281413.9005089884

THRESHOLD of 10.0 NOT REACHED. Increase in Weekly Rewards of -6.47 Percent (-593.44 in USD) after subtracting Transaction Costs. Transaction Costs 593.28576 USD. Allocation script NOT CREATED
