Execution of Optimization Script started at: 07062021_11:57:18 

Graph Network Statistics:                 
 TOTAL SUPPLY: 10116149109.409386 
 TOTAL ALLOCATIONS: 2310422234.45 
 TOTAL INDEXING REWARDS: 129532895.99133454 
 TOTAL TOKENS SIGNALLED: 2158957.4326486546 
 GRT_ISSUANCE_YEARLY: 1.0300000002147995

 Price Statistics:                 
 GAS PRICE (GWEI): 11.000001459 
 GRT-USD: 0.810571 
 ETH-USD: 2789.28 
 GAS-USAGE per Transaction: 250000
Indexer Statistics:                 
 INDEXER TOTAL ALLOCATIONS: 2106583.81 



                                                                                           Name_x  \
Name_y                 Address                                                                      
Opyn Gamma Mainnet     0x014e8a3184d5fad198123419a7b54d5f7c9f8a9811164...      Opyn Gamma Mainnet   
UMA Mainnet Voting     0x2aaeb45afa62af1cc8f6d61decd5249429e0aaed67996...      UMA Mainnet Voting   
PoolTogether           0x31edcacc9a53bc8ab4be2eeb0d873409da4c4228cb2d6...            PoolTogether   
Omen                   0x31f6fb67c823a07a93bae6b022798eebdf86210033c0e...                    Omen   
PoolTogether v3_1_0    0x4a008334f8e7ea21be223d15462084f51abcc0e6625f6...     PoolTogether v3_1_0   
Audius Network Mainnet 0x500a8e47cbdeca7386448ae9e7d52578871b9942ebbef...  Audius Network Mainnet   
DODOEX V2              0x5e48ee6773576d45a38934cb19780b5c8c75f8c36e653...               DODOEX V2   
mStable Protocol       0xa7d9d3a173d3d62ce3d05c2d29f3447b04edc248cbcfd...        mStable Protocol   
PoolTogether           0xbbde25a2c85f55b53b7698b9476610c3d1202d88870e6...            PoolTogether   
RAI Mainnet            0xc420d79a888eb0e34203bfeca1048d35f9763b9880a94...             RAI Mainnet   

                                                                           Allocation  \
Name_y                 Address                                                          
Opyn Gamma Mainnet     0x014e8a3184d5fad198123419a7b54d5f7c9f8a9811164...     1000.00   
UMA Mainnet Voting     0x2aaeb45afa62af1cc8f6d61decd5249429e0aaed67996...     1000.00   
PoolTogether           0x31edcacc9a53bc8ab4be2eeb0d873409da4c4228cb2d6...     1000.00   
Omen                   0x31f6fb67c823a07a93bae6b022798eebdf86210033c0e...     1520.00   
PoolTogether v3_1_0    0x4a008334f8e7ea21be223d15462084f51abcc0e6625f6...     1000.00   
Audius Network Mainnet 0x500a8e47cbdeca7386448ae9e7d52578871b9942ebbef...  2094523.81   
DODOEX V2              0x5e48ee6773576d45a38934cb19780b5c8c75f8c36e653...     1000.00   
mStable Protocol       0xa7d9d3a173d3d62ce3d05c2d29f3447b04edc248cbcfd...     1000.00   
PoolTogether           0xbbde25a2c85f55b53b7698b9476610c3d1202d88870e6...     1000.00   
RAI Mainnet            0xc420d79a888eb0e34203bfeca1048d35f9763b9880a94...     1000.00   

                                                                           signalledTokensTotal  \
Name_y                 Address                                                                    
Opyn Gamma Mainnet     0x014e8a3184d5fad198123419a7b54d5f7c9f8a9811164...          1.109395e+05   
UMA Mainnet Voting     0x2aaeb45afa62af1cc8f6d61decd5249429e0aaed67996...          1.093824e+05   
PoolTogether           0x31edcacc9a53bc8ab4be2eeb0d873409da4c4228cb2d6...          1.044672e+06   
Omen                   0x31f6fb67c823a07a93bae6b022798eebdf86210033c0e...          1.091504e+05   
PoolTogether v3_1_0    0x4a008334f8e7ea21be223d15462084f51abcc0e6625f6...          1.017929e+05   
Audius Network Mainnet 0x500a8e47cbdeca7386448ae9e7d52578871b9942ebbef...          1.089471e+05   
DODOEX V2              0x5e48ee6773576d45a38934cb19780b5c8c75f8c36e653...          1.188096e+05   
mStable Protocol       0xa7d9d3a173d3d62ce3d05c2d29f3447b04edc248cbcfd...          1.204984e+05   
PoolTogether           0xbbde25a2c85f55b53b7698b9476610c3d1202d88870e6...          1.095046e+05   
RAI Mainnet            0xc420d79a888eb0e34203bfeca1048d35f9763b9880a94...          5.575000e+03   

                                                                           stakedTokensTotal  \
Name_y                 Address                                                                 
Opyn Gamma Mainnet     0x014e8a3184d5fad198123419a7b54d5f7c9f8a9811164...       9.635808e+07   
UMA Mainnet Voting     0x2aaeb45afa62af1cc8f6d61decd5249429e0aaed67996...       1.022618e+08   
PoolTogether           0x31edcacc9a53bc8ab4be2eeb0d873409da4c4228cb2d6...       1.008711e+09   
Omen                   0x31f6fb67c823a07a93bae6b022798eebdf86210033c0e...       1.322839e+08   
PoolTogether v3_1_0    0x4a008334f8e7ea21be223d15462084f51abcc0e6625f6...       1.219642e+08   
Audius Network Mainnet 0x500a8e47cbdeca7386448ae9e7d52578871b9942ebbef...       1.352364e+08   
DODOEX V2              0x5e48ee6773576d45a38934cb19780b5c8c75f8c36e653...       1.353875e+08   
mStable Protocol       0xa7d9d3a173d3d62ce3d05c2d29f3447b04edc248cbcfd...       1.475075e+08   
PoolTogether           0xbbde25a2c85f55b53b7698b9476610c3d1202d88870e6...       1.172368e+08   
RAI Mainnet            0xc420d79a888eb0e34203bfeca1048d35f9763b9880a94...       1.395294e+08   

                                                                                                                       id  
Name_y                 Address                                                                                             
Opyn Gamma Mainnet     0x014e8a3184d5fad198123419a7b54d5f7c9f8a9811164...  QmNRkaVUwUQAwPwWgdQHYvw53A5gh3CP3giWnWQZdA2BTE  
UMA Mainnet Voting     0x2aaeb45afa62af1cc8f6d61decd5249429e0aaed67996...  QmRDGLp6BHwiH9HAE2NYEE3f7LrKuRqziHBv76trT4etgU  
PoolTogether           0x31edcacc9a53bc8ab4be2eeb0d873409da4c4228cb2d6...  QmRhYzT8HEZ9LziQhP6JfNfd4co9A7muUYQhPMJsMUojSF  
Omen                   0x31f6fb67c823a07a93bae6b022798eebdf86210033c0e...  QmRhh7rFt3qxfRMTZvHRNK6jCobX4Gx5TkzWXhZkuj57w8  
PoolTogether v3_1_0    0x4a008334f8e7ea21be223d15462084f51abcc0e6625f6...  QmTKXLEdMD6Vq7Nwxo8XAfnHpG6H1TzL1AGwiqLpoae3Pb  
Audius Network Mainnet 0x500a8e47cbdeca7386448ae9e7d52578871b9942ebbef...  QmTj6fHgHjuKKm43YL3Sm2hMvMci4AkFzx22Mdo9W3dyn8  
DODOEX V2              0x5e48ee6773576d45a38934cb19780b5c8c75f8c36e653...  QmUghXvKf5cVjtayNNRHCd3RbHEwfbGBQ95s9vheJjN5hH  
mStable Protocol       0xa7d9d3a173d3d62ce3d05c2d29f3447b04edc248cbcfd...  QmZdsSbRwVD7VVVm5WGxZZC6HYvbjnFb4hcwvQ4fTs5bxA  
PoolTogether           0xbbde25a2c85f55b53b7698b9476610c3d1202d88870e6...  Qmaz1R8vcv9v3gUfksqiS9JUz7K9G8S5By3JYn8kTiiP5K  
RAI Mainnet            0xc420d79a888eb0e34203bfeca1048d35f9763b9880a94...  QmbYFfUKETrUwTQ7z8VD87KFoYJps8TGsSbM6m8bi6TaKG  

Indexing Reward per Subgraph (Daily/Weekly/Monthly):                 

 [('Opyn Gamma Mainnet', '0x014e8a3184d5fad198123419a7b54d5f7c9f8a981116462591fbb1a922c39811')
 ('UMA Mainnet Voting', '0x2aaeb45afa62af1cc8f6d61decd5249429e0aaed67996238adc2bfd396b5f715')
 ('PoolTogether', '0x31edcacc9a53bc8ab4be2eeb0d873409da4c4228cb2d60e4243bd3b4e8af7500')
 ('Omen', '0x31f6fb67c823a07a93bae6b022798eebdf86210033c0e97a1402795c0c2fa99b')
 ('PoolTogether v3_1_0', '0x4a008334f8e7ea21be223d15462084f51abcc0e6625f61de806b8456e67e603e')
 ('Audius Network Mainnet', '0x500a8e47cbdeca7386448ae9e7d52578871b9942ebbef4892469da293bb661f9')
 ('DODOEX V2', '0x5e48ee6773576d45a38934cb19780b5c8c75f8c36e653e234ba5b803746d8f78')
 ('mStable Protocol', '0xa7d9d3a173d3d62ce3d05c2d29f3447b04edc248cbcfdb49b205e14247374947')
 ('PoolTogether', '0xbbde25a2c85f55b53b7698b9476610c3d1202d88870e66502ab0076b7218f98a')
 ('RAI Mainnet', '0xc420d79a888eb0e34203bfeca1048d35f9763b9880a94922249096e4c9a191c7')] , 
 Reward (Daily): [4.43401981e-01 4.11939162e-01 3.98852620e-01 4.83015807e-01
 3.21428513e-01 6.49840583e+02 3.37965393e-01 3.14605515e-01
 3.59722786e-01 1.53878658e-02] 
 Reward (Weekly): [3.10381226e+00 2.88357265e+00 2.79196690e+00 3.38110891e+00
 2.24999843e+00 4.54888173e+03 2.36575653e+00 2.20223747e+00
 2.51805821e+00 1.07715005e-01] 
 Reward (Yearly): [1.61841783e+02 1.50357850e+02 1.45581261e+02 1.76300835e+02
 1.17321451e+02 2.37191901e+05 1.23357414e+02 1.14831056e+02
 1.31298866e+02 5.61657311e+00] 


 Total Indexing Rewards (Daily/Weekly/Yearly):                 

 Daily: 652.9269021602868 
Weekly: 4570.48595930058 
Yearly: 238318.40802444506 



Optimize Allocations:
==============================

Optimize Allocations for Interval: indexingRewardDay and Percentage per Allocation: 0.9
  ('Opyn Gamma Mainnet', '0x014e8a3184d5fad198123419a7b54d5f7c9f8a981116462591fbb1a922c39811'): 2149693.22914262 allocations
  ('UMA Mainnet Voting', '0x2aaeb45afa62af1cc8f6d61decd5249429e0aaed67996238adc2bfd396b5f715'): 230854.803238069 allocations
  ('PoolTogether', '0x31edcacc9a53bc8ab4be2eeb0d873409da4c4228cb2d60e4243bd3b4e8af7500'): 1000.0 allocations
  ('Omen', '0x31f6fb67c823a07a93bae6b022798eebdf86210033c0e97a1402795c0c2fa99b'): 1000.0 allocations
  ('PoolTogether v3_1_0', '0x4a008334f8e7ea21be223d15462084f51abcc0e6625f61de806b8456e67e603e'): 1000.0 allocations
  ('Audius Network Mainnet', '0x500a8e47cbdeca7386448ae9e7d52578871b9942ebbef4892469da293bb661f9'): 1000.0 allocations
  ('DODOEX V2', '0x5e48ee6773576d45a38934cb19780b5c8c75f8c36e653e234ba5b803746d8f78'): 1000.0 allocations
  ('mStable Protocol', '0xa7d9d3a173d3d62ce3d05c2d29f3447b04edc248cbcfdb49b205e14247374947'): 1000.0 allocations
  ('PoolTogether', '0xbbde25a2c85f55b53b7698b9476610c3d1202d88870e66502ab0076b7218f98a'): 1000.0 allocations
  ('RAI Mainnet', '0xc420d79a888eb0e34203bfeca1048d35f9763b9880a94922249096e4c9a191c7'): 1000.0 allocations
  Allocations Total = 2388548.0323806894 GRT
  Reward = GRT 1050.6529655971328

Optimize Allocations for Interval: indexingRewardWeek and Percentage per Allocation: 0.9
  ('Opyn Gamma Mainnet', '0x014e8a3184d5fad198123419a7b54d5f7c9f8a981116462591fbb1a922c39811'): 2149693.22914262 allocations
  ('UMA Mainnet Voting', '0x2aaeb45afa62af1cc8f6d61decd5249429e0aaed67996238adc2bfd396b5f715'): 230854.803238069 allocations
  ('PoolTogether', '0x31edcacc9a53bc8ab4be2eeb0d873409da4c4228cb2d60e4243bd3b4e8af7500'): 1000.0 allocations
  ('Omen', '0x31f6fb67c823a07a93bae6b022798eebdf86210033c0e97a1402795c0c2fa99b'): 1000.0 allocations
  ('PoolTogether v3_1_0', '0x4a008334f8e7ea21be223d15462084f51abcc0e6625f61de806b8456e67e603e'): 1000.0 allocations
  ('Audius Network Mainnet', '0x500a8e47cbdeca7386448ae9e7d52578871b9942ebbef4892469da293bb661f9'): 1000.0 allocations
  ('DODOEX V2', '0x5e48ee6773576d45a38934cb19780b5c8c75f8c36e653e234ba5b803746d8f78'): 1000.0 allocations
  ('mStable Protocol', '0xa7d9d3a173d3d62ce3d05c2d29f3447b04edc248cbcfdb49b205e14247374947'): 1000.0 allocations
  ('PoolTogether', '0xbbde25a2c85f55b53b7698b9476610c3d1202d88870e66502ab0076b7218f98a'): 1000.0 allocations
  ('RAI Mainnet', '0xc420d79a888eb0e34203bfeca1048d35f9763b9880a94922249096e4c9a191c7'): 1000.0 allocations
  Allocations Total = 2388548.0323806894 GRT
  Reward = GRT 7354.564714332221

Optimize Allocations for Interval: indexingRewardYear and Percentage per Allocation: 0.9
  ('Opyn Gamma Mainnet', '0x014e8a3184d5fad198123419a7b54d5f7c9f8a981116462591fbb1a922c39811'): 2149693.22914262 allocations
  ('UMA Mainnet Voting', '0x2aaeb45afa62af1cc8f6d61decd5249429e0aaed67996238adc2bfd396b5f715'): 230854.803238069 allocations
  ('PoolTogether', '0x31edcacc9a53bc8ab4be2eeb0d873409da4c4228cb2d60e4243bd3b4e8af7500'): 1000.0 allocations
  ('Omen', '0x31f6fb67c823a07a93bae6b022798eebdf86210033c0e97a1402795c0c2fa99b'): 1000.0 allocations
  ('PoolTogether v3_1_0', '0x4a008334f8e7ea21be223d15462084f51abcc0e6625f61de806b8456e67e603e'): 1000.0 allocations
  ('Audius Network Mainnet', '0x500a8e47cbdeca7386448ae9e7d52578871b9942ebbef4892469da293bb661f9'): 1000.0 allocations
  ('DODOEX V2', '0x5e48ee6773576d45a38934cb19780b5c8c75f8c36e653e234ba5b803746d8f78'): 1000.0 allocations
  ('mStable Protocol', '0xa7d9d3a173d3d62ce3d05c2d29f3447b04edc248cbcfdb49b205e14247374947'): 1000.0 allocations
  ('PoolTogether', '0xbbde25a2c85f55b53b7698b9476610c3d1202d88870e66502ab0076b7218f98a'): 1000.0 allocations
  ('RAI Mainnet', '0xc420d79a888eb0e34203bfeca1048d35f9763b9880a94922249096e4c9a191c7'): 1000.0 allocations
  Allocations Total = 2388548.0323806894 GRT
  Reward = GRT 383488.3324429534

THRESHOLD of 10.0 Percent REACHED. Increase in Weekly Rewards of 60.5 Percent (2241.35 in USD) after subtracting Transaction Costs. Transaction Costs 15.34 USD. Allocation script CREATED IN ./script.txt created
