Execution of Optimization Script started at: 28062021_08:50:13 

Graph Network Statistics:                 
 TOTAL SUPPLY: 10132322320.353918 
 TOTAL ALLOCATIONS: 3028128751.6216655 
 TOTAL INDEXING REWARDS: 147349926.91124803 
 TOTAL TOKENS SIGNALLED: 2160323.280644092 
 GRT_ISSUANCE_YEARLY: 1.0300000002147995

 Price Statistics:                 
 GAS PRICE (GWEI): 11 
 GRT-USD: 0.549072 
 ETH-USD: 1979.62 
 GAS-USAGE per Transaction: 250000
Indexer Statistics:                 
 INDEXER TOTAL ALLOCATIONS: 2336436.06 



                                                                                     Name_x  \
Name_y              Address                                                                   
Opyn Gamma Mainnet  0x014e8a3184d5fad198123419a7b54d5f7c9f8a9811164...   Opyn Gamma Mainnet   
UMA Mainnet Voting  0x2aaeb45afa62af1cc8f6d61decd5249429e0aaed67996...   UMA Mainnet Voting   
PoolTogether        0x31edcacc9a53bc8ab4be2eeb0d873409da4c4228cb2d6...         PoolTogether   
PoolTogether v3_1_0 0x4a008334f8e7ea21be223d15462084f51abcc0e6625f6...  PoolTogether v3_1_0   
DODOEX V2           0x5e48ee6773576d45a38934cb19780b5c8c75f8c36e653...            DODOEX V2   
PoolTogether        0x666d78959706d7e1ed20befeb1d2c9a4e512a22931d8e...         PoolTogether   
mStable Protocol    0xa7d9d3a173d3d62ce3d05c2d29f3447b04edc248cbcfd...     mStable Protocol   
PoolTogether        0xbbde25a2c85f55b53b7698b9476610c3d1202d88870e6...         PoolTogether   
RAI Mainnet         0xc420d79a888eb0e34203bfeca1048d35f9763b9880a94...          RAI Mainnet   
Invalid name v1     0x4810cc7741423cec7e44fc7ec7a479e521453cbf090e7...                    0   
Invalid name v2     0xc064c354bc21dd958b1d41b67b8ef161b75d2246b425f...                    0   
Invalid name v3     0xf8481d0118ec6098d00629414d600f5d87a1c8a94e272...                    0   

                                                                        Allocation  \
Name_y              Address                                                          
Opyn Gamma Mainnet  0x014e8a3184d5fad198123419a7b54d5f7c9f8a9811164...      1000.0   
UMA Mainnet Voting  0x2aaeb45afa62af1cc8f6d61decd5249429e0aaed67996...      1000.0   
PoolTogether        0x31edcacc9a53bc8ab4be2eeb0d873409da4c4228cb2d6...      1000.0   
PoolTogether v3_1_0 0x4a008334f8e7ea21be223d15462084f51abcc0e6625f6...      1000.0   
DODOEX V2           0x5e48ee6773576d45a38934cb19780b5c8c75f8c36e653...      1000.0   
PoolTogether        0x666d78959706d7e1ed20befeb1d2c9a4e512a22931d8e...      5000.0   
mStable Protocol    0xa7d9d3a173d3d62ce3d05c2d29f3447b04edc248cbcfd...      1000.0   
PoolTogether        0xbbde25a2c85f55b53b7698b9476610c3d1202d88870e6...      1000.0   
RAI Mainnet         0xc420d79a888eb0e34203bfeca1048d35f9763b9880a94...      1000.0   
Invalid name v1     0x4810cc7741423cec7e44fc7ec7a479e521453cbf090e7...         0.0   
Invalid name v2     0xc064c354bc21dd958b1d41b67b8ef161b75d2246b425f...         0.0   
Invalid name v3     0xf8481d0118ec6098d00629414d600f5d87a1c8a94e272...         0.0   

                                                                        signalledTokensTotal  \
Name_y              Address                                                                    
Opyn Gamma Mainnet  0x014e8a3184d5fad198123419a7b54d5f7c9f8a9811164...          1.119703e+05   
UMA Mainnet Voting  0x2aaeb45afa62af1cc8f6d61decd5249429e0aaed67996...          1.112849e+05   
PoolTogether        0x31edcacc9a53bc8ab4be2eeb0d873409da4c4228cb2d6...          1.045011e+06   
PoolTogether v3_1_0 0x4a008334f8e7ea21be223d15462084f51abcc0e6625f6...          1.023850e+05   
DODOEX V2           0x5e48ee6773576d45a38934cb19780b5c8c75f8c36e653...          1.196872e+05   
PoolTogether        0x666d78959706d7e1ed20befeb1d2c9a4e512a22931d8e...          4.609030e+03   
mStable Protocol    0xa7d9d3a173d3d62ce3d05c2d29f3447b04edc248cbcfd...          1.209060e+05   
PoolTogether        0xbbde25a2c85f55b53b7698b9476610c3d1202d88870e6...          1.100154e+05   
RAI Mainnet         0xc420d79a888eb0e34203bfeca1048d35f9763b9880a94...          5.575000e+03   
Invalid name v1     0x4810cc7741423cec7e44fc7ec7a479e521453cbf090e7...          1.073215e+05   
Invalid name v2     0xc064c354bc21dd958b1d41b67b8ef161b75d2246b425f...          1.079023e+05   
Invalid name v3     0xf8481d0118ec6098d00629414d600f5d87a1c8a94e272...          1.159212e+05   

                                                                        stakedTokensTotal  \
Name_y              Address                                                                 
Opyn Gamma Mainnet  0x014e8a3184d5fad198123419a7b54d5f7c9f8a9811164...       1.582044e+08   
UMA Mainnet Voting  0x2aaeb45afa62af1cc8f6d61decd5249429e0aaed67996...       1.572419e+08   
PoolTogether        0x31edcacc9a53bc8ab4be2eeb0d873409da4c4228cb2d6...       1.479134e+09   
PoolTogether v3_1_0 0x4a008334f8e7ea21be223d15462084f51abcc0e6625f6...       1.446779e+08   
DODOEX V2           0x5e48ee6773576d45a38934cb19780b5c8c75f8c36e653...       1.691136e+08   
PoolTogether        0x666d78959706d7e1ed20befeb1d2c9a4e512a22931d8e...       9.000020e+03   
mStable Protocol    0xa7d9d3a173d3d62ce3d05c2d29f3447b04edc248cbcfd...       1.814514e+08   
PoolTogether        0xbbde25a2c85f55b53b7698b9476610c3d1202d88870e6...       1.554480e+08   
RAI Mainnet         0xc420d79a888eb0e34203bfeca1048d35f9763b9880a94...       2.397123e+06   
Invalid name v1     0x4810cc7741423cec7e44fc7ec7a479e521453cbf090e7...       1.516419e+08   
Invalid name v2     0xc064c354bc21dd958b1d41b67b8ef161b75d2246b425f...       1.524634e+08   
Invalid name v3     0xf8481d0118ec6098d00629414d600f5d87a1c8a94e272...       1.031811e+08   

                                                                                                                    id  
Name_y              Address                                                                                             
Opyn Gamma Mainnet  0x014e8a3184d5fad198123419a7b54d5f7c9f8a9811164...  QmNRkaVUwUQAwPwWgdQHYvw53A5gh3CP3giWnWQZdA2BTE  
UMA Mainnet Voting  0x2aaeb45afa62af1cc8f6d61decd5249429e0aaed67996...  QmRDGLp6BHwiH9HAE2NYEE3f7LrKuRqziHBv76trT4etgU  
PoolTogether        0x31edcacc9a53bc8ab4be2eeb0d873409da4c4228cb2d6...  QmRhYzT8HEZ9LziQhP6JfNfd4co9A7muUYQhPMJsMUojSF  
PoolTogether v3_1_0 0x4a008334f8e7ea21be223d15462084f51abcc0e6625f6...  QmTKXLEdMD6Vq7Nwxo8XAfnHpG6H1TzL1AGwiqLpoae3Pb  
DODOEX V2           0x5e48ee6773576d45a38934cb19780b5c8c75f8c36e653...  QmUghXvKf5cVjtayNNRHCd3RbHEwfbGBQ95s9vheJjN5hH  
PoolTogether        0x666d78959706d7e1ed20befeb1d2c9a4e512a22931d8e...  QmVEV7RA2U6BJT9Ssjxcfyrk4YQUnVqSRNX4TvYagjzh9h  
mStable Protocol    0xa7d9d3a173d3d62ce3d05c2d29f3447b04edc248cbcfd...  QmZdsSbRwVD7VVVm5WGxZZC6HYvbjnFb4hcwvQ4fTs5bxA  
PoolTogether        0xbbde25a2c85f55b53b7698b9476610c3d1202d88870e6...  Qmaz1R8vcv9v3gUfksqiS9JUz7K9G8S5By3JYn8kTiiP5K  
RAI Mainnet         0xc420d79a888eb0e34203bfeca1048d35f9763b9880a94...  QmbYFfUKETrUwTQ7z8VD87KFoYJps8TGsSbM6m8bi6TaKG  
Invalid name v1     0x4810cc7741423cec7e44fc7ec7a479e521453cbf090e7...  QmTBxvMF6YnbT1eYeRx9XQpH4WvxTV53vdptCCZFiZSprg  
Invalid name v2     0xc064c354bc21dd958b1d41b67b8ef161b75d2246b425f...  QmbHg6vAJRD9ZWz5GTP9oMrfDyetnGTr5KWJBYAq59fm1W  
Invalid name v3     0xf8481d0118ec6098d00629414d600f5d87a1c8a94e272...  Qmf3qbX2SF58ifUQfMvWJKe99g9DavSKtRxm3evvCHocwS  

Indexing Reward per Subgraph (Daily/Weekly/Monthly):                 

 [('Opyn Gamma Mainnet', '0x014e8a3184d5fad198123419a7b54d5f7c9f8a981116462591fbb1a922c39811')
 ('UMA Mainnet Voting', '0x2aaeb45afa62af1cc8f6d61decd5249429e0aaed67996238adc2bfd396b5f715')
 ('PoolTogether', '0x31edcacc9a53bc8ab4be2eeb0d873409da4c4228cb2d60e4243bd3b4e8af7500')
 ('PoolTogether v3_1_0', '0x4a008334f8e7ea21be223d15462084f51abcc0e6625f61de806b8456e67e603e')
 ('DODOEX V2', '0x5e48ee6773576d45a38934cb19780b5c8c75f8c36e653e234ba5b803746d8f78')
 ('PoolTogether', '0x666d78959706d7e1ed20befeb1d2c9a4e512a22931d8e22928b1f63ce48fcb40')
 ('mStable Protocol', '0xa7d9d3a173d3d62ce3d05c2d29f3447b04edc248cbcfdb49b205e14247374947')
 ('PoolTogether', '0xbbde25a2c85f55b53b7698b9476610c3d1202d88870e66502ab0076b7218f98a')
 ('RAI Mainnet', '0xc420d79a888eb0e34203bfeca1048d35f9763b9880a94922249096e4c9a191c7')
 ('Invalid name v1', '0x4810cc7741423cec7e44fc7ec7a479e521453cbf090e74b6186d3a2264588fe5')
 ('Invalid name v2', '0xc064c354bc21dd958b1d41b67b8ef161b75d2246b425f68ed4c74964ae705cbd')
 ('Invalid name v3', '0xf8481d0118ec6098d00629414d600f5d87a1c8a94e2720933643d2eacf648311')] , 
 Reward (Daily): [2.72836500e-01 2.72826458e-01 2.72352730e-01 2.72805025e-01
 2.72827156e-01 9.87084659e+02 2.56865551e-01 2.72826589e-01
 8.96546607e-01 0.00000000e+00 0.00000000e+00 0.00000000e+00] 
 Reward (Weekly): [1.90985518e+00 1.90978488e+00 1.90646878e+00 1.90963485e+00
 1.90978976e+00 6.90959143e+03 1.79805855e+00 1.90978579e+00
 6.27582517e+00 0.00000000e+00 0.00000000e+00 0.00000000e+00] 
 Reward (Yearly): [9.95853961e+01 9.95817305e+01 9.94088196e+01 9.95739074e+01
 9.95819853e+01 3.60286166e+05 9.37559954e+01 9.95817783e+01
 3.27239753e+02 0.00000000e+00 0.00000000e+00 0.00000000e+00] 


 Total Indexing Rewards (Daily/Weekly/Yearly):                 

 Daily: 989.8745453479829 
Weekly: 6929.120628815725 
Yearly: 361304.47530292865 



Optimize Allocations:
==============================

Optimize Allocations for Interval: indexingRewardDay and Percentage per Allocation: 0.3
  ('Opyn Gamma Mainnet', '0x014e8a3184d5fad198123419a7b54d5f7c9f8a981116462591fbb1a922c39811'): 716768.081616529 allocations
  ('UMA Mainnet Voting', '0x2aaeb45afa62af1cc8f6d61decd5249429e0aaed67996238adc2bfd396b5f715'): 1000.0 allocations
  ('PoolTogether', '0x31edcacc9a53bc8ab4be2eeb0d873409da4c4228cb2d60e4243bd3b4e8af7500'): 1000.0 allocations
  ('PoolTogether v3_1_0', '0x4a008334f8e7ea21be223d15462084f51abcc0e6625f61de806b8456e67e603e'): 1000.0 allocations
  ('DODOEX V2', '0x5e48ee6773576d45a38934cb19780b5c8c75f8c36e653e234ba5b803746d8f78'): 222922.693872176 allocations
  ('PoolTogether', '0x666d78959706d7e1ed20befeb1d2c9a4e512a22931d8e22928b1f63ce48fcb40'): 9000.0 allocations
  ('mStable Protocol', '0xa7d9d3a173d3d62ce3d05c2d29f3447b04edc248cbcfdb49b205e14247374947'): 1000.0 allocations
  ('PoolTogether', '0xbbde25a2c85f55b53b7698b9476610c3d1202d88870e66502ab0076b7218f98a'): 1000.0 allocations
  ('RAI Mainnet', '0xc420d79a888eb0e34203bfeca1048d35f9763b9880a94922249096e4c9a191c7'): 716768.081616529 allocations
  ('Invalid name v1', '0x4810cc7741423cec7e44fc7ec7a479e521453cbf090e74b6186d3a2264588fe5'): 1000.0 allocations
  ('Invalid name v2', '0xc064c354bc21dd958b1d41b67b8ef161b75d2246b425f68ed4c74964ae705cbd'): 1000.0 allocations
  ('Invalid name v3', '0xf8481d0118ec6098d00629414d600f5d87a1c8a94e2720933643d2eacf648311'): 716768.081616529 allocations
  Allocations Total = 2389226.938721763 GRT
  Reward = GRT 2988.0713884759384

Optimize Allocations for Interval: indexingRewardWeek and Percentage per Allocation: 0.3
  ('Opyn Gamma Mainnet', '0x014e8a3184d5fad198123419a7b54d5f7c9f8a981116462591fbb1a922c39811'): 716768.081616529 allocations
  ('UMA Mainnet Voting', '0x2aaeb45afa62af1cc8f6d61decd5249429e0aaed67996238adc2bfd396b5f715'): 1000.0 allocations
  ('PoolTogether', '0x31edcacc9a53bc8ab4be2eeb0d873409da4c4228cb2d60e4243bd3b4e8af7500'): 1000.0 allocations
  ('PoolTogether v3_1_0', '0x4a008334f8e7ea21be223d15462084f51abcc0e6625f61de806b8456e67e603e'): 1000.0 allocations
  ('DODOEX V2', '0x5e48ee6773576d45a38934cb19780b5c8c75f8c36e653e234ba5b803746d8f78'): 222922.693872176 allocations
  ('PoolTogether', '0x666d78959706d7e1ed20befeb1d2c9a4e512a22931d8e22928b1f63ce48fcb40'): 9000.0 allocations
  ('mStable Protocol', '0xa7d9d3a173d3d62ce3d05c2d29f3447b04edc248cbcfdb49b205e14247374947'): 1000.0 allocations
  ('PoolTogether', '0xbbde25a2c85f55b53b7698b9476610c3d1202d88870e66502ab0076b7218f98a'): 1000.0 allocations
  ('RAI Mainnet', '0xc420d79a888eb0e34203bfeca1048d35f9763b9880a94922249096e4c9a191c7'): 716768.081616529 allocations
  ('Invalid name v1', '0x4810cc7741423cec7e44fc7ec7a479e521453cbf090e74b6186d3a2264588fe5'): 1000.0 allocations
  ('Invalid name v2', '0xc064c354bc21dd958b1d41b67b8ef161b75d2246b425f68ed4c74964ae705cbd'): 1000.0 allocations
  ('Invalid name v3', '0xf8481d0118ec6098d00629414d600f5d87a1c8a94e2720933643d2eacf648311'): 716768.081616529 allocations
  Allocations Total = 2389226.938721763 GRT
  Reward = GRT 20916.48252770209

Optimize Allocations for Interval: indexingRewardYear and Percentage per Allocation: 0.3
  ('Opyn Gamma Mainnet', '0x014e8a3184d5fad198123419a7b54d5f7c9f8a981116462591fbb1a922c39811'): 716768.081616529 allocations
  ('UMA Mainnet Voting', '0x2aaeb45afa62af1cc8f6d61decd5249429e0aaed67996238adc2bfd396b5f715'): 1000.0 allocations
  ('PoolTogether', '0x31edcacc9a53bc8ab4be2eeb0d873409da4c4228cb2d60e4243bd3b4e8af7500'): 1000.0 allocations
  ('PoolTogether v3_1_0', '0x4a008334f8e7ea21be223d15462084f51abcc0e6625f61de806b8456e67e603e'): 1000.0 allocations
  ('DODOEX V2', '0x5e48ee6773576d45a38934cb19780b5c8c75f8c36e653e234ba5b803746d8f78'): 222922.693872176 allocations
  ('PoolTogether', '0x666d78959706d7e1ed20befeb1d2c9a4e512a22931d8e22928b1f63ce48fcb40'): 9000.0 allocations
  ('mStable Protocol', '0xa7d9d3a173d3d62ce3d05c2d29f3447b04edc248cbcfdb49b205e14247374947'): 1000.0 allocations
  ('PoolTogether', '0xbbde25a2c85f55b53b7698b9476610c3d1202d88870e66502ab0076b7218f98a'): 1000.0 allocations
  ('RAI Mainnet', '0xc420d79a888eb0e34203bfeca1048d35f9763b9880a94922249096e4c9a191c7'): 716768.081616529 allocations
  ('Invalid name v1', '0x4810cc7741423cec7e44fc7ec7a479e521453cbf090e74b6186d3a2264588fe5'): 1000.0 allocations
  ('Invalid name v2', '0xc064c354bc21dd958b1d41b67b8ef161b75d2246b425f68ed4c74964ae705cbd'): 1000.0 allocations
  ('Invalid name v3', '0xf8481d0118ec6098d00629414d600f5d87a1c8a94e2720933643d2eacf648311'): 716768.081616529 allocations
  Allocations Total = 2389226.938721763 GRT
  Reward = GRT 1090646.0567937177

THRESHOLD of 10.0 Percent REACHED. Increase in Weekly Rewards of 201.58 Percent (7669.18 in USD) after subtracting Transaction Costs. Transaction Costs 10.89 USD. Allocation script CREATED IN ./script.txt created
