Execution of Optimization Script started at: 29062021_13:56:35 

Graph Network Statistics:                 
 TOTAL SUPPLY: 10132787887.951529 
 TOTAL ALLOCATIONS: 3039520651.143247 
 TOTAL INDEXING REWARDS: 147857820.6311653 
 TOTAL TOKENS SIGNALLED: 2161772.2962380378 
 GRT_ISSUANCE_YEARLY: 1.0300000002147995

 Price Statistics:                 
 GAS PRICE (GWEI): 17 
 GRT-USD: 0.618365 
 ETH-USD: 2184.25 
 GAS-USAGE per Transaction: 250000
Indexer Statistics:                 
 INDEXER TOTAL ALLOCATIONS: 2338496.5 



                                                                                     Name_x  \
Name_y              Address                                                                   
Opyn Gamma Mainnet  0x014e8a3184d5fad198123419a7b54d5f7c9f8a9811164...                    0   
UMA Mainnet Voting  0x2aaeb45afa62af1cc8f6d61decd5249429e0aaed67996...   UMA Mainnet Voting   
PoolTogether        0x31edcacc9a53bc8ab4be2eeb0d873409da4c4228cb2d6...         PoolTogether   
Subgraph 4          0x4810cc7741423cec7e44fc7ec7a479e521453cbf090e7...                    0   
PoolTogether v3_1_0 0x4a008334f8e7ea21be223d15462084f51abcc0e6625f6...  PoolTogether v3_1_0   
Subgraph 7          0x5b83184ead3290c43e0a5524f086595e3ced90af300fb...                    0   
DODOEX V2           0x5e48ee6773576d45a38934cb19780b5c8c75f8c36e653...            DODOEX V2   
PoolTogether        0x666d78959706d7e1ed20befeb1d2c9a4e512a22931d8e...         PoolTogether   
mStable Protocol    0xa7d9d3a173d3d62ce3d05c2d29f3447b04edc248cbcfd...     mStable Protocol   
PoolTogether        0xbbde25a2c85f55b53b7698b9476610c3d1202d88870e6...         PoolTogether   
Subgraph 13         0xc064c354bc21dd958b1d41b67b8ef161b75d2246b425f...                    0   
Dinosaur            0xc9d18c59e4aaf2c1f86dfef16fbdc0f81eae8ada58d87...                    0   

                                                                        Allocation  \
Name_y              Address                                                          
Opyn Gamma Mainnet  0x014e8a3184d5fad198123419a7b54d5f7c9f8a9811164...        0.00   
UMA Mainnet Voting  0x2aaeb45afa62af1cc8f6d61decd5249429e0aaed67996...     1000.00   
PoolTogether        0x31edcacc9a53bc8ab4be2eeb0d873409da4c4228cb2d6...     1000.00   
Subgraph 4          0x4810cc7741423cec7e44fc7ec7a479e521453cbf090e7...        0.00   
PoolTogether v3_1_0 0x4a008334f8e7ea21be223d15462084f51abcc0e6625f6...     1000.00   
Subgraph 7          0x5b83184ead3290c43e0a5524f086595e3ced90af300fb...        0.00   
DODOEX V2           0x5e48ee6773576d45a38934cb19780b5c8c75f8c36e653...   222922.69   
PoolTogether        0x666d78959706d7e1ed20befeb1d2c9a4e512a22931d8e...     9000.00   
mStable Protocol    0xa7d9d3a173d3d62ce3d05c2d29f3447b04edc248cbcfd...     1000.00   
PoolTogether        0xbbde25a2c85f55b53b7698b9476610c3d1202d88870e6...     1000.00   
Subgraph 13         0xc064c354bc21dd958b1d41b67b8ef161b75d2246b425f...        0.00   
Dinosaur            0xc9d18c59e4aaf2c1f86dfef16fbdc0f81eae8ada58d87...        0.00   

                                                                        signalledTokensTotal  \
Name_y              Address                                                                    
Opyn Gamma Mainnet  0x014e8a3184d5fad198123419a7b54d5f7c9f8a9811164...          1.119716e+05   
UMA Mainnet Voting  0x2aaeb45afa62af1cc8f6d61decd5249429e0aaed67996...          1.112854e+05   
PoolTogether        0x31edcacc9a53bc8ab4be2eeb0d873409da4c4228cb2d6...          1.045011e+06   
Subgraph 4          0x4810cc7741423cec7e44fc7ec7a479e521453cbf090e7...          1.073217e+05   
PoolTogether v3_1_0 0x4a008334f8e7ea21be223d15462084f51abcc0e6625f6...          1.023852e+05   
Subgraph 7          0x5b83184ead3290c43e0a5524f086595e3ced90af300fb...          1.144722e+05   
DODOEX V2           0x5e48ee6773576d45a38934cb19780b5c8c75f8c36e653...          1.196875e+05   
PoolTogether        0x666d78959706d7e1ed20befeb1d2c9a4e512a22931d8e...          4.609030e+03   
mStable Protocol    0xa7d9d3a173d3d62ce3d05c2d29f3447b04edc248cbcfd...          1.209064e+05   
PoolTogether        0xbbde25a2c85f55b53b7698b9476610c3d1202d88870e6...          1.100160e+05   
Subgraph 13         0xc064c354bc21dd958b1d41b67b8ef161b75d2246b425f...          1.079023e+05   
Dinosaur            0xc9d18c59e4aaf2c1f86dfef16fbdc0f81eae8ada58d87...          0.000000e+00   

                                                                        stakedTokensTotal  \
Name_y              Address                                                                 
Opyn Gamma Mainnet  0x014e8a3184d5fad198123419a7b54d5f7c9f8a9811164...       1.566883e+08   
UMA Mainnet Voting  0x2aaeb45afa62af1cc8f6d61decd5249429e0aaed67996...       1.543515e+08   
PoolTogether        0x31edcacc9a53bc8ab4be2eeb0d873409da4c4228cb2d6...       1.418153e+09   
Subgraph 4          0x4810cc7741423cec7e44fc7ec7a479e521453cbf090e7...       1.458917e+08   
PoolTogether v3_1_0 0x4a008334f8e7ea21be223d15462084f51abcc0e6625f6...       1.447529e+08   
Subgraph 7          0x5b83184ead3290c43e0a5524f086595e3ced90af300fb...       1.571939e+08   
DODOEX V2           0x5e48ee6773576d45a38934cb19780b5c8c75f8c36e653...       1.650107e+08   
PoolTogether        0x666d78959706d7e1ed20befeb1d2c9a4e512a22931d8e...       1.300002e+04   
mStable Protocol    0xa7d9d3a173d3d62ce3d05c2d29f3447b04edc248cbcfd...       1.738818e+08   
PoolTogether        0xbbde25a2c85f55b53b7698b9476610c3d1202d88870e6...       1.493738e+08   
Subgraph 13         0xc064c354bc21dd958b1d41b67b8ef161b75d2246b425f...       1.507876e+08   
Dinosaur            0xc9d18c59e4aaf2c1f86dfef16fbdc0f81eae8ada58d87...       1.000000e+03   

                                                                                                                    id  
Name_y              Address                                                                                             
Opyn Gamma Mainnet  0x014e8a3184d5fad198123419a7b54d5f7c9f8a9811164...  QmNRkaVUwUQAwPwWgdQHYvw53A5gh3CP3giWnWQZdA2BTE  
UMA Mainnet Voting  0x2aaeb45afa62af1cc8f6d61decd5249429e0aaed67996...  QmRDGLp6BHwiH9HAE2NYEE3f7LrKuRqziHBv76trT4etgU  
PoolTogether        0x31edcacc9a53bc8ab4be2eeb0d873409da4c4228cb2d6...  QmRhYzT8HEZ9LziQhP6JfNfd4co9A7muUYQhPMJsMUojSF  
Subgraph 4          0x4810cc7741423cec7e44fc7ec7a479e521453cbf090e7...  QmTBxvMF6YnbT1eYeRx9XQpH4WvxTV53vdptCCZFiZSprg  
PoolTogether v3_1_0 0x4a008334f8e7ea21be223d15462084f51abcc0e6625f6...  QmTKXLEdMD6Vq7Nwxo8XAfnHpG6H1TzL1AGwiqLpoae3Pb  
Subgraph 7          0x5b83184ead3290c43e0a5524f086595e3ced90af300fb...  QmUVskWrz1ZiQZ76AtyhcfFDEH1ELnRpoyEhVL8p6NFTbR  
DODOEX V2           0x5e48ee6773576d45a38934cb19780b5c8c75f8c36e653...  QmUghXvKf5cVjtayNNRHCd3RbHEwfbGBQ95s9vheJjN5hH  
PoolTogether        0x666d78959706d7e1ed20befeb1d2c9a4e512a22931d8e...  QmVEV7RA2U6BJT9Ssjxcfyrk4YQUnVqSRNX4TvYagjzh9h  
mStable Protocol    0xa7d9d3a173d3d62ce3d05c2d29f3447b04edc248cbcfd...  QmZdsSbRwVD7VVVm5WGxZZC6HYvbjnFb4hcwvQ4fTs5bxA  
PoolTogether        0xbbde25a2c85f55b53b7698b9476610c3d1202d88870e6...  Qmaz1R8vcv9v3gUfksqiS9JUz7K9G8S5By3JYn8kTiiP5K  
Subgraph 13         0xc064c354bc21dd958b1d41b67b8ef161b75d2246b425f...  QmbHg6vAJRD9ZWz5GTP9oMrfDyetnGTr5KWJBYAq59fm1W  
Dinosaur            0xc9d18c59e4aaf2c1f86dfef16fbdc0f81eae8ada58d87...  QmbvTyvmxqHLahZwS7fZtVWGM85VCpCiKHiagPxQJp5ktS  

Indexing Reward per Subgraph (Daily/Weekly/Monthly):                 

 [('Opyn Gamma Mainnet', '0x014e8a3184d5fad198123419a7b54d5f7c9f8a981116462591fbb1a922c39811')
 ('UMA Mainnet Voting', '0x2aaeb45afa62af1cc8f6d61decd5249429e0aaed67996238adc2bfd396b5f715')
 ('PoolTogether', '0x31edcacc9a53bc8ab4be2eeb0d873409da4c4228cb2d60e4243bd3b4e8af7500')
 ('Subgraph 4', '0x4810cc7741423cec7e44fc7ec7a479e521453cbf090e74b6186d3a2264588fe5')
 ('PoolTogether v3_1_0', '0x4a008334f8e7ea21be223d15462084f51abcc0e6625f61de806b8456e67e603e')
 ('Subgraph 7', '0x5b83184ead3290c43e0a5524f086595e3ced90af300fbdfcfc07c7b884ebec54')
 ('DODOEX V2', '0x5e48ee6773576d45a38934cb19780b5c8c75f8c36e653e234ba5b803746d8f78')
 ('PoolTogether', '0x666d78959706d7e1ed20befeb1d2c9a4e512a22931d8e22928b1f63ce48fcb40')
 ('mStable Protocol', '0xa7d9d3a173d3d62ce3d05c2d29f3447b04edc248cbcfdb49b205e14247374947')
 ('PoolTogether', '0xbbde25a2c85f55b53b7698b9476610c3d1202d88870e66502ab0076b7218f98a')
 ('Subgraph 13', '0xc064c354bc21dd958b1d41b67b8ef161b75d2246b425f68ed4c74964ae705cbd')
 ('Dinosaur', '0xc9d18c59e4aaf2c1f86dfef16fbdc0f81eae8ada58d87a23d2666c45704b8823')] , 
 Reward (Daily): [0.00000000e+00 2.77762955e-01 2.83886631e-01 0.00000000e+00
 2.72493980e-01 0.00000000e+00 6.22928239e+01 1.22929178e+03
 2.67881029e-01 2.83745284e-01 0.00000000e+00 0.00000000e+00] 
 Reward (Weekly): [0.00000000e+00 1.94434102e+00 1.98720676e+00 0.00000000e+00
 1.90745819e+00 0.00000000e+00 4.36049842e+02 8.60504391e+03
 1.87516753e+00 1.98621733e+00 0.00000000e+00 0.00000000e+00] 
 Reward (Yearly): [0.00000000e+00 1.01383586e+02 1.03618730e+02 0.00000000e+00
 9.94604077e+01 0.00000000e+00 2.27369047e+04 4.48691972e+05
 9.77766789e+01 1.03567138e+02 0.00000000e+00 0.00000000e+00] 


 Total Indexing Rewards (Daily/Weekly/Yearly):                 

 Daily: 1292.9703705341078 
Weekly: 9050.794146239048 
Yearly: 471934.6835975431 



Optimize Allocations:
==============================

Optimize Allocations for Interval: indexingRewardDay and Percentage per Allocation: 0.2
  ('Opyn Gamma Mainnet', '0x014e8a3184d5fad198123419a7b54d5f7c9f8a981116462591fbb1a922c39811'): 1000.0 allocations
  ('UMA Mainnet Voting', '0x2aaeb45afa62af1cc8f6d61decd5249429e0aaed67996238adc2bfd396b5f715'): 1000.0 allocations
  ('PoolTogether', '0x31edcacc9a53bc8ab4be2eeb0d873409da4c4228cb2d60e4243bd3b4e8af7500'): 477927.629038488 allocations
  ('Subgraph 4', '0x4810cc7741423cec7e44fc7ec7a479e521453cbf090e74b6186d3a2264588fe5'): 477927.629038488 allocations
  ('PoolTogether v3_1_0', '0x4a008334f8e7ea21be223d15462084f51abcc0e6625f61de806b8456e67e603e'): 1000.0 allocations
  ('Subgraph 7', '0x5b83184ead3290c43e0a5524f086595e3ced90af300fbdfcfc07c7b884ebec54'): 477927.629038488 allocations
  ('DODOEX V2', '0x5e48ee6773576d45a38934cb19780b5c8c75f8c36e653e234ba5b803746d8f78'): 458927.629038488 allocations
  ('PoolTogether', '0x666d78959706d7e1ed20befeb1d2c9a4e512a22931d8e22928b1f63ce48fcb40'): 13000.0 allocations
  ('mStable Protocol', '0xa7d9d3a173d3d62ce3d05c2d29f3447b04edc248cbcfdb49b205e14247374947'): 1000.0 allocations
  ('PoolTogether', '0xbbde25a2c85f55b53b7698b9476610c3d1202d88870e66502ab0076b7218f98a'): 477927.629038488 allocations
  ('Subgraph 13', '0xc064c354bc21dd958b1d41b67b8ef161b75d2246b425f68ed4c74964ae705cbd'): 1000.0 allocations
  ('Dinosaur', '0xc9d18c59e4aaf2c1f86dfef16fbdc0f81eae8ada58d87a23d2666c45704b8823'): 1000.0 allocations
  Allocations Total = 2389638.14519244 GRT
  Reward = GRT 2446.072879455518

Optimize Allocations for Interval: indexingRewardWeek and Percentage per Allocation: 0.2
  ('Opyn Gamma Mainnet', '0x014e8a3184d5fad198123419a7b54d5f7c9f8a981116462591fbb1a922c39811'): 1000.0 allocations
  ('UMA Mainnet Voting', '0x2aaeb45afa62af1cc8f6d61decd5249429e0aaed67996238adc2bfd396b5f715'): 1000.0 allocations
  ('PoolTogether', '0x31edcacc9a53bc8ab4be2eeb0d873409da4c4228cb2d60e4243bd3b4e8af7500'): 477927.629038488 allocations
  ('Subgraph 4', '0x4810cc7741423cec7e44fc7ec7a479e521453cbf090e74b6186d3a2264588fe5'): 477927.629038488 allocations
  ('PoolTogether v3_1_0', '0x4a008334f8e7ea21be223d15462084f51abcc0e6625f61de806b8456e67e603e'): 1000.0 allocations
  ('Subgraph 7', '0x5b83184ead3290c43e0a5524f086595e3ced90af300fbdfcfc07c7b884ebec54'): 477927.629038488 allocations
  ('DODOEX V2', '0x5e48ee6773576d45a38934cb19780b5c8c75f8c36e653e234ba5b803746d8f78'): 458927.629038488 allocations
  ('PoolTogether', '0x666d78959706d7e1ed20befeb1d2c9a4e512a22931d8e22928b1f63ce48fcb40'): 13000.0 allocations
  ('mStable Protocol', '0xa7d9d3a173d3d62ce3d05c2d29f3447b04edc248cbcfdb49b205e14247374947'): 1000.0 allocations
  ('PoolTogether', '0xbbde25a2c85f55b53b7698b9476610c3d1202d88870e66502ab0076b7218f98a'): 477927.629038488 allocations
  ('Subgraph 13', '0xc064c354bc21dd958b1d41b67b8ef161b75d2246b425f68ed4c74964ae705cbd'): 1000.0 allocations
  ('Dinosaur', '0xc9d18c59e4aaf2c1f86dfef16fbdc0f81eae8ada58d87a23d2666c45704b8823'): 1000.0 allocations
  Allocations Total = 2389638.14519244 GRT
  Reward = GRT 17122.496082904174

Optimize Allocations for Interval: indexingRewardYear and Percentage per Allocation: 0.2
  ('Opyn Gamma Mainnet', '0x014e8a3184d5fad198123419a7b54d5f7c9f8a981116462591fbb1a922c39811'): 1000.0 allocations
  ('UMA Mainnet Voting', '0x2aaeb45afa62af1cc8f6d61decd5249429e0aaed67996238adc2bfd396b5f715'): 1000.0 allocations
  ('PoolTogether', '0x31edcacc9a53bc8ab4be2eeb0d873409da4c4228cb2d60e4243bd3b4e8af7500'): 477927.629038488 allocations
  ('Subgraph 4', '0x4810cc7741423cec7e44fc7ec7a479e521453cbf090e74b6186d3a2264588fe5'): 477927.629038488 allocations
  ('PoolTogether v3_1_0', '0x4a008334f8e7ea21be223d15462084f51abcc0e6625f61de806b8456e67e603e'): 1000.0 allocations
  ('Subgraph 7', '0x5b83184ead3290c43e0a5524f086595e3ced90af300fbdfcfc07c7b884ebec54'): 477927.629038488 allocations
  ('DODOEX V2', '0x5e48ee6773576d45a38934cb19780b5c8c75f8c36e653e234ba5b803746d8f78'): 458927.629038488 allocations
  ('PoolTogether', '0x666d78959706d7e1ed20befeb1d2c9a4e512a22931d8e22928b1f63ce48fcb40'): 13000.0 allocations
  ('mStable Protocol', '0xa7d9d3a173d3d62ce3d05c2d29f3447b04edc248cbcfdb49b205e14247374947'): 1000.0 allocations
  ('PoolTogether', '0xbbde25a2c85f55b53b7698b9476610c3d1202d88870e66502ab0076b7218f98a'): 477927.629038488 allocations
  ('Subgraph 13', '0xc064c354bc21dd958b1d41b67b8ef161b75d2246b425f68ed4c74964ae705cbd'): 1000.0 allocations
  ('Dinosaur', '0xc9d18c59e4aaf2c1f86dfef16fbdc0f81eae8ada58d87a23d2666c45704b8823'): 1000.0 allocations
  Allocations Total = 2389638.14519244 GRT
  Reward = GRT 892816.6010012641

THRESHOLD of 10.0 Percent REACHED. Increase in Weekly Rewards of 88.85 Percent (4972.7 in USD) after subtracting Transaction Costs. Transaction Costs 18.57 USD. Allocation script CREATED IN ./script.txt created
